[ 2017-08-25T09:58:13+08:00 ] 127.0.0.1 /think/Application/Home/View/Public/resources/index.php?admin=admin&m=login&a=sendemail
INFO: [ app_init ] --START--
INFO: Run Behavior\BuildLiteBehavior [ RunTime:0.000000s ]
INFO: [ app_init ] --END-- [ RunTime:0.000000s ]
ERR: 无法加载模块:Application

[ 2017-08-25T09:59:09+08:00 ] 127.0.0.1 /think/Application/Home/View/Public/resources/index.php?admin=admin&m=login&a=sendemail
INFO: [ app_init ] --START--
INFO: Run Behavior\BuildLiteBehavior [ RunTime:0.000000s ]
INFO: [ app_init ] --END-- [ RunTime:0.001000s ]
ERR: 无法加载模块:Application

[ 2017-08-25T09:59:15+08:00 ] 127.0.0.1 /think/Application/Home/View/Public/resources/index.php?admin=admin&m=login&a=sendemail
INFO: [ app_init ] --START--
INFO: Run Behavior\BuildLiteBehavior [ RunTime:0.000000s ]
INFO: [ app_init ] --END-- [ RunTime:0.001000s ]
ERR: 无法加载模块:Application

[ 2017-08-25T11:03:06+08:00 ] 127.0.0.1 /think/Application/Admin/View/Public/resources/scripts/jquery-1.11.3.min.js
INFO: [ app_init ] --START--
INFO: Run Behavior\BuildLiteBehavior [ RunTime:0.000000s ]
INFO: [ app_init ] --END-- [ RunTime:0.000000s ]
ERR: 无法加载模块:Application

[ 2017-08-25T11:03:06+08:00 ] 127.0.0.1 /think/Application/Admin/View/Public/resources/scripts/jquery-1.11.3.min.js
INFO: [ app_init ] --START--
INFO: Run Behavior\BuildLiteBehavior [ RunTime:0.000000s ]
INFO: [ app_init ] --END-- [ RunTime:0.000000s ]
ERR: 无法加载模块:Application

[ 2017-08-25T11:03:06+08:00 ] 127.0.0.1 /think/Application/Admin/View/Public/resources/images/closelabel.gif
INFO: [ app_init ] --START--
INFO: Run Behavior\BuildLiteBehavior [ RunTime:0.000000s ]
INFO: [ app_init ] --END-- [ RunTime:0.000000s ]
ERR: 无法加载模块:Application

[ 2017-08-25T11:03:07+08:00 ] 127.0.0.1 /think/Application/Admin/View/Public/resources/images/loading.gif
INFO: [ app_init ] --START--
INFO: Run Behavior\BuildLiteBehavior [ RunTime:0.000000s ]
INFO: [ app_init ] --END-- [ RunTime:0.001000s ]
ERR: 无法加载模块:Application

[ 2017-08-25T11:04:07+08:00 ] 127.0.0.1 /think/Application/Admin/View/Public/resources/scripts/jquery-1.11.3.min.js
INFO: [ app_init ] --START--
INFO: Run Behavior\BuildLiteBehavior [ RunTime:0.000000s ]
INFO: [ app_init ] --END-- [ RunTime:0.001000s ]
ERR: 无法加载模块:Application

[ 2017-08-25T11:04:07+08:00 ] 127.0.0.1 /think/Application/Admin/View/Public/resources/scripts/jquery-1.11.3.min.js
INFO: [ app_init ] --START--
INFO: Run Behavior\BuildLiteBehavior [ RunTime:0.000000s ]
INFO: [ app_init ] --END-- [ RunTime:0.001000s ]
ERR: 无法加载模块:Application

[ 2017-08-25T11:04:07+08:00 ] 127.0.0.1 /think/Application/Admin/View/Public/resources/images/loading.gif
INFO: [ app_init ] --START--
INFO: Run Behavior\BuildLiteBehavior [ RunTime:0.000000s ]
INFO: [ app_init ] --END-- [ RunTime:0.014001s ]
ERR: 无法加载模块:Application

[ 2017-08-25T11:04:07+08:00 ] 127.0.0.1 /think/Application/Admin/View/Public/resources/images/closelabel.gif
INFO: [ app_init ] --START--
INFO: Run Behavior\BuildLiteBehavior [ RunTime:0.000000s ]
INFO: [ app_init ] --END-- [ RunTime:0.001000s ]
ERR: 无法加载模块:Application

[ 2017-08-25T11:08:44+08:00 ] 127.0.0.1 /think/Application/Admin/View/Public/resources/scripts/jquery-1.11.3.min.js
INFO: [ app_init ] --START--
INFO: Run Behavior\BuildLiteBehavior [ RunTime:0.000000s ]
INFO: [ app_init ] --END-- [ RunTime:0.000000s ]
ERR: 无法加载模块:Application

[ 2017-08-25T11:08:44+08:00 ] 127.0.0.1 /think/Application/Admin/View/Public/resources/scripts/jquery-1.11.3.min.js
INFO: [ app_init ] --START--
INFO: Run Behavior\BuildLiteBehavior [ RunTime:0.000000s ]
INFO: [ app_init ] --END-- [ RunTime:0.001000s ]
ERR: 无法加载模块:Application

[ 2017-08-25T11:08:44+08:00 ] 127.0.0.1 /think/Application/Admin/View/Public/resources/images/closelabel.gif
INFO: [ app_init ] --START--
INFO: Run Behavior\BuildLiteBehavior [ RunTime:0.000000s ]
INFO: [ app_init ] --END-- [ RunTime:0.000000s ]
ERR: 无法加载模块:Application

[ 2017-08-25T11:08:44+08:00 ] 127.0.0.1 /think/Application/Admin/View/Public/resources/images/loading.gif
INFO: [ app_init ] --START--
INFO: Run Behavior\BuildLiteBehavior [ RunTime:0.000000s ]
INFO: [ app_init ] --END-- [ RunTime:0.000000s ]
ERR: 无法加载模块:Application

[ 2017-08-25T11:08:52+08:00 ] 127.0.0.1 /think/Application/Admin/View/Public/resources/scripts/jquery-1.11.3.min.js
INFO: [ app_init ] --START--
INFO: Run Behavior\BuildLiteBehavior [ RunTime:0.000000s ]
INFO: [ app_init ] --END-- [ RunTime:0.001000s ]
ERR: 无法加载模块:Application

[ 2017-08-25T11:08:52+08:00 ] 127.0.0.1 /think/Application/Admin/View/Public/resources/scripts/jquery-1.11.3.min.js
INFO: [ app_init ] --START--
INFO: Run Behavior\BuildLiteBehavior [ RunTime:0.000000s ]
INFO: [ app_init ] --END-- [ RunTime:0.000000s ]
ERR: 无法加载模块:Application

[ 2017-08-25T11:08:55+08:00 ] 127.0.0.1 /think/Application/Admin/View/Public/index.php?admin=admin&m=login&a=sendemail
INFO: [ app_init ] --START--
INFO: Run Behavior\BuildLiteBehavior [ RunTime:0.000000s ]
INFO: [ app_init ] --END-- [ RunTime:0.000000s ]
ERR: 无法加载模块:Application

[ 2017-08-25T11:08:59+08:00 ] 127.0.0.1 /think/Application/Admin/View/Public/resources/scripts/jquery-1.11.3.min.js
INFO: [ app_init ] --START--
INFO: Run Behavior\BuildLiteBehavior [ RunTime:0.003000s ]
INFO: [ app_init ] --END-- [ RunTime:0.003000s ]
ERR: 无法加载模块:Application

[ 2017-08-25T11:08:59+08:00 ] 127.0.0.1 /think/Application/Admin/View/Public/resources/scripts/jquery-1.11.3.min.js
INFO: [ app_init ] --START--
INFO: Run Behavior\BuildLiteBehavior [ RunTime:0.000000s ]
INFO: [ app_init ] --END-- [ RunTime:0.000000s ]
ERR: 无法加载模块:Application

[ 2017-08-25T11:09:00+08:00 ] 127.0.0.1 /think/Application/Admin/View/Public/resources/images/closelabel.gif
INFO: [ app_init ] --START--
INFO: Run Behavior\BuildLiteBehavior [ RunTime:0.000000s ]
INFO: [ app_init ] --END-- [ RunTime:0.001000s ]
ERR: 无法加载模块:Application

[ 2017-08-25T11:09:00+08:00 ] 127.0.0.1 /think/Application/Admin/View/Public/resources/images/loading.gif
INFO: [ app_init ] --START--
INFO: Run Behavior\BuildLiteBehavior [ RunTime:0.000000s ]
INFO: [ app_init ] --END-- [ RunTime:0.001000s ]
ERR: 无法加载模块:Application

[ 2017-08-25T11:09:02+08:00 ] 127.0.0.1 /think/Application/Admin/View/Public/index.php?admin=admin&m=login&a=sendemail
INFO: [ app_init ] --START--
INFO: Run Behavior\BuildLiteBehavior [ RunTime:0.000000s ]
INFO: [ app_init ] --END-- [ RunTime:0.000000s ]
ERR: 无法加载模块:Application

[ 2017-08-25T11:09:03+08:00 ] 127.0.0.1 /think/Application/Admin/View/Public/index.php?admin=admin&m=login&a=sendemail
INFO: [ app_init ] --START--
INFO: Run Behavior\BuildLiteBehavior [ RunTime:0.000000s ]
INFO: [ app_init ] --END-- [ RunTime:0.001000s ]
ERR: 无法加载模块:Application

[ 2017-08-25T11:09:03+08:00 ] 127.0.0.1 /think/Application/Admin/View/Public/index.php?admin=admin&m=login&a=sendemail
INFO: [ app_init ] --START--
INFO: Run Behavior\BuildLiteBehavior [ RunTime:0.000000s ]
INFO: [ app_init ] --END-- [ RunTime:0.000000s ]
ERR: 无法加载模块:Application

[ 2017-08-25T11:09:03+08:00 ] 127.0.0.1 /think/Application/Admin/View/Public/index.php?admin=admin&m=login&a=sendemail
INFO: [ app_init ] --START--
INFO: Run Behavior\BuildLiteBehavior [ RunTime:0.000000s ]
INFO: [ app_init ] --END-- [ RunTime:0.001000s ]
ERR: 无法加载模块:Application

[ 2017-08-25T11:09:04+08:00 ] 127.0.0.1 /think/Application/Admin/View/Public/index.php?admin=admin&m=login&a=sendemail
INFO: [ app_init ] --START--
INFO: Run Behavior\BuildLiteBehavior [ RunTime:0.000000s ]
INFO: [ app_init ] --END-- [ RunTime:0.000000s ]
ERR: 无法加载模块:Application

[ 2017-08-25T11:09:04+08:00 ] 127.0.0.1 /think/Application/Admin/View/Public/index.php?admin=admin&m=login&a=sendemail
INFO: [ app_init ] --START--
INFO: Run Behavior\BuildLiteBehavior [ RunTime:0.000000s ]
INFO: [ app_init ] --END-- [ RunTime:0.001000s ]
ERR: 无法加载模块:Application

[ 2017-08-25T11:09:04+08:00 ] 127.0.0.1 /think/Application/Admin/View/Public/index.php?admin=admin&m=login&a=sendemail
INFO: [ app_init ] --START--
INFO: Run Behavior\BuildLiteBehavior [ RunTime:0.000000s ]
INFO: [ app_init ] --END-- [ RunTime:0.000000s ]
ERR: 无法加载模块:Application

[ 2017-08-25T11:09:04+08:00 ] 127.0.0.1 /think/Application/Admin/View/Public/index.php?admin=admin&m=login&a=sendemail
INFO: [ app_init ] --START--
INFO: Run Behavior\BuildLiteBehavior [ RunTime:0.000000s ]
INFO: [ app_init ] --END-- [ RunTime:0.001000s ]
ERR: 无法加载模块:Application

[ 2017-08-25T11:09:05+08:00 ] 127.0.0.1 /think/Application/Admin/View/Public/index.php?admin=admin&m=login&a=sendemail
INFO: [ app_init ] --START--
INFO: Run Behavior\BuildLiteBehavior [ RunTime:0.000000s ]
INFO: [ app_init ] --END-- [ RunTime:0.001000s ]
ERR: 无法加载模块:Application

[ 2017-08-25T11:09:05+08:00 ] 127.0.0.1 /think/Application/Admin/View/Public/index.php?admin=admin&m=login&a=sendemail
INFO: [ app_init ] --START--
INFO: Run Behavior\BuildLiteBehavior [ RunTime:0.000000s ]
INFO: [ app_init ] --END-- [ RunTime:0.000000s ]
ERR: 无法加载模块:Application

[ 2017-08-25T11:09:05+08:00 ] 127.0.0.1 /think/Application/Admin/View/Public/index.php?admin=admin&m=login&a=sendemail
INFO: [ app_init ] --START--
INFO: Run Behavior\BuildLiteBehavior [ RunTime:0.000000s ]
INFO: [ app_init ] --END-- [ RunTime:0.001000s ]
ERR: 无法加载模块:Application

[ 2017-08-25T11:09:06+08:00 ] 127.0.0.1 /think/Application/Admin/View/Public/index.php?admin=admin&m=login&a=sendemail
INFO: [ app_init ] --START--
INFO: Run Behavior\BuildLiteBehavior [ RunTime:0.000000s ]
INFO: [ app_init ] --END-- [ RunTime:0.000000s ]
ERR: 无法加载模块:Application

[ 2017-08-25T11:09:11+08:00 ] 127.0.0.1 /think/Application/Admin/View/Public/resources/scripts/jquery-1.11.3.min.js
INFO: [ app_init ] --START--
INFO: Run Behavior\BuildLiteBehavior [ RunTime:0.000000s ]
INFO: [ app_init ] --END-- [ RunTime:0.000000s ]
ERR: 无法加载模块:Application

[ 2017-08-25T11:09:11+08:00 ] 127.0.0.1 /think/Application/Admin/View/Public/resources/scripts/jquery-1.11.3.min.js
INFO: [ app_init ] --START--
INFO: Run Behavior\BuildLiteBehavior [ RunTime:0.000000s ]
INFO: [ app_init ] --END-- [ RunTime:0.000000s ]
ERR: 无法加载模块:Application

[ 2017-08-25T11:09:52+08:00 ] 127.0.0.1 /think/Application/Admin/View/Public/resources/images/closelabel.gif
INFO: [ app_init ] --START--
INFO: Run Behavior\BuildLiteBehavior [ RunTime:0.000000s ]
INFO: [ app_init ] --END-- [ RunTime:0.001000s ]
ERR: 无法加载模块:Application

[ 2017-08-25T11:09:52+08:00 ] 127.0.0.1 /think/Application/Admin/View/Public/resources/images/loading.gif
INFO: [ app_init ] --START--
INFO: Run Behavior\BuildLiteBehavior [ RunTime:0.000000s ]
INFO: [ app_init ] --END-- [ RunTime:0.000000s ]
ERR: 无法加载模块:Application

[ 2017-08-25T11:11:17+08:00 ] 127.0.0.1 /think/Application/Admin/View/Public/resources/scripts/jquery-1.11.3.min.js
INFO: [ app_init ] --START--
INFO: Run Behavior\BuildLiteBehavior [ RunTime:0.000000s ]
INFO: [ app_init ] --END-- [ RunTime:0.000000s ]
ERR: 无法加载模块:Application

[ 2017-08-25T11:11:17+08:00 ] 127.0.0.1 /think/Application/Admin/View/Public/resources/scripts/jquery-1.11.3.min.js
INFO: [ app_init ] --START--
INFO: Run Behavior\BuildLiteBehavior [ RunTime:0.001000s ]
INFO: [ app_init ] --END-- [ RunTime:0.001000s ]
ERR: 无法加载模块:Application

[ 2017-08-25T11:11:18+08:00 ] 127.0.0.1 /think/Application/Admin/View/Public/resources/images/closelabel.gif
INFO: [ app_init ] --START--
INFO: Run Behavior\BuildLiteBehavior [ RunTime:0.000000s ]
INFO: [ app_init ] --END-- [ RunTime:0.000000s ]
ERR: 无法加载模块:Application

[ 2017-08-25T11:11:18+08:00 ] 127.0.0.1 /think/Application/Admin/View/Public/resources/images/loading.gif
INFO: [ app_init ] --START--
INFO: Run Behavior\BuildLiteBehavior [ RunTime:0.000000s ]
INFO: [ app_init ] --END-- [ RunTime:0.001000s ]
ERR: 无法加载模块:Application

[ 2017-08-25T11:11:22+08:00 ] 127.0.0.1 /think/Application/Admin/View/Public/resources/scripts/jquery-1.11.3.min.js
INFO: [ app_init ] --START--
INFO: Run Behavior\BuildLiteBehavior [ RunTime:0.000000s ]
INFO: [ app_init ] --END-- [ RunTime:0.000000s ]
ERR: 无法加载模块:Application

[ 2017-08-25T11:11:22+08:00 ] 127.0.0.1 /think/Application/Admin/View/Public/resources/scripts/jquery-1.11.3.min.js
INFO: [ app_init ] --START--
INFO: Run Behavior\BuildLiteBehavior [ RunTime:0.000000s ]
INFO: [ app_init ] --END-- [ RunTime:0.000000s ]
ERR: 无法加载模块:Application

[ 2017-08-25T11:11:23+08:00 ] 127.0.0.1 /think/Application/Admin/View/Public/resources/images/loading.gif
INFO: [ app_init ] --START--
INFO: Run Behavior\BuildLiteBehavior [ RunTime:0.000000s ]
INFO: [ app_init ] --END-- [ RunTime:0.001000s ]
ERR: 无法加载模块:Application

[ 2017-08-25T11:11:23+08:00 ] 127.0.0.1 /think/Application/Admin/View/Public/resources/images/closelabel.gif
INFO: [ app_init ] --START--
INFO: Run Behavior\BuildLiteBehavior [ RunTime:0.000000s ]
INFO: [ app_init ] --END-- [ RunTime:0.001000s ]
ERR: 无法加载模块:Application

[ 2017-08-25T11:14:52+08:00 ] 127.0.0.1 /think/Application/Admin/View/Public/js/jQuery.1.8.2.min.js
INFO: [ app_init ] --START--
INFO: Run Behavior\BuildLiteBehavior [ RunTime:0.000000s ]
INFO: [ app_init ] --END-- [ RunTime:0.001001s ]
ERR: 无法加载模块:Application

[ 2017-08-25T11:14:52+08:00 ] 127.0.0.1 /think/Application/Admin/View/Public/js/jQuery.1.8.2.min.js
INFO: [ app_init ] --START--
INFO: Run Behavior\BuildLiteBehavior [ RunTime:0.000000s ]
INFO: [ app_init ] --END-- [ RunTime:0.001000s ]
ERR: 无法加载模块:Application

[ 2017-08-25T11:14:53+08:00 ] 127.0.0.1 /think/Application/Admin/View/Public/resources/images/closelabel.gif
INFO: [ app_init ] --START--
INFO: Run Behavior\BuildLiteBehavior [ RunTime:0.000000s ]
INFO: [ app_init ] --END-- [ RunTime:0.000000s ]
ERR: 无法加载模块:Application

[ 2017-08-25T11:14:53+08:00 ] 127.0.0.1 /think/Application/Admin/View/Public/resources/images/loading.gif
INFO: [ app_init ] --START--
INFO: Run Behavior\BuildLiteBehavior [ RunTime:0.000000s ]
INFO: [ app_init ] --END-- [ RunTime:0.000000s ]
ERR: 无法加载模块:Application

[ 2017-08-25T11:21:09+08:00 ] 127.0.0.1 /think/Application/Admin/View/Public/resources/scripts/jquery-1.11.3.min.js
INFO: [ app_init ] --START--
INFO: Run Behavior\BuildLiteBehavior [ RunTime:0.000000s ]
INFO: [ app_init ] --END-- [ RunTime:0.001001s ]
ERR: 无法加载模块:Application

[ 2017-08-25T11:21:09+08:00 ] 127.0.0.1 /think/Application/Admin/View/Public/resources/scripts/jquery-1.11.3.min.js
INFO: [ app_init ] --START--
INFO: Run Behavior\BuildLiteBehavior [ RunTime:0.000000s ]
INFO: [ app_init ] --END-- [ RunTime:0.001000s ]
ERR: 无法加载模块:Application

[ 2017-08-25T11:21:09+08:00 ] 127.0.0.1 /think/Application/Admin/View/Public/resources/images/loading.gif
INFO: [ app_init ] --START--
INFO: Run Behavior\BuildLiteBehavior [ RunTime:0.000000s ]
INFO: [ app_init ] --END-- [ RunTime:0.001000s ]
ERR: 无法加载模块:Application



[ 2017-08-25T11:21:23+08:00 ] 127.0.0.1 /think/Application/Admin/View/Public/resources/scripts/jquery-1.11.3.min.js
INFO: [ app_init ] --START--
INFO: Run Behavior\BuildLiteBehavior [ RunTime:0.000000s ]
INFO: [ app_init ] --END-- [ RunTime:0.001000s ]
ERR: 无法加载模块:Application

[ 2017-08-25T11:21:23+08:00 ] 127.0.0.1 /think/Application/Admin/View/Public/resources/scripts/jquery-1.11.3.min.js
INFO: [ app_init ] --START--
INFO: Run Behavior\BuildLiteBehavior [ RunTime:0.000000s ]
INFO: [ app_init ] --END-- [ RunTime:0.000000s ]
ERR: 无法加载模块:Application

[ 2017-08-25T11:21:23+08:00 ] 127.0.0.1 /think/Application/Admin/View/Public/resources/images/closelabel.gif
INFO: [ app_init ] --START--
INFO: Run Behavior\BuildLiteBehavior [ RunTime:0.000000s ]
INFO: [ app_init ] --END-- [ RunTime:0.000000s ]
ERR: 无法加载模块:Application

[ 2017-08-25T11:21:23+08:00 ] 127.0.0.1 /think/Application/Admin/View/Public/resources/images/loading.gif
INFO: [ app_init ] --START--
INFO: Run Behavior\BuildLiteBehavior [ RunTime:0.000000s ]
INFO: [ app_init ] --END-- [ RunTime:0.001000s ]
ERR: 无法加载模块:Application

[ 2017-08-25T11:23:16+08:00 ] 127.0.0.1 /think/Application/Admin/View/Public/resources/scripts/jquery-1.11.3.min.js
INFO: [ app_init ] --START--
INFO: Run Behavior\BuildLiteBehavior [ RunTime:0.000000s ]
INFO: [ app_init ] --END-- [ RunTime:0.001000s ]
ERR: 无法加载模块:Application

[ 2017-08-25T11:23:16+08:00 ] 127.0.0.1 /think/Application/Admin/View/Public/resources/scripts/jquery-1.11.3.min.js
INFO: [ app_init ] --START--
INFO: Run Behavior\BuildLiteBehavior [ RunTime:0.000000s ]
INFO: [ app_init ] --END-- [ RunTime:0.001000s ]
ERR: 无法加载模块:Application

[ 2017-08-25T11:23:16+08:00 ] 127.0.0.1 /think/Application/Admin/View/Public/resources/images/closelabel.gif
INFO: [ app_init ] --START--
INFO: Run Behavior\BuildLiteBehavior [ RunTime:0.000000s ]
INFO: [ app_init ] --END-- [ RunTime:0.000000s ]
ERR: 无法加载模块:Application

[ 2017-08-25T11:23:16+08:00 ] 127.0.0.1 /think/Application/Admin/View/Public/resources/images/loading.gif
INFO: [ app_init ] --START--
INFO: Run Behavior\BuildLiteBehavior [ RunTime:0.000000s ]
INFO: [ app_init ] --END-- [ RunTime:0.001000s ]
ERR: 无法加载模块:Application

[ 2017-08-25T11:23:23+08:00 ] 127.0.0.1 /think/Application/Admin/View/Public/resources/scripts/jquery-1.11.3.min.js
INFO: [ app_init ] --START--
INFO: Run Behavior\BuildLiteBehavior [ RunTime:0.000000s ]
INFO: [ app_init ] --END-- [ RunTime:0.000000s ]
ERR: 无法加载模块:Application

[ 2017-08-25T11:23:24+08:00 ] 127.0.0.1 /think/Application/Admin/View/Public/resources/scripts/jquery-1.11.3.min.js
INFO: [ app_init ] --START--
INFO: Run Behavior\BuildLiteBehavior [ RunTime:0.000000s ]
INFO: [ app_init ] --END-- [ RunTime:0.001000s ]
ERR: 无法加载模块:Application

[ 2017-08-25T11:23:24+08:00 ] 127.0.0.1 /think/Application/Admin/View/Public/resources/images/closelabel.gif
INFO: [ app_init ] --START--
INFO: Run Behavior\BuildLiteBehavior [ RunTime:0.000000s ]
INFO: [ app_init ] --END-- [ RunTime:0.000000s ]
ERR: 无法加载模块:Application

[ 2017-08-25T11:23:24+08:00 ] 127.0.0.1 /think/Application/Admin/View/Public/resources/images/loading.gif
INFO: [ app_init ] --START--
INFO: Run Behavior\BuildLiteBehavior [ RunTime:0.000000s ]
INFO: [ app_init ] --END-- [ RunTime:0.001000s ]
ERR: 无法加载模块:Application

[ 2017-08-25T11:41:32+08:00 ] 127.0.0.1 /think/Application/Admin/View/Public/resources/images/loading.gif
INFO: [ app_init ] --START--
INFO: Run Behavior\BuildLiteBehavior [ RunTime:0.000000s ]
INFO: [ app_init ] --END-- [ RunTime:0.001000s ]
ERR: 无法加载模块:Application

[ 2017-08-25T11:41:32+08:00 ] 127.0.0.1 /think/Application/Admin/View/Public/resources/images/closelabel.gif
INFO: [ app_init ] --START--
INFO: Run Behavior\BuildLiteBehavior [ RunTime:0.000000s ]
INFO: [ app_init ] --END-- [ RunTime:0.000000s ]
ERR: 无法加载模块:Application

[ 2017-08-25T11:50:01+08:00 ] 127.0.0.1 /think/Application/Admin/View/Public/resources/images/closelabel.gif
INFO: [ app_init ] --START--
INFO: Run Behavior\BuildLiteBehavior [ RunTime:0.001001s ]
INFO: [ app_init ] --END-- [ RunTime:0.001001s ]
ERR: 无法加载模块:Application

[ 2017-08-25T11:50:01+08:00 ] 127.0.0.1 /think/Application/Admin/View/Public/resources/images/loading.gif
INFO: [ app_init ] --START--
INFO: Run Behavior\BuildLiteBehavior [ RunTime:0.000000s ]
INFO: [ app_init ] --END-- [ RunTime:0.000000s ]
ERR: 无法加载模块:Application

[ 2017-08-25T11:52:05+08:00 ] 127.0.0.1 /think/Application/Admin/View/Public/resources/images/closelabel.gif
INFO: [ app_init ] --START--
INFO: Run Behavior\BuildLiteBehavior [ RunTime:0.000000s ]
INFO: [ app_init ] --END-- [ RunTime:0.001000s ]
ERR: 无法加载模块:Application

[ 2017-08-25T11:52:05+08:00 ] 127.0.0.1 /think/Application/Admin/View/Public/resources/images/loading.gif
INFO: [ app_init ] --START--
INFO: Run Behavior\BuildLiteBehavior [ RunTime:0.000000s ]
INFO: [ app_init ] --END-- [ RunTime:0.001001s ]
ERR: 无法加载模块:Application

[ 2017-08-25T11:53:57+08:00 ] 127.0.0.1 /think/Application/Admin/View/Public/resources/images/loading.gif
INFO: [ app_init ] --START--
INFO: Run Behavior\BuildLiteBehavior [ RunTime:0.000000s ]
INFO: [ app_init ] --END-- [ RunTime:0.000000s ]
ERR: 无法加载模块:Application

[ 2017-08-25T11:53:57+08:00 ] 127.0.0.1 /think/Application/Admin/View/Public/resources/images/closelabel.gif
INFO: [ app_init ] --START--
INFO: Run Behavior\BuildLiteBehavior [ RunTime:0.000000s ]
INFO: [ app_init ] --END-- [ RunTime:0.001000s ]
ERR: 无法加载模块:Application

[ 2017-08-25T11:54:43+08:00 ] 127.0.0.1 /think/Application/Admin/View/Public/resources/images/closelabel.gif
INFO: [ app_init ] --START--
INFO: Run Behavior\BuildLiteBehavior [ RunTime:0.000000s ]
INFO: [ app_init ] --END-- [ RunTime:0.000000s ]
ERR: 无法加载模块:Application

[ 2017-08-25T11:54:43+08:00 ] 127.0.0.1 /think/Application/Admin/View/Public/resources/images/loading.gif
INFO: [ app_init ] --START--
INFO: Run Behavior\BuildLiteBehavior [ RunTime:0.000000s ]
INFO: [ app_init ] --END-- [ RunTime:0.001000s ]
ERR: 无法加载模块:Application

[ 2017-08-25T11:55:07+08:00 ] 127.0.0.1 /think/Application/Admin/View/Public/resources/images/loading.gif
INFO: [ app_init ] --START--
INFO: Run Behavior\BuildLiteBehavior [ RunTime:0.000000s ]
INFO: [ app_init ] --END-- [ RunTime:0.001000s ]
ERR: 无法加载模块:Application

[ 2017-08-25T11:55:07+08:00 ] 127.0.0.1 /think/Application/Admin/View/Public/resources/images/closelabel.gif
INFO: [ app_init ] --START--
INFO: Run Behavior\BuildLiteBehavior [ RunTime:0.000000s ]
INFO: [ app_init ] --END-- [ RunTime:0.001001s ]
ERR: 无法加载模块:Application

[ 2017-08-25T13:39:31+08:00 ] 127.0.0.1 /think/Application/Admin/View/Public/resources/images/closelabel.gif
INFO: [ app_init ] --START--
INFO: Run Behavior\BuildLiteBehavior [ RunTime:0.000000s ]
INFO: [ app_init ] --END-- [ RunTime:0.000000s ]
ERR: 无法加载模块:Application

[ 2017-08-25T13:39:31+08:00 ] 127.0.0.1 /think/Application/Admin/View/Public/resources/images/loading.gif
INFO: [ app_init ] --START--
INFO: Run Behavior\BuildLiteBehavior [ RunTime:0.000000s ]
INFO: [ app_init ] --END-- [ RunTime:0.001000s ]
ERR: 无法加载模块:Application

[ 2017-08-25T13:39:53+08:00 ] 127.0.0.1 /think/Application/Admin/View/Public/resources/images/loading.gif
INFO: [ app_init ] --START--
INFO: Run Behavior\BuildLiteBehavior [ RunTime:0.000000s ]
INFO: [ app_init ] --END-- [ RunTime:0.000000s ]
ERR: 无法加载模块:Application

[ 2017-08-25T13:39:53+08:00 ] 127.0.0.1 /think/Application/Admin/View/Public/resources/images/closelabel.gif
INFO: [ app_init ] --START--
INFO: Run Behavior\BuildLiteBehavior [ RunTime:0.000000s ]
INFO: [ app_init ] --END-- [ RunTime:0.000000s ]
ERR: 无法加载模块:Application

[ 2017-08-25T13:40:18+08:00 ] 127.0.0.1 /think/Application/Admin/View/Public/resources/images/closelabel.gif
INFO: [ app_init ] --START--
INFO: Run Behavior\BuildLiteBehavior [ RunTime:0.000000s ]
INFO: [ app_init ] --END-- [ RunTime:0.001000s ]
ERR: 无法加载模块:Application

[ 2017-08-25T13:40:18+08:00 ] 127.0.0.1 /think/Application/Admin/View/Public/resources/images/loading.gif
INFO: [ app_init ] --START--
INFO: Run Behavior\BuildLiteBehavior [ RunTime:0.000000s ]
INFO: [ app_init ] --END-- [ RunTime:0.001000s ]
ERR: 无法加载模块:Application

[ 2017-08-25T13:40:32+08:00 ] 127.0.0.1 /think/Application/Admin/View/Public/resources/images/closelabel.gif
INFO: [ app_init ] --START--
INFO: Run Behavior\BuildLiteBehavior [ RunTime:0.000000s ]
INFO: [ app_init ] --END-- [ RunTime:0.002000s ]
ERR: 无法加载模块:Application

[ 2017-08-25T13:40:32+08:00 ] 127.0.0.1 /think/Application/Admin/View/Public/resources/images/loading.gif
INFO: [ app_init ] --START--
INFO: Run Behavior\BuildLiteBehavior [ RunTime:0.000000s ]
INFO: [ app_init ] --END-- [ RunTime:0.000000s ]
ERR: 无法加载模块:Application

[ 2017-08-25T13:45:18+08:00 ] 127.0.0.1 /think/Application/Admin/View/Public/resources/images/closelabel.gif
INFO: [ app_init ] --START--
INFO: Run Behavior\BuildLiteBehavior [ RunTime:0.000000s ]
INFO: [ app_init ] --END-- [ RunTime:0.002000s ]
ERR: 无法加载模块:Application

[ 2017-08-25T13:45:18+08:00 ] 127.0.0.1 /think/Application/Admin/View/Public/resources/images/loading.gif
INFO: [ app_init ] --START--
INFO: Run Behavior\BuildLiteBehavior [ RunTime:0.000000s ]
INFO: [ app_init ] --END-- [ RunTime:0.002000s ]
ERR: 无法加载模块:Application

[ 2017-08-25T13:45:26+08:00 ] 127.0.0.1 /think/Application/Admin/View/Public/resources/images/closelabel.gif
INFO: [ app_init ] --START--
INFO: Run Behavior\BuildLiteBehavior [ RunTime:0.000000s ]
INFO: [ app_init ] --END-- [ RunTime:0.004000s ]
ERR: 无法加载模块:Application

[ 2017-08-25T13:45:26+08:00 ] 127.0.0.1 /think/Application/Admin/View/Public/resources/images/loading.gif
INFO: [ app_init ] --START--
INFO: Run Behavior\BuildLiteBehavior [ RunTime:0.000000s ]
INFO: [ app_init ] --END-- [ RunTime:0.001000s ]
ERR: 无法加载模块:Application

[ 2017-08-25T13:51:39+08:00 ] 127.0.0.1 /think/Application/Admin/View/Public/resources/images/closelabel.gif
INFO: [ app_init ] --START--
INFO: Run Behavior\BuildLiteBehavior [ RunTime:0.000000s ]
INFO: [ app_init ] --END-- [ RunTime:0.001000s ]
ERR: 无法加载模块:Application

[ 2017-08-25T13:51:39+08:00 ] 127.0.0.1 /think/Application/Admin/View/Public/resources/images/loading.gif
INFO: [ app_init ] --START--
INFO: Run Behavior\BuildLiteBehavior [ RunTime:0.000000s ]
INFO: [ app_init ] --END-- [ RunTime:0.000000s ]
ERR: 无法加载模块:Application

[ 2017-08-25T13:51:49+08:00 ] 127.0.0.1 /think/Application/Admin/View/Public/resources/images/loading.gif
INFO: [ app_init ] --START--
INFO: Run Behavior\BuildLiteBehavior [ RunTime:0.000000s ]
INFO: [ app_init ] --END-- [ RunTime:0.000000s ]
ERR: 无法加载模块:Application

[ 2017-08-25T13:51:49+08:00 ] 127.0.0.1 /think/Application/Admin/View/Public/resources/images/closelabel.gif
INFO: [ app_init ] --START--
INFO: Run Behavior\BuildLiteBehavior [ RunTime:0.000000s ]
INFO: [ app_init ] --END-- [ RunTime:0.001000s ]
ERR: 无法加载模块:Application

[ 2017-08-25T14:29:24+08:00 ] 127.0.0.1 /think/Application/Admin/View/Public/resources/images/closelabel.gif
INFO: [ app_init ] --START--
INFO: Run Behavior\BuildLiteBehavior [ RunTime:0.000000s ]
INFO: [ app_init ] --END-- [ RunTime:0.000000s ]
ERR: 无法加载模块:Application

[ 2017-08-25T14:29:24+08:00 ] 127.0.0.1 /think/Application/Admin/View/Public/resources/images/loading.gif
INFO: [ app_init ] --START--
INFO: Run Behavior\BuildLiteBehavior [ RunTime:0.000000s ]
INFO: [ app_init ] --END-- [ RunTime:0.000000s ]
ERR: 无法加载模块:Application

[ 2017-08-25T14:30:51+08:00 ] 127.0.0.1 /think/Application/Admin/View/Public/resources/images/closelabel.gif
INFO: [ app_init ] --START--
INFO: Run Behavior\BuildLiteBehavior [ RunTime:0.000000s ]
INFO: [ app_init ] --END-- [ RunTime:0.000000s ]
ERR: 无法加载模块:Application

[ 2017-08-25T14:30:51+08:00 ] 127.0.0.1 /think/Application/Admin/View/Public/resources/images/loading.gif
INFO: [ app_init ] --START--
INFO: Run Behavior\BuildLiteBehavior [ RunTime:0.000000s ]
INFO: [ app_init ] --END-- [ RunTime:0.000000s ]
ERR: 无法加载模块:Application

[ 2017-08-25T14:39:11+08:00 ] 127.0.0.1 /think/Application/Admin/View/Public/resources/images/loading.gif
INFO: [ app_init ] --START--
INFO: Run Behavior\BuildLiteBehavior [ RunTime:0.000000s ]
INFO: [ app_init ] --END-- [ RunTime:0.001000s ]
ERR: 无法加载模块:Application

[ 2017-08-25T14:39:11+08:00 ] 127.0.0.1 /think/Application/Admin/View/Public/resources/images/closelabel.gif
INFO: [ app_init ] --START--
INFO: Run Behavior\BuildLiteBehavior [ RunTime:0.000000s ]
INFO: [ app_init ] --END-- [ RunTime:0.001000s ]
ERR: 无法加载模块:Application

[ 2017-08-25T14:46:41+08:00 ] 127.0.0.1 /think/Application/Admin/View/Public/resources/images/closelabel.gif
INFO: [ app_init ] --START--
INFO: Run Behavior\BuildLiteBehavior [ RunTime:0.000000s ]
INFO: [ app_init ] --END-- [ RunTime:0.001001s ]
ERR: 无法加载模块:Application

[ 2017-08-25T14:46:41+08:00 ] 127.0.0.1 /think/Application/Admin/View/Public/resources/images/loading.gif
INFO: [ app_init ] --START--
INFO: Run Behavior\BuildLiteBehavior [ RunTime:0.000000s ]
INFO: [ app_init ] --END-- [ RunTime:0.001000s ]
ERR: 无法加载模块:Application

[ 2017-08-25T15:08:02+08:00 ] 127.0.0.1 /think/Application/Admin/View/Public/resources/images/closelabel.gif
INFO: [ app_init ] --START--
INFO: Run Behavior\BuildLiteBehavior [ RunTime:0.000000s ]
INFO: [ app_init ] --END-- [ RunTime:0.001000s ]
ERR: 无法加载模块:Application

[ 2017-08-25T15:08:02+08:00 ] 127.0.0.1 /think/Application/Admin/View/Public/resources/images/loading.gif
INFO: [ app_init ] --START--
INFO: Run Behavior\BuildLiteBehavior [ RunTime:0.000000s ]
INFO: [ app_init ] --END-- [ RunTime:0.001000s ]
ERR: 无法加载模块:Application

