[ 2017-08-07T08:58:04+08:00 ] 127.0.0.1 /think/index.php/admin/News/index
INFO: [ app_init ] --START--
INFO: Run Behavior\BuildLiteBehavior [ RunTime:0.000000s ]
INFO: [ app_init ] --END-- [ RunTime:0.001000s ]
INFO: [ app_begin ] --START--
INFO: Run Behavior\ReadHtmlCacheBehavior [ RunTime:0.001001s ]
INFO: [ app_begin ] --END-- [ RunTime:0.001001s ]
SQL: SHOW COLUMNS FROM `meun` [ RunTime:0.0080s ]
SQL: SELECT * FROM `meun` WHERE `pid` = 0  [ RunTime:0.0010s ]
SQL: SELECT * FROM `meun` WHERE ( `pid`=1 )  [ RunTime:0.0010s ]
SQL: SELECT * FROM `meun` WHERE ( `pid`=6 )  [ RunTime:0.0000s ]
SQL: SELECT * FROM `meun` WHERE ( `pid`=11 )  [ RunTime:0.0010s ]
SQL: SELECT * FROM `meun` WHERE ( `pid`=16 )  [ RunTime:0.0000s ]
SQL: SELECT * FROM `meun` WHERE ( `pid`=21 )  [ RunTime:0.0000s ]
SQL: SELECT * FROM `meun` WHERE ( `pid`=26 )  [ RunTime:0.0010s ]
SQL: SELECT * FROM `meun` WHERE ( `pid`=30 )  [ RunTime:0.0000s ]
SQL: SELECT * FROM `meun` WHERE ( `pid`=34 )  [ RunTime:0.0010s ]
SQL: SELECT * FROM `meun` WHERE ( `pid`=37 )  [ RunTime:0.0000s ]
SQL: SELECT * FROM `meun` WHERE ( `pid`=40 )  [ RunTime:0.0010s ]
SQL: SHOW COLUMNS FROM `news` [ RunTime:0.0100s ]
SQL: SELECT COUNT(*) AS tp_count FROM `news` LIMIT 1   [ RunTime:0.0010s ]
SQL: SELECT news.*,category.name FROM `news` LEFT JOIN category ON news.category = category.id  ORDER BY time DESC LIMIT 0,8   [ RunTime:0.0020s ]
INFO: [ view_parse ] --START--
INFO: [ template_filter ] --START--
INFO: Run Behavior\ContentReplaceBehavior [ RunTime:0.000000s ]
INFO: [ template_filter ] --END-- [ RunTime:0.000000s ]
INFO: Run Behavior\ParseTemplateBehavior [ RunTime:0.025002s ]
INFO: [ view_parse ] --END-- [ RunTime:0.025002s ]
INFO: [ view_filter ] --START--
INFO: Run Behavior\WriteHtmlCacheBehavior [ RunTime:0.000000s ]
INFO: [ view_filter ] --END-- [ RunTime:0.000000s ]
INFO: [ app_end ] --START--
INFO: Run Behavior\ShowPageTraceBehavior [ RunTime:0.001000s ]
INFO: [ app_end ] --END-- [ RunTime:0.001000s ]

[ 2017-08-07T09:05:30+08:00 ] 127.0.0.1 /think/index.php/Admin/About/index
INFO: [ app_init ] --START--
INFO: Run Behavior\BuildLiteBehavior [ RunTime:0.000000s ]
INFO: [ app_init ] --END-- [ RunTime:0.002000s ]
INFO: [ app_begin ] --START--
INFO: Run Behavior\ReadHtmlCacheBehavior [ RunTime:0.001000s ]
INFO: [ app_begin ] --END-- [ RunTime:0.001000s ]
ERR: 无法加载控制器:About

[ 2017-08-07T09:35:52+08:00 ] 127.0.0.1 /think/index.php/admin/News/index
INFO: [ app_init ] --START--
INFO: Run Behavior\BuildLiteBehavior [ RunTime:0.000000s ]
INFO: [ app_init ] --END-- [ RunTime:0.001000s ]
INFO: [ app_begin ] --START--
INFO: Run Behavior\ReadHtmlCacheBehavior [ RunTime:0.000000s ]
INFO: [ app_begin ] --END-- [ RunTime:0.001000s ]
SQL: SHOW COLUMNS FROM `meun` [ RunTime:0.0100s ]
SQL: SELECT * FROM `meun` WHERE `pid` = 0  [ RunTime:0.0000s ]
SQL: SELECT * FROM `meun` WHERE ( `pid`=1 )  [ RunTime:0.0010s ]
SQL: SELECT * FROM `meun` WHERE ( `pid`=6 )  [ RunTime:0.0000s ]
SQL: SELECT * FROM `meun` WHERE ( `pid`=11 )  [ RunTime:0.0010s ]
SQL: SELECT * FROM `meun` WHERE ( `pid`=16 )  [ RunTime:0.0000s ]
SQL: SELECT * FROM `meun` WHERE ( `pid`=21 )  [ RunTime:0.0010s ]
SQL: SELECT * FROM `meun` WHERE ( `pid`=26 )  [ RunTime:0.0010s ]
SQL: SELECT * FROM `meun` WHERE ( `pid`=30 )  [ RunTime:0.0010s ]
SQL: SELECT * FROM `meun` WHERE ( `pid`=34 )  [ RunTime:0.0000s ]
SQL: SELECT * FROM `meun` WHERE ( `pid`=37 )  [ RunTime:0.0010s ]
SQL: SELECT * FROM `meun` WHERE ( `pid`=40 )  [ RunTime:0.0000s ]
SQL: SHOW COLUMNS FROM `news` [ RunTime:0.0080s ]
SQL: SELECT COUNT(*) AS tp_count FROM `news` LIMIT 1   [ RunTime:0.0000s ]
SQL: SELECT news.*,category.name FROM `news` LEFT JOIN category ON news.category = category.id  ORDER BY time DESC LIMIT 0,8   [ RunTime:0.0020s ]
INFO: [ view_parse ] --START--
INFO: [ template_filter ] --START--
INFO: Run Behavior\ContentReplaceBehavior [ RunTime:0.001000s ]
INFO: [ template_filter ] --END-- [ RunTime:0.001000s ]
INFO: Run Behavior\ParseTemplateBehavior [ RunTime:0.020001s ]
INFO: [ view_parse ] --END-- [ RunTime:0.021001s ]
INFO: [ view_filter ] --START--
INFO: Run Behavior\WriteHtmlCacheBehavior [ RunTime:0.001000s ]
INFO: [ view_filter ] --END-- [ RunTime:0.001000s ]
INFO: [ app_end ] --START--
INFO: Run Behavior\ShowPageTraceBehavior [ RunTime:0.001000s ]
INFO: [ app_end ] --END-- [ RunTime:0.001000s ]

[ 2017-08-07T09:35:57+08:00 ] 127.0.0.1 /think/index.php/Admin/Address/index
INFO: [ app_init ] --START--
INFO: Run Behavior\BuildLiteBehavior [ RunTime:0.000000s ]
INFO: [ app_init ] --END-- [ RunTime:0.001000s ]
INFO: [ app_begin ] --START--
INFO: Run Behavior\ReadHtmlCacheBehavior [ RunTime:0.001000s ]
INFO: [ app_begin ] --END-- [ RunTime:0.001000s ]
ERR: 无法加载控制器:Address

[ 2017-08-07T09:36:05+08:00 ] 127.0.0.1 /think/index.php/Admin/Message/index
INFO: [ app_init ] --START--
INFO: Run Behavior\BuildLiteBehavior [ RunTime:0.000000s ]
INFO: [ app_init ] --END-- [ RunTime:0.001000s ]
INFO: [ app_begin ] --START--
INFO: Run Behavior\ReadHtmlCacheBehavior [ RunTime:0.001000s ]
INFO: [ app_begin ] --END-- [ RunTime:0.002000s ]
ERR: 无法加载控制器:Message

[ 2017-08-07T09:36:18+08:00 ] 127.0.0.1 /think/index.php/Admin/Message/index
INFO: [ app_init ] --START--
INFO: Run Behavior\BuildLiteBehavior [ RunTime:0.000000s ]
INFO: [ app_init ] --END-- [ RunTime:0.000000s ]
INFO: [ app_begin ] --START--
INFO: Run Behavior\ReadHtmlCacheBehavior [ RunTime:0.001000s ]
INFO: [ app_begin ] --END-- [ RunTime:0.001000s ]
ERR: 无法加载控制器:Message

[ 2017-08-07T09:36:53+08:00 ] 127.0.0.1 /think/index.php/Admin/Message/index
INFO: [ app_init ] --START--
INFO: Run Behavior\BuildLiteBehavior [ RunTime:0.000000s ]
INFO: [ app_init ] --END-- [ RunTime:0.001000s ]
INFO: [ app_begin ] --START--
INFO: Run Behavior\ReadHtmlCacheBehavior [ RunTime:0.001000s ]
INFO: [ app_begin ] --END-- [ RunTime:0.001000s ]
ERR: 无法加载控制器:Message

[ 2017-08-07T09:38:14+08:00 ] 127.0.0.1 /think/index.php/Admin/Message/index
INFO: [ app_init ] --START--
INFO: Run Behavior\BuildLiteBehavior [ RunTime:0.000000s ]
INFO: [ app_init ] --END-- [ RunTime:0.001000s ]
INFO: [ app_begin ] --START--
INFO: Run Behavior\ReadHtmlCacheBehavior [ RunTime:0.001000s ]
INFO: [ app_begin ] --END-- [ RunTime:0.001000s ]
ERR: 无法加载控制器:Message

[ 2017-08-07T09:38:19+08:00 ] 127.0.0.1 /think/index.php/admin/News/index
INFO: [ app_init ] --START--
INFO: Run Behavior\BuildLiteBehavior [ RunTime:0.000000s ]
INFO: [ app_init ] --END-- [ RunTime:0.001000s ]
INFO: [ app_begin ] --START--
INFO: Run Behavior\ReadHtmlCacheBehavior [ RunTime:0.001000s ]
INFO: [ app_begin ] --END-- [ RunTime:0.001000s ]
SQL: SHOW COLUMNS FROM `meun` [ RunTime:0.0080s ]
SQL: SELECT * FROM `meun` WHERE `pid` = 0  [ RunTime:0.0010s ]
SQL: SELECT * FROM `meun` WHERE ( `pid`=1 )  [ RunTime:0.0000s ]
SQL: SELECT * FROM `meun` WHERE ( `pid`=6 )  [ RunTime:0.0010s ]
SQL: SELECT * FROM `meun` WHERE ( `pid`=11 )  [ RunTime:0.0010s ]
SQL: SELECT * FROM `meun` WHERE ( `pid`=16 )  [ RunTime:0.0000s ]
SQL: SELECT * FROM `meun` WHERE ( `pid`=21 )  [ RunTime:0.0000s ]
SQL: SELECT * FROM `meun` WHERE ( `pid`=26 )  [ RunTime:0.0010s ]
SQL: SELECT * FROM `meun` WHERE ( `pid`=30 )  [ RunTime:0.0000s ]
SQL: SELECT * FROM `meun` WHERE ( `pid`=34 )  [ RunTime:0.0010s ]
SQL: SELECT * FROM `meun` WHERE ( `pid`=37 )  [ RunTime:0.0000s ]
SQL: SELECT * FROM `meun` WHERE ( `pid`=40 )  [ RunTime:0.0010s ]
SQL: SHOW COLUMNS FROM `news` [ RunTime:0.0070s ]
SQL: SELECT COUNT(*) AS tp_count FROM `news` LIMIT 1   [ RunTime:0.0000s ]
SQL: SELECT news.*,category.name FROM `news` LEFT JOIN category ON news.category = category.id  ORDER BY time DESC LIMIT 0,8   [ RunTime:0.0010s ]
INFO: [ view_parse ] --START--
INFO: [ template_filter ] --START--
INFO: Run Behavior\ContentReplaceBehavior [ RunTime:0.001000s ]
INFO: [ template_filter ] --END-- [ RunTime:0.001000s ]
INFO: Run Behavior\ParseTemplateBehavior [ RunTime:0.023001s ]
INFO: [ view_parse ] --END-- [ RunTime:0.023001s ]
INFO: [ view_filter ] --START--
INFO: Run Behavior\WriteHtmlCacheBehavior [ RunTime:0.000000s ]
INFO: [ view_filter ] --END-- [ RunTime:0.000000s ]
INFO: [ app_end ] --START--
INFO: Run Behavior\ShowPageTraceBehavior [ RunTime:0.004000s ]
INFO: [ app_end ] --END-- [ RunTime:0.004000s ]

[ 2017-08-07T09:38:24+08:00 ] 127.0.0.1 /think/index.php/Admin/ContactUs/index
INFO: [ app_init ] --START--
INFO: Run Behavior\BuildLiteBehavior [ RunTime:0.000000s ]
INFO: [ app_init ] --END-- [ RunTime:0.001000s ]
INFO: [ app_begin ] --START--
INFO: Run Behavior\ReadHtmlCacheBehavior [ RunTime:0.000000s ]
INFO: [ app_begin ] --END-- [ RunTime:0.001000s ]
SQL: SHOW COLUMNS FROM `meun` [ RunTime:0.0090s ]
SQL: SELECT * FROM `meun` WHERE `pid` = 0  [ RunTime:0.0010s ]
SQL: SELECT * FROM `meun` WHERE ( `pid`=1 )  [ RunTime:0.0000s ]
SQL: SELECT * FROM `meun` WHERE ( `pid`=6 )  [ RunTime:0.0010s ]
SQL: SELECT * FROM `meun` WHERE ( `pid`=11 )  [ RunTime:0.0000s ]
SQL: SELECT * FROM `meun` WHERE ( `pid`=16 )  [ RunTime:0.0010s ]
SQL: SELECT * FROM `meun` WHERE ( `pid`=21 )  [ RunTime:0.0000s ]
SQL: SELECT * FROM `meun` WHERE ( `pid`=26 )  [ RunTime:0.0010s ]
SQL: SELECT * FROM `meun` WHERE ( `pid`=30 )  [ RunTime:0.0010s ]
SQL: SELECT * FROM `meun` WHERE ( `pid`=34 )  [ RunTime:0.0000s ]
SQL: SELECT * FROM `meun` WHERE ( `pid`=37 )  [ RunTime:0.0010s ]
SQL: SELECT * FROM `meun` WHERE ( `pid`=40 )  [ RunTime:0.0000s ]
SQL: SHOW COLUMNS FROM `message` [ RunTime:0.0080s ]
SQL: SELECT COUNT(*) AS tp_count FROM `message` LIMIT 1   [ RunTime:0.0000s ]
SQL: SELECT * FROM `message` ORDER BY time DESC LIMIT 0,8   [ RunTime:0.0000s ]
INFO: [ view_parse ] --START--
INFO: [ template_filter ] --START--
INFO: Run Behavior\ContentReplaceBehavior [ RunTime:0.000000s ]
INFO: [ template_filter ] --END-- [ RunTime:0.000000s ]
INFO: Run Behavior\ParseTemplateBehavior [ RunTime:0.019001s ]
INFO: [ view_parse ] --END-- [ RunTime:0.019001s ]
INFO: [ view_filter ] --START--
INFO: Run Behavior\WriteHtmlCacheBehavior [ RunTime:0.001000s ]
INFO: [ view_filter ] --END-- [ RunTime:0.001000s ]
INFO: [ app_end ] --START--
INFO: Run Behavior\ShowPageTraceBehavior [ RunTime:0.011000s ]
INFO: [ app_end ] --END-- [ RunTime:0.011000s ]

[ 2017-08-07T09:46:09+08:00 ] 127.0.0.1 /think/index.php/Admin/ContactUs/index
INFO: [ app_init ] --START--
INFO: Run Behavior\BuildLiteBehavior [ RunTime:0.000000s ]
INFO: [ app_init ] --END-- [ RunTime:0.001000s ]
INFO: [ app_begin ] --START--
INFO: Run Behavior\ReadHtmlCacheBehavior [ RunTime:0.001000s ]
INFO: [ app_begin ] --END-- [ RunTime:0.002000s ]
SQL: SHOW COLUMNS FROM `meun` [ RunTime:0.0080s ]
SQL: SELECT * FROM `meun` WHERE `pid` = 0  [ RunTime:0.0000s ]
SQL: SELECT * FROM `meun` WHERE ( `pid`=1 )  [ RunTime:0.0010s ]
SQL: SELECT * FROM `meun` WHERE ( `pid`=6 )  [ RunTime:0.0000s ]
SQL: SELECT * FROM `meun` WHERE ( `pid`=11 )  [ RunTime:0.0010s ]
SQL: SELECT * FROM `meun` WHERE ( `pid`=16 )  [ RunTime:0.0000s ]
SQL: SELECT * FROM `meun` WHERE ( `pid`=21 )  [ RunTime:0.0000s ]
SQL: SELECT * FROM `meun` WHERE ( `pid`=26 )  [ RunTime:0.0010s ]
SQL: SELECT * FROM `meun` WHERE ( `pid`=30 )  [ RunTime:0.0000s ]
SQL: SELECT * FROM `meun` WHERE ( `pid`=34 )  [ RunTime:0.0010s ]
SQL: SELECT * FROM `meun` WHERE ( `pid`=37 )  [ RunTime:0.0000s ]
SQL: SELECT * FROM `meun` WHERE ( `pid`=40 )  [ RunTime:0.0010s ]
SQL: SHOW COLUMNS FROM `message` [ RunTime:0.0080s ]
SQL: SELECT COUNT(*) AS tp_count FROM `message` LIMIT 1   [ RunTime:0.0000s ]
SQL: SELECT * FROM `message` ORDER BY time DESC LIMIT 0,8   [ RunTime:0.0010s ]
INFO: [ view_parse ] --START--
INFO: [ template_filter ] --START--
INFO: Run Behavior\ContentReplaceBehavior [ RunTime:0.000000s ]
INFO: [ template_filter ] --END-- [ RunTime:0.001001s ]
NOTIC: [8] Undefined index: name E:\WWW\think\Application\Runtime\Cache\Admin\e900595e90310bbde5f88d1f21185875.php 第 195 行.
INFO: Run Behavior\ParseTemplateBehavior [ RunTime:0.021002s ]
INFO: [ view_parse ] --END-- [ RunTime:0.021002s ]
INFO: [ view_filter ] --START--
INFO: Run Behavior\WriteHtmlCacheBehavior [ RunTime:0.000000s ]
INFO: [ view_filter ] --END-- [ RunTime:0.000000s ]
INFO: [ app_end ] --START--
INFO: Run Behavior\ShowPageTraceBehavior [ RunTime:0.004000s ]
INFO: [ app_end ] --END-- [ RunTime:0.004000s ]

[ 2017-08-07T09:46:15+08:00 ] 127.0.0.1 /think/index.php/Admin/ContactUs/check/id/1/p/1.html
INFO: [ app_init ] --START--
INFO: Run Behavior\BuildLiteBehavior [ RunTime:0.000000s ]
INFO: [ app_init ] --END-- [ RunTime:0.001000s ]
INFO: [ app_begin ] --START--
INFO: Run Behavior\ReadHtmlCacheBehavior [ RunTime:0.001000s ]
INFO: [ app_begin ] --END-- [ RunTime:0.001000s ]
SQL: SHOW COLUMNS FROM `meun` [ RunTime:0.0080s ]
SQL: SELECT * FROM `meun` WHERE `pid` = 0  [ RunTime:0.0010s ]
SQL: SELECT * FROM `meun` WHERE ( `pid`=1 )  [ RunTime:0.0000s ]
SQL: SELECT * FROM `meun` WHERE ( `pid`=6 )  [ RunTime:0.0000s ]
SQL: SELECT * FROM `meun` WHERE ( `pid`=11 )  [ RunTime:0.0000s ]
SQL: SELECT * FROM `meun` WHERE ( `pid`=16 )  [ RunTime:0.0000s ]
SQL: SELECT * FROM `meun` WHERE ( `pid`=21 )  [ RunTime:0.0010s ]
SQL: SELECT * FROM `meun` WHERE ( `pid`=26 )  [ RunTime:0.0010s ]
SQL: SELECT * FROM `meun` WHERE ( `pid`=30 )  [ RunTime:0.0000s ]
SQL: SELECT * FROM `meun` WHERE ( `pid`=34 )  [ RunTime:0.0000s ]
SQL: SELECT * FROM `meun` WHERE ( `pid`=37 )  [ RunTime:0.0010s ]
SQL: SELECT * FROM `meun` WHERE ( `pid`=40 )  [ RunTime:0.0010s ]
SQL: SHOW COLUMNS FROM `message` [ RunTime:0.0080s ]
SQL: SELECT * FROM `message` WHERE ( `id`=1 ) LIMIT 1   [ RunTime:0.0000s ]
INFO: [ app_end ] --START--
INFO: Run Behavior\ShowPageTraceBehavior [ RunTime:0.002000s ]
INFO: [ app_end ] --END-- [ RunTime:0.002000s ]

[ 2017-08-07T09:47:08+08:00 ] 127.0.0.1 /think/index.php/Admin/ContactUs/index
INFO: [ app_init ] --START--
INFO: Run Behavior\BuildLiteBehavior [ RunTime:0.000000s ]
INFO: [ app_init ] --END-- [ RunTime:0.001000s ]
INFO: [ app_begin ] --START--
INFO: Run Behavior\ReadHtmlCacheBehavior [ RunTime:0.001000s ]
INFO: [ app_begin ] --END-- [ RunTime:0.001000s ]
SQL: SHOW COLUMNS FROM `meun` [ RunTime:0.0080s ]
SQL: SELECT * FROM `meun` WHERE `pid` = 0  [ RunTime:0.0000s ]
SQL: SELECT * FROM `meun` WHERE ( `pid`=1 )  [ RunTime:0.0010s ]
SQL: SELECT * FROM `meun` WHERE ( `pid`=6 )  [ RunTime:0.0000s ]
SQL: SELECT * FROM `meun` WHERE ( `pid`=11 )  [ RunTime:0.0000s ]
SQL: SELECT * FROM `meun` WHERE ( `pid`=16 )  [ RunTime:0.0010s ]
SQL: SELECT * FROM `meun` WHERE ( `pid`=21 )  [ RunTime:0.0000s ]
SQL: SELECT * FROM `meun` WHERE ( `pid`=26 )  [ RunTime:0.0010s ]
SQL: SELECT * FROM `meun` WHERE ( `pid`=30 )  [ RunTime:0.0000s ]
SQL: SELECT * FROM `meun` WHERE ( `pid`=34 )  [ RunTime:0.0010s ]
SQL: SELECT * FROM `meun` WHERE ( `pid`=37 )  [ RunTime:0.0000s ]
SQL: SELECT * FROM `meun` WHERE ( `pid`=40 )  [ RunTime:0.0000s ]
SQL: SHOW COLUMNS FROM `message` [ RunTime:0.0080s ]
SQL: SELECT COUNT(*) AS tp_count FROM `message` LIMIT 1   [ RunTime:0.0000s ]
SQL: SELECT * FROM `message` ORDER BY time DESC LIMIT 0,8   [ RunTime:0.0000s ]
INFO: [ view_parse ] --START--
INFO: [ template_filter ] --START--
INFO: Run Behavior\ContentReplaceBehavior [ RunTime:0.000000s ]
INFO: [ template_filter ] --END-- [ RunTime:0.000000s ]
NOTIC: [8] Undefined index: name E:\WWW\think\Application\Runtime\Cache\Admin\e900595e90310bbde5f88d1f21185875.php 第 195 行.
INFO: Run Behavior\ParseTemplateBehavior [ RunTime:0.019001s ]
INFO: [ view_parse ] --END-- [ RunTime:0.019001s ]
INFO: [ view_filter ] --START--
INFO: Run Behavior\WriteHtmlCacheBehavior [ RunTime:0.001000s ]
INFO: [ view_filter ] --END-- [ RunTime:0.001000s ]
INFO: [ app_end ] --START--
INFO: Run Behavior\ShowPageTraceBehavior [ RunTime:0.004000s ]
INFO: [ app_end ] --END-- [ RunTime:0.004000s ]

[ 2017-08-07T09:47:10+08:00 ] 127.0.0.1 /think/index.php/Admin/ContactUs/check/id/1/p/1.html
INFO: [ app_init ] --START--
INFO: Run Behavior\BuildLiteBehavior [ RunTime:0.000000s ]
INFO: [ app_init ] --END-- [ RunTime:0.001000s ]
INFO: [ app_begin ] --START--
INFO: Run Behavior\ReadHtmlCacheBehavior [ RunTime:0.001000s ]
INFO: [ app_begin ] --END-- [ RunTime:0.001000s ]
SQL: SHOW COLUMNS FROM `meun` [ RunTime:0.1120s ]
SQL: SELECT * FROM `meun` WHERE `pid` = 0  [ RunTime:0.0020s ]
SQL: SELECT * FROM `meun` WHERE ( `pid`=1 )  [ RunTime:0.0010s ]
SQL: SELECT * FROM `meun` WHERE ( `pid`=6 )  [ RunTime:0.0010s ]
SQL: SELECT * FROM `meun` WHERE ( `pid`=11 )  [ RunTime:0.0010s ]
SQL: SELECT * FROM `meun` WHERE ( `pid`=16 )  [ RunTime:0.0000s ]
SQL: SELECT * FROM `meun` WHERE ( `pid`=21 )  [ RunTime:0.0000s ]
SQL: SELECT * FROM `meun` WHERE ( `pid`=26 )  [ RunTime:0.0000s ]
SQL: SELECT * FROM `meun` WHERE ( `pid`=30 )  [ RunTime:0.0010s ]
SQL: SELECT * FROM `meun` WHERE ( `pid`=34 )  [ RunTime:0.0000s ]
SQL: SELECT * FROM `meun` WHERE ( `pid`=37 )  [ RunTime:0.0000s ]
SQL: SELECT * FROM `meun` WHERE ( `pid`=40 )  [ RunTime:0.0010s ]

[ 2017-08-07T09:47:57+08:00 ] 127.0.0.1 /think/index.php/Admin/ContactUs/index
INFO: [ app_init ] --START--
INFO: Run Behavior\BuildLiteBehavior [ RunTime:0.000000s ]
INFO: [ app_init ] --END-- [ RunTime:0.001000s ]
INFO: [ app_begin ] --START--
INFO: Run Behavior\ReadHtmlCacheBehavior [ RunTime:0.001000s ]
INFO: [ app_begin ] --END-- [ RunTime:0.001000s ]
SQL: SHOW COLUMNS FROM `meun` [ RunTime:0.0100s ]
SQL: SELECT * FROM `meun` WHERE `pid` = 0  [ RunTime:0.0010s ]
SQL: SELECT * FROM `meun` WHERE ( `pid`=1 )  [ RunTime:0.0010s ]
SQL: SELECT * FROM `meun` WHERE ( `pid`=6 )  [ RunTime:0.0000s ]
SQL: SELECT * FROM `meun` WHERE ( `pid`=11 )  [ RunTime:0.0010s ]
SQL: SELECT * FROM `meun` WHERE ( `pid`=16 )  [ RunTime:0.0000s ]
SQL: SELECT * FROM `meun` WHERE ( `pid`=21 )  [ RunTime:0.0010s ]
SQL: SELECT * FROM `meun` WHERE ( `pid`=26 )  [ RunTime:0.0000s ]
SQL: SELECT * FROM `meun` WHERE ( `pid`=30 )  [ RunTime:0.0010s ]
SQL: SELECT * FROM `meun` WHERE ( `pid`=34 )  [ RunTime:0.0000s ]
SQL: SELECT * FROM `meun` WHERE ( `pid`=37 )  [ RunTime:0.0010s ]
SQL: SELECT * FROM `meun` WHERE ( `pid`=40 )  [ RunTime:0.0000s ]
SQL: SHOW COLUMNS FROM `message` [ RunTime:0.0080s ]
SQL: SELECT COUNT(*) AS tp_count FROM `message` LIMIT 1   [ RunTime:0.0000s ]
SQL: SELECT * FROM `message` ORDER BY time DESC LIMIT 0,8   [ RunTime:0.0000s ]
INFO: [ view_parse ] --START--
INFO: [ template_filter ] --START--
INFO: Run Behavior\ContentReplaceBehavior [ RunTime:0.000000s ]
INFO: [ template_filter ] --END-- [ RunTime:0.000000s ]
NOTIC: [8] Undefined index: name E:\WWW\think\Application\Runtime\Cache\Admin\e900595e90310bbde5f88d1f21185875.php 第 195 行.
INFO: Run Behavior\ParseTemplateBehavior [ RunTime:0.019001s ]
INFO: [ view_parse ] --END-- [ RunTime:0.019001s ]
INFO: [ view_filter ] --START--
INFO: Run Behavior\WriteHtmlCacheBehavior [ RunTime:0.001000s ]
INFO: [ view_filter ] --END-- [ RunTime:0.001000s ]
INFO: [ app_end ] --START--
INFO: Run Behavior\ShowPageTraceBehavior [ RunTime:0.004000s ]
INFO: [ app_end ] --END-- [ RunTime:0.004000s ]

[ 2017-08-07T09:47:58+08:00 ] 127.0.0.1 /think/index.php/Admin/ContactUs/check/id/1/p/1.html
INFO: [ app_init ] --START--
INFO: Run Behavior\BuildLiteBehavior [ RunTime:0.000000s ]
INFO: [ app_init ] --END-- [ RunTime:0.000000s ]
INFO: [ app_begin ] --START--
INFO: Run Behavior\ReadHtmlCacheBehavior [ RunTime:0.001000s ]
INFO: [ app_begin ] --END-- [ RunTime:0.001000s ]
SQL: SHOW COLUMNS FROM `meun` [ RunTime:0.0240s ]
SQL: SELECT * FROM `meun` WHERE `pid` = 0  [ RunTime:0.0000s ]
SQL: SELECT * FROM `meun` WHERE ( `pid`=1 )  [ RunTime:0.0010s ]
SQL: SELECT * FROM `meun` WHERE ( `pid`=6 )  [ RunTime:0.0020s ]
SQL: SELECT * FROM `meun` WHERE ( `pid`=11 )  [ RunTime:0.0010s ]
SQL: SELECT * FROM `meun` WHERE ( `pid`=16 )  [ RunTime:0.0000s ]
SQL: SELECT * FROM `meun` WHERE ( `pid`=21 )  [ RunTime:0.0010s ]
SQL: SELECT * FROM `meun` WHERE ( `pid`=26 )  [ RunTime:0.0010s ]
SQL: SELECT * FROM `meun` WHERE ( `pid`=30 )  [ RunTime:0.0000s ]
SQL: SELECT * FROM `meun` WHERE ( `pid`=34 )  [ RunTime:0.0010s ]
SQL: SELECT * FROM `meun` WHERE ( `pid`=37 )  [ RunTime:0.0000s ]
SQL: SELECT * FROM `meun` WHERE ( `pid`=40 )  [ RunTime:0.0000s ]
SQL: SHOW COLUMNS FROM `message` [ RunTime:0.0080s ]
SQL: SELECT * FROM `message` WHERE ( `id`=1 ) LIMIT 1   [ RunTime:0.0000s ]

[ 2017-08-07T09:49:08+08:00 ] 127.0.0.1 /think/index.php/Admin/ContactUs/check/id/1/p/1.html
INFO: [ app_init ] --START--
INFO: Run Behavior\BuildLiteBehavior [ RunTime:0.000000s ]
INFO: [ app_init ] --END-- [ RunTime:0.001000s ]
INFO: [ app_begin ] --START--
INFO: Run Behavior\ReadHtmlCacheBehavior [ RunTime:0.001000s ]
INFO: [ app_begin ] --END-- [ RunTime:0.001000s ]
SQL: SHOW COLUMNS FROM `meun` [ RunTime:0.0080s ]
SQL: SELECT * FROM `meun` WHERE `pid` = 0  [ RunTime:0.0010s ]
SQL: SELECT * FROM `meun` WHERE ( `pid`=1 )  [ RunTime:0.0000s ]
SQL: SELECT * FROM `meun` WHERE ( `pid`=6 )  [ RunTime:0.0010s ]
SQL: SELECT * FROM `meun` WHERE ( `pid`=11 )  [ RunTime:0.0000s ]
SQL: SELECT * FROM `meun` WHERE ( `pid`=16 )  [ RunTime:0.0010s ]
SQL: SELECT * FROM `meun` WHERE ( `pid`=21 )  [ RunTime:0.0000s ]
SQL: SELECT * FROM `meun` WHERE ( `pid`=26 )  [ RunTime:0.0010s ]
SQL: SELECT * FROM `meun` WHERE ( `pid`=30 )  [ RunTime:0.0020s ]
SQL: SELECT * FROM `meun` WHERE ( `pid`=34 )  [ RunTime:0.0000s ]
SQL: SELECT * FROM `meun` WHERE ( `pid`=37 )  [ RunTime:0.0010s ]
SQL: SELECT * FROM `meun` WHERE ( `pid`=40 )  [ RunTime:0.0000s ]
SQL: SHOW COLUMNS FROM `message` [ RunTime:0.0090s ]
SQL: SELECT * FROM `message` WHERE ( `id`=1 ) LIMIT 1   [ RunTime:0.0000s ]
INFO: [ app_end ] --START--
INFO: Run Behavior\ShowPageTraceBehavior [ RunTime:0.001001s ]
INFO: [ app_end ] --END-- [ RunTime:0.002001s ]

[ 2017-08-07T09:49:19+08:00 ] 127.0.0.1 /think/index.php/Admin/ContactUs/check/id/1/p/1.html
INFO: [ app_init ] --START--
INFO: Run Behavior\BuildLiteBehavior [ RunTime:0.000000s ]
INFO: [ app_init ] --END-- [ RunTime:0.000000s ]
INFO: [ app_begin ] --START--
INFO: Run Behavior\ReadHtmlCacheBehavior [ RunTime:0.000000s ]
INFO: [ app_begin ] --END-- [ RunTime:0.000000s ]
SQL: SHOW COLUMNS FROM `meun` [ RunTime:0.0110s ]
SQL: SELECT * FROM `meun` WHERE `pid` = 0  [ RunTime:0.0010s ]
SQL: SELECT * FROM `meun` WHERE ( `pid`=1 )  [ RunTime:0.0000s ]
SQL: SELECT * FROM `meun` WHERE ( `pid`=6 )  [ RunTime:0.0010s ]
SQL: SELECT * FROM `meun` WHERE ( `pid`=11 )  [ RunTime:0.0000s ]
SQL: SELECT * FROM `meun` WHERE ( `pid`=16 )  [ RunTime:0.0010s ]
SQL: SELECT * FROM `meun` WHERE ( `pid`=21 )  [ RunTime:0.0000s ]
SQL: SELECT * FROM `meun` WHERE ( `pid`=26 )  [ RunTime:0.0000s ]
SQL: SELECT * FROM `meun` WHERE ( `pid`=30 )  [ RunTime:0.0000s ]
SQL: SELECT * FROM `meun` WHERE ( `pid`=34 )  [ RunTime:0.0000s ]
SQL: SELECT * FROM `meun` WHERE ( `pid`=37 )  [ RunTime:0.0010s ]
SQL: SELECT * FROM `meun` WHERE ( `pid`=40 )  [ RunTime:0.0000s ]
SQL: SHOW COLUMNS FROM `message` [ RunTime:0.0100s ]
SQL: SELECT * FROM `message` WHERE ( `id`=1 ) LIMIT 1   [ RunTime:0.0010s ]
INFO: [ app_end ] --START--
INFO: Run Behavior\ShowPageTraceBehavior [ RunTime:0.001000s ]
INFO: [ app_end ] --END-- [ RunTime:0.001000s ]

[ 2017-08-07T09:50:21+08:00 ] 127.0.0.1 /think/index.php/Admin/ContactUs/index
INFO: [ app_init ] --START--
INFO: Run Behavior\BuildLiteBehavior [ RunTime:0.000000s ]
INFO: [ app_init ] --END-- [ RunTime:0.001000s ]
INFO: [ app_begin ] --START--
INFO: Run Behavior\ReadHtmlCacheBehavior [ RunTime:0.001000s ]
INFO: [ app_begin ] --END-- [ RunTime:0.001000s ]
SQL: SHOW COLUMNS FROM `meun` [ RunTime:0.0080s ]
SQL: SELECT * FROM `meun` WHERE `pid` = 0  [ RunTime:0.0010s ]
SQL: SELECT * FROM `meun` WHERE ( `pid`=1 )  [ RunTime:0.0010s ]
SQL: SELECT * FROM `meun` WHERE ( `pid`=6 )  [ RunTime:0.0000s ]
SQL: SELECT * FROM `meun` WHERE ( `pid`=11 )  [ RunTime:0.0000s ]
SQL: SELECT * FROM `meun` WHERE ( `pid`=16 )  [ RunTime:0.0010s ]
SQL: SELECT * FROM `meun` WHERE ( `pid`=21 )  [ RunTime:0.0000s ]
SQL: SELECT * FROM `meun` WHERE ( `pid`=26 )  [ RunTime:0.0010s ]
SQL: SELECT * FROM `meun` WHERE ( `pid`=30 )  [ RunTime:0.0000s ]
SQL: SELECT * FROM `meun` WHERE ( `pid`=34 )  [ RunTime:0.0010s ]
SQL: SELECT * FROM `meun` WHERE ( `pid`=37 )  [ RunTime:0.0000s ]
SQL: SELECT * FROM `meun` WHERE ( `pid`=40 )  [ RunTime:0.0010s ]
SQL: SHOW COLUMNS FROM `message` [ RunTime:0.0070s ]
SQL: SELECT COUNT(*) AS tp_count FROM `message` LIMIT 1   [ RunTime:0.0000s ]
SQL: SELECT * FROM `message` ORDER BY time DESC LIMIT 0,8   [ RunTime:0.0010s ]
INFO: [ view_parse ] --START--
INFO: [ template_filter ] --START--
INFO: Run Behavior\ContentReplaceBehavior [ RunTime:0.000000s ]
INFO: [ template_filter ] --END-- [ RunTime:0.000000s ]
NOTIC: [8] Undefined index: name E:\WWW\think\Application\Runtime\Cache\Admin\e900595e90310bbde5f88d1f21185875.php 第 195 行.
INFO: Run Behavior\ParseTemplateBehavior [ RunTime:0.020001s ]
INFO: [ view_parse ] --END-- [ RunTime:0.020001s ]
INFO: [ view_filter ] --START--
INFO: Run Behavior\WriteHtmlCacheBehavior [ RunTime:0.000000s ]
INFO: [ view_filter ] --END-- [ RunTime:0.000000s ]
INFO: [ app_end ] --START--
INFO: Run Behavior\ShowPageTraceBehavior [ RunTime:0.004000s ]
INFO: [ app_end ] --END-- [ RunTime:0.004000s ]

[ 2017-08-07T09:50:24+08:00 ] 127.0.0.1 /think/index.php/Admin/ContactUs/check/id/1.html
INFO: [ app_init ] --START--
INFO: Run Behavior\BuildLiteBehavior [ RunTime:0.000000s ]
INFO: [ app_init ] --END-- [ RunTime:0.000000s ]
INFO: [ app_begin ] --START--
INFO: Run Behavior\ReadHtmlCacheBehavior [ RunTime:0.001000s ]
INFO: [ app_begin ] --END-- [ RunTime:0.001000s ]
SQL: SHOW COLUMNS FROM `meun` [ RunTime:0.0090s ]
SQL: SELECT * FROM `meun` WHERE `pid` = 0  [ RunTime:0.0000s ]
SQL: SELECT * FROM `meun` WHERE ( `pid`=1 )  [ RunTime:0.0000s ]
SQL: SELECT * FROM `meun` WHERE ( `pid`=6 )  [ RunTime:0.0010s ]
SQL: SELECT * FROM `meun` WHERE ( `pid`=11 )  [ RunTime:0.0000s ]
SQL: SELECT * FROM `meun` WHERE ( `pid`=16 )  [ RunTime:0.0010s ]
SQL: SELECT * FROM `meun` WHERE ( `pid`=21 )  [ RunTime:0.0010s ]
SQL: SELECT * FROM `meun` WHERE ( `pid`=26 )  [ RunTime:0.0000s ]
SQL: SELECT * FROM `meun` WHERE ( `pid`=30 )  [ RunTime:0.0010s ]
SQL: SELECT * FROM `meun` WHERE ( `pid`=34 )  [ RunTime:0.0010s ]
SQL: SELECT * FROM `meun` WHERE ( `pid`=37 )  [ RunTime:0.0040s ]
SQL: SELECT * FROM `meun` WHERE ( `pid`=40 )  [ RunTime:0.0010s ]
SQL: SHOW COLUMNS FROM `message` [ RunTime:0.0090s ]
SQL: SELECT * FROM `message` WHERE ( `id`=1 ) LIMIT 1   [ RunTime:0.0010s ]
INFO: [ app_end ] --START--
INFO: Run Behavior\ShowPageTraceBehavior [ RunTime:0.001000s ]
INFO: [ app_end ] --END-- [ RunTime:0.001000s ]

[ 2017-08-07T09:51:21+08:00 ] 127.0.0.1 /think/index.php/Admin/ContactUs/index
INFO: [ app_init ] --START--
INFO: Run Behavior\BuildLiteBehavior [ RunTime:0.000000s ]
INFO: [ app_init ] --END-- [ RunTime:0.001000s ]
INFO: [ app_begin ] --START--
INFO: Run Behavior\ReadHtmlCacheBehavior [ RunTime:0.002000s ]
INFO: [ app_begin ] --END-- [ RunTime:0.002000s ]
SQL: SHOW COLUMNS FROM `meun` [ RunTime:0.0080s ]
SQL: SELECT * FROM `meun` WHERE `pid` = 0  [ RunTime:0.0010s ]
SQL: SELECT * FROM `meun` WHERE ( `pid`=1 )  [ RunTime:0.0000s ]
SQL: SELECT * FROM `meun` WHERE ( `pid`=6 )  [ RunTime:0.0010s ]
SQL: SELECT * FROM `meun` WHERE ( `pid`=11 )  [ RunTime:0.0000s ]
SQL: SELECT * FROM `meun` WHERE ( `pid`=16 )  [ RunTime:0.0010s ]
SQL: SELECT * FROM `meun` WHERE ( `pid`=21 )  [ RunTime:0.0000s ]
SQL: SELECT * FROM `meun` WHERE ( `pid`=26 )  [ RunTime:0.0010s ]
SQL: SELECT * FROM `meun` WHERE ( `pid`=30 )  [ RunTime:0.0000s ]
SQL: SELECT * FROM `meun` WHERE ( `pid`=34 )  [ RunTime:0.0010s ]
SQL: SELECT * FROM `meun` WHERE ( `pid`=37 )  [ RunTime:0.0000s ]
SQL: SELECT * FROM `meun` WHERE ( `pid`=40 )  [ RunTime:0.0000s ]
SQL: SHOW COLUMNS FROM `message` [ RunTime:0.0080s ]
SQL: SELECT COUNT(*) AS tp_count FROM `message` LIMIT 1   [ RunTime:0.0010s ]
SQL: SELECT * FROM `message` ORDER BY time DESC LIMIT 0,8   [ RunTime:0.0010s ]
INFO: [ view_parse ] --START--
INFO: [ template_filter ] --START--
INFO: Run Behavior\ContentReplaceBehavior [ RunTime:0.000000s ]
INFO: [ template_filter ] --END-- [ RunTime:0.000000s ]
NOTIC: [8] Undefined index: name E:\WWW\think\Application\Runtime\Cache\Admin\e900595e90310bbde5f88d1f21185875.php 第 195 行.
INFO: Run Behavior\ParseTemplateBehavior [ RunTime:0.019001s ]
INFO: [ view_parse ] --END-- [ RunTime:0.019001s ]
INFO: [ view_filter ] --START--
INFO: Run Behavior\WriteHtmlCacheBehavior [ RunTime:0.001000s ]
INFO: [ view_filter ] --END-- [ RunTime:0.001000s ]
INFO: [ app_end ] --START--
INFO: Run Behavior\ShowPageTraceBehavior [ RunTime:0.004001s ]
INFO: [ app_end ] --END-- [ RunTime:0.004001s ]

[ 2017-08-07T09:51:23+08:00 ] 127.0.0.1 /think/index.php/Admin/ContactUs/check/id/1.html
INFO: [ app_init ] --START--
INFO: Run Behavior\BuildLiteBehavior [ RunTime:0.000000s ]
INFO: [ app_init ] --END-- [ RunTime:0.001000s ]
INFO: [ app_begin ] --START--
INFO: Run Behavior\ReadHtmlCacheBehavior [ RunTime:0.001000s ]
INFO: [ app_begin ] --END-- [ RunTime:0.001000s ]
SQL: SHOW COLUMNS FROM `meun` [ RunTime:0.0070s ]
SQL: SELECT * FROM `meun` WHERE `pid` = 0  [ RunTime:0.0000s ]
SQL: SELECT * FROM `meun` WHERE ( `pid`=1 )  [ RunTime:0.0010s ]
SQL: SELECT * FROM `meun` WHERE ( `pid`=6 )  [ RunTime:0.0000s ]
SQL: SELECT * FROM `meun` WHERE ( `pid`=11 )  [ RunTime:0.0000s ]
SQL: SELECT * FROM `meun` WHERE ( `pid`=16 )  [ RunTime:0.0000s ]
SQL: SELECT * FROM `meun` WHERE ( `pid`=21 )  [ RunTime:0.0000s ]
SQL: SELECT * FROM `meun` WHERE ( `pid`=26 )  [ RunTime:0.0000s ]
SQL: SELECT * FROM `meun` WHERE ( `pid`=30 )  [ RunTime:0.0000s ]
SQL: SELECT * FROM `meun` WHERE ( `pid`=34 )  [ RunTime:0.0000s ]
SQL: SELECT * FROM `meun` WHERE ( `pid`=37 )  [ RunTime:0.0000s ]
SQL: SELECT * FROM `meun` WHERE ( `pid`=40 )  [ RunTime:0.0010s ]
SQL: SHOW COLUMNS FROM `message` [ RunTime:0.0090s ]
SQL: SELECT * FROM `message` WHERE ( `id`=1 ) LIMIT 1   [ RunTime:0.0010s ]
INFO: [ app_end ] --START--
INFO: Run Behavior\ShowPageTraceBehavior [ RunTime:0.001000s ]
INFO: [ app_end ] --END-- [ RunTime:0.001000s ]

[ 2017-08-07T09:51:38+08:00 ] 127.0.0.1 /think/index.php/Admin/ContactUs/check
INFO: [ app_init ] --START--
INFO: Run Behavior\BuildLiteBehavior [ RunTime:0.000000s ]
INFO: [ app_init ] --END-- [ RunTime:0.000000s ]
INFO: [ app_begin ] --START--
INFO: Run Behavior\ReadHtmlCacheBehavior [ RunTime:0.001000s ]
INFO: [ app_begin ] --END-- [ RunTime:0.001000s ]
SQL: SHOW COLUMNS FROM `meun` [ RunTime:0.0080s ]
SQL: SELECT * FROM `meun` WHERE `pid` = 0  [ RunTime:0.0020s ]
SQL: SELECT * FROM `meun` WHERE ( `pid`=1 )  [ RunTime:0.0010s ]
SQL: SELECT * FROM `meun` WHERE ( `pid`=6 )  [ RunTime:0.0000s ]
SQL: SELECT * FROM `meun` WHERE ( `pid`=11 )  [ RunTime:0.0000s ]
SQL: SELECT * FROM `meun` WHERE ( `pid`=16 )  [ RunTime:0.0010s ]
SQL: SELECT * FROM `meun` WHERE ( `pid`=21 )  [ RunTime:0.0000s ]
SQL: SELECT * FROM `meun` WHERE ( `pid`=26 )  [ RunTime:0.0010s ]
SQL: SELECT * FROM `meun` WHERE ( `pid`=30 )  [ RunTime:0.0000s ]
SQL: SELECT * FROM `meun` WHERE ( `pid`=34 )  [ RunTime:0.0010s ]
SQL: SELECT * FROM `meun` WHERE ( `pid`=37 )  [ RunTime:0.0000s ]
SQL: SELECT * FROM `meun` WHERE ( `pid`=40 )  [ RunTime:0.0010s ]
NOTIC: [8] Undefined index: id E:\WWW\think\Application\Admin\Controller\ContactUsController.class.php 第 30 行.
SQL: SHOW COLUMNS FROM `message` [ RunTime:0.0080s ]
ERR: 1064:You have an error in your SQL syntax; check the manual that corresponds to your MySQL server version for the right syntax to use near ') LIMIT 1' at line 1
 [ SQL语句 ] : SELECT * FROM `message` WHERE ( `id`= ) LIMIT 1  
ERR: 1064:You have an error in your SQL syntax; check the manual that corresponds to your MySQL server version for the right syntax to use near ') LIMIT 1' at line 1
 [ SQL语句 ] : SELECT * FROM `message` WHERE ( `id`= ) LIMIT 1  

[ 2017-08-07T09:52:23+08:00 ] 127.0.0.1 /think/index.php/Admin/ContactUs/check
INFO: [ app_init ] --START--
INFO: Run Behavior\BuildLiteBehavior [ RunTime:0.000000s ]
INFO: [ app_init ] --END-- [ RunTime:0.001000s ]
INFO: [ app_begin ] --START--
INFO: Run Behavior\ReadHtmlCacheBehavior [ RunTime:0.001000s ]
INFO: [ app_begin ] --END-- [ RunTime:0.001000s ]
SQL: SHOW COLUMNS FROM `meun` [ RunTime:0.0090s ]
SQL: SELECT * FROM `meun` WHERE `pid` = 0  [ RunTime:0.0010s ]
SQL: SELECT * FROM `meun` WHERE ( `pid`=1 )  [ RunTime:0.0000s ]
SQL: SELECT * FROM `meun` WHERE ( `pid`=6 )  [ RunTime:0.0010s ]
SQL: SELECT * FROM `meun` WHERE ( `pid`=11 )  [ RunTime:0.0000s ]
SQL: SELECT * FROM `meun` WHERE ( `pid`=16 )  [ RunTime:0.0000s ]
SQL: SELECT * FROM `meun` WHERE ( `pid`=21 )  [ RunTime:0.0010s ]
SQL: SELECT * FROM `meun` WHERE ( `pid`=26 )  [ RunTime:0.0000s ]
SQL: SELECT * FROM `meun` WHERE ( `pid`=30 )  [ RunTime:0.0010s ]
SQL: SELECT * FROM `meun` WHERE ( `pid`=34 )  [ RunTime:0.0000s ]
SQL: SELECT * FROM `meun` WHERE ( `pid`=37 )  [ RunTime:0.0000s ]
SQL: SELECT * FROM `meun` WHERE ( `pid`=40 )  [ RunTime:0.0000s ]
NOTIC: [8] Undefined index: id E:\WWW\think\Application\Admin\Controller\ContactUsController.class.php 第 30 行.
SQL: SHOW COLUMNS FROM `message` [ RunTime:0.0070s ]
SQL: SELECT * FROM `message` WHERE ( `id`='' ) LIMIT 1   [ RunTime:0.0010s ]
INFO: [ app_end ] --START--
INFO: Run Behavior\ShowPageTraceBehavior [ RunTime:0.001000s ]
INFO: [ app_end ] --END-- [ RunTime:0.001000s ]

[ 2017-08-07T09:52:26+08:00 ] 127.0.0.1 /think/index.php/Admin/ContactUs/check
INFO: [ app_init ] --START--
INFO: Run Behavior\BuildLiteBehavior [ RunTime:0.000000s ]
INFO: [ app_init ] --END-- [ RunTime:0.001000s ]
INFO: [ app_begin ] --START--
INFO: Run Behavior\ReadHtmlCacheBehavior [ RunTime:0.001000s ]
INFO: [ app_begin ] --END-- [ RunTime:0.001000s ]
SQL: SHOW COLUMNS FROM `meun` [ RunTime:0.0080s ]
SQL: SELECT * FROM `meun` WHERE `pid` = 0  [ RunTime:0.0020s ]
SQL: SELECT * FROM `meun` WHERE ( `pid`=1 )  [ RunTime:0.0010s ]
SQL: SELECT * FROM `meun` WHERE ( `pid`=6 )  [ RunTime:0.0000s ]
SQL: SELECT * FROM `meun` WHERE ( `pid`=11 )  [ RunTime:0.0000s ]
SQL: SELECT * FROM `meun` WHERE ( `pid`=16 )  [ RunTime:0.0010s ]
SQL: SELECT * FROM `meun` WHERE ( `pid`=21 )  [ RunTime:0.0000s ]
SQL: SELECT * FROM `meun` WHERE ( `pid`=26 )  [ RunTime:0.0040s ]
SQL: SELECT * FROM `meun` WHERE ( `pid`=30 )  [ RunTime:0.0010s ]
SQL: SELECT * FROM `meun` WHERE ( `pid`=34 )  [ RunTime:0.0010s ]
SQL: SELECT * FROM `meun` WHERE ( `pid`=37 )  [ RunTime:0.0010s ]
SQL: SELECT * FROM `meun` WHERE ( `pid`=40 )  [ RunTime:0.0010s ]
NOTIC: [8] Undefined index: id E:\WWW\think\Application\Admin\Controller\ContactUsController.class.php 第 30 行.
SQL: SHOW COLUMNS FROM `message` [ RunTime:0.0080s ]
SQL: SELECT * FROM `message` WHERE ( `id`='' ) LIMIT 1   [ RunTime:0.0020s ]
INFO: [ app_end ] --START--
INFO: Run Behavior\ShowPageTraceBehavior [ RunTime:0.002000s ]
INFO: [ app_end ] --END-- [ RunTime:0.002000s ]

[ 2017-08-07T09:52:26+08:00 ] 127.0.0.1 /think/index.php/Admin/ContactUs/check
INFO: [ app_init ] --START--
INFO: Run Behavior\BuildLiteBehavior [ RunTime:0.000000s ]
INFO: [ app_init ] --END-- [ RunTime:0.000000s ]
INFO: [ app_begin ] --START--
INFO: Run Behavior\ReadHtmlCacheBehavior [ RunTime:0.000000s ]
INFO: [ app_begin ] --END-- [ RunTime:0.000000s ]
SQL: SHOW COLUMNS FROM `meun` [ RunTime:0.0120s ]
SQL: SELECT * FROM `meun` WHERE `pid` = 0  [ RunTime:0.0010s ]
SQL: SELECT * FROM `meun` WHERE ( `pid`=1 )  [ RunTime:0.0010s ]
SQL: SELECT * FROM `meun` WHERE ( `pid`=6 )  [ RunTime:0.0010s ]
SQL: SELECT * FROM `meun` WHERE ( `pid`=11 )  [ RunTime:0.0000s ]
SQL: SELECT * FROM `meun` WHERE ( `pid`=16 )  [ RunTime:0.0000s ]
SQL: SELECT * FROM `meun` WHERE ( `pid`=21 )  [ RunTime:0.0000s ]
SQL: SELECT * FROM `meun` WHERE ( `pid`=26 )  [ RunTime:0.0000s ]
SQL: SELECT * FROM `meun` WHERE ( `pid`=30 )  [ RunTime:0.0010s ]
SQL: SELECT * FROM `meun` WHERE ( `pid`=34 )  [ RunTime:0.0000s ]
SQL: SELECT * FROM `meun` WHERE ( `pid`=37 )  [ RunTime:0.0000s ]
SQL: SELECT * FROM `meun` WHERE ( `pid`=40 )  [ RunTime:0.0000s ]
NOTIC: [8] Undefined index: id E:\WWW\think\Application\Admin\Controller\ContactUsController.class.php 第 30 行.
SQL: SHOW COLUMNS FROM `message` [ RunTime:0.0100s ]
SQL: SELECT * FROM `message` WHERE ( `id`='' ) LIMIT 1   [ RunTime:0.0000s ]
INFO: [ app_end ] --START--
INFO: Run Behavior\ShowPageTraceBehavior [ RunTime:0.000000s ]
INFO: [ app_end ] --END-- [ RunTime:0.001000s ]

[ 2017-08-07T09:52:26+08:00 ] 127.0.0.1 /think/index.php/Admin/ContactUs/check
INFO: [ app_init ] --START--
INFO: Run Behavior\BuildLiteBehavior [ RunTime:0.000000s ]
INFO: [ app_init ] --END-- [ RunTime:0.001000s ]
INFO: [ app_begin ] --START--
INFO: Run Behavior\ReadHtmlCacheBehavior [ RunTime:0.001000s ]
INFO: [ app_begin ] --END-- [ RunTime:0.001000s ]
SQL: SHOW COLUMNS FROM `meun` [ RunTime:0.0080s ]
SQL: SELECT * FROM `meun` WHERE `pid` = 0  [ RunTime:0.0010s ]
SQL: SELECT * FROM `meun` WHERE ( `pid`=1 )  [ RunTime:0.0000s ]
SQL: SELECT * FROM `meun` WHERE ( `pid`=6 )  [ RunTime:0.0010s ]
SQL: SELECT * FROM `meun` WHERE ( `pid`=11 )  [ RunTime:0.0010s ]
SQL: SELECT * FROM `meun` WHERE ( `pid`=16 )  [ RunTime:0.0000s ]
SQL: SELECT * FROM `meun` WHERE ( `pid`=21 )  [ RunTime:0.0000s ]
SQL: SELECT * FROM `meun` WHERE ( `pid`=26 )  [ RunTime:0.0010s ]
SQL: SELECT * FROM `meun` WHERE ( `pid`=30 )  [ RunTime:0.0000s ]
SQL: SELECT * FROM `meun` WHERE ( `pid`=34 )  [ RunTime:0.0010s ]
SQL: SELECT * FROM `meun` WHERE ( `pid`=37 )  [ RunTime:0.0000s ]
SQL: SELECT * FROM `meun` WHERE ( `pid`=40 )  [ RunTime:0.0010s ]
NOTIC: [8] Undefined index: id E:\WWW\think\Application\Admin\Controller\ContactUsController.class.php 第 30 行.
SQL: SHOW COLUMNS FROM `message` [ RunTime:0.0080s ]
SQL: SELECT * FROM `message` WHERE ( `id`='' ) LIMIT 1   [ RunTime:0.0010s ]
INFO: [ app_end ] --START--
INFO: Run Behavior\ShowPageTraceBehavior [ RunTime:0.001000s ]
INFO: [ app_end ] --END-- [ RunTime:0.001000s ]

[ 2017-08-07T09:52:27+08:00 ] 127.0.0.1 /think/index.php/Admin/ContactUs/check
INFO: [ app_init ] --START--
INFO: Run Behavior\BuildLiteBehavior [ RunTime:0.000000s ]
INFO: [ app_init ] --END-- [ RunTime:0.001000s ]
INFO: [ app_begin ] --START--
INFO: Run Behavior\ReadHtmlCacheBehavior [ RunTime:0.001000s ]
INFO: [ app_begin ] --END-- [ RunTime:0.001000s ]
SQL: SHOW COLUMNS FROM `meun` [ RunTime:0.0080s ]
SQL: SELECT * FROM `meun` WHERE `pid` = 0  [ RunTime:0.0000s ]
SQL: SELECT * FROM `meun` WHERE ( `pid`=1 )  [ RunTime:0.0000s ]
SQL: SELECT * FROM `meun` WHERE ( `pid`=6 )  [ RunTime:0.0000s ]
SQL: SELECT * FROM `meun` WHERE ( `pid`=11 )  [ RunTime:0.0010s ]
SQL: SELECT * FROM `meun` WHERE ( `pid`=16 )  [ RunTime:0.0000s ]
SQL: SELECT * FROM `meun` WHERE ( `pid`=21 )  [ RunTime:0.0000s ]
SQL: SELECT * FROM `meun` WHERE ( `pid`=26 )  [ RunTime:0.0000s ]
SQL: SELECT * FROM `meun` WHERE ( `pid`=30 )  [ RunTime:0.0000s ]
SQL: SELECT * FROM `meun` WHERE ( `pid`=34 )  [ RunTime:0.0000s ]
SQL: SELECT * FROM `meun` WHERE ( `pid`=37 )  [ RunTime:0.0000s ]
SQL: SELECT * FROM `meun` WHERE ( `pid`=40 )  [ RunTime:0.0010s ]
NOTIC: [8] Undefined index: id E:\WWW\think\Application\Admin\Controller\ContactUsController.class.php 第 30 行.
SQL: SHOW COLUMNS FROM `message` [ RunTime:0.0080s ]
SQL: SELECT * FROM `message` WHERE ( `id`='' ) LIMIT 1   [ RunTime:0.0010s ]
INFO: [ app_end ] --START--
INFO: Run Behavior\ShowPageTraceBehavior [ RunTime:0.001000s ]
INFO: [ app_end ] --END-- [ RunTime:0.001000s ]

[ 2017-08-07T09:52:43+08:00 ] 127.0.0.1 /think/index.php/Admin/ContactUs/index
INFO: [ app_init ] --START--
INFO: Run Behavior\BuildLiteBehavior [ RunTime:0.000000s ]
INFO: [ app_init ] --END-- [ RunTime:0.001000s ]
INFO: [ app_begin ] --START--
INFO: Run Behavior\ReadHtmlCacheBehavior [ RunTime:0.001000s ]
INFO: [ app_begin ] --END-- [ RunTime:0.001000s ]
SQL: SHOW COLUMNS FROM `meun` [ RunTime:0.0080s ]
SQL: SELECT * FROM `meun` WHERE `pid` = 0  [ RunTime:0.0000s ]
SQL: SELECT * FROM `meun` WHERE ( `pid`=1 )  [ RunTime:0.0010s ]
SQL: SELECT * FROM `meun` WHERE ( `pid`=6 )  [ RunTime:0.0000s ]
SQL: SELECT * FROM `meun` WHERE ( `pid`=11 )  [ RunTime:0.0000s ]
SQL: SELECT * FROM `meun` WHERE ( `pid`=16 )  [ RunTime:0.0010s ]
SQL: SELECT * FROM `meun` WHERE ( `pid`=21 )  [ RunTime:0.0000s ]
SQL: SELECT * FROM `meun` WHERE ( `pid`=26 )  [ RunTime:0.0010s ]
SQL: SELECT * FROM `meun` WHERE ( `pid`=30 )  [ RunTime:0.0000s ]
SQL: SELECT * FROM `meun` WHERE ( `pid`=34 )  [ RunTime:0.0000s ]
SQL: SELECT * FROM `meun` WHERE ( `pid`=37 )  [ RunTime:0.0010s ]
SQL: SELECT * FROM `meun` WHERE ( `pid`=40 )  [ RunTime:0.0000s ]
SQL: SHOW COLUMNS FROM `message` [ RunTime:0.0100s ]
SQL: SELECT COUNT(*) AS tp_count FROM `message` LIMIT 1   [ RunTime:0.0000s ]
SQL: SELECT * FROM `message` ORDER BY time DESC LIMIT 0,8   [ RunTime:0.0000s ]
INFO: [ view_parse ] --START--
INFO: [ template_filter ] --START--
INFO: Run Behavior\ContentReplaceBehavior [ RunTime:0.000000s ]
INFO: [ template_filter ] --END-- [ RunTime:0.000000s ]
NOTIC: [8] Undefined index: name E:\WWW\think\Application\Runtime\Cache\Admin\e900595e90310bbde5f88d1f21185875.php 第 195 行.
INFO: Run Behavior\ParseTemplateBehavior [ RunTime:0.018001s ]
INFO: [ view_parse ] --END-- [ RunTime:0.018001s ]
INFO: [ view_filter ] --START--
INFO: Run Behavior\WriteHtmlCacheBehavior [ RunTime:0.001000s ]
INFO: [ view_filter ] --END-- [ RunTime:0.001000s ]
INFO: [ app_end ] --START--
INFO: Run Behavior\ShowPageTraceBehavior [ RunTime:0.004000s ]
INFO: [ app_end ] --END-- [ RunTime:0.004000s ]

[ 2017-08-07T09:52:45+08:00 ] 127.0.0.1 /think/index.php/Admin/ContactUs/index
INFO: [ app_init ] --START--
INFO: Run Behavior\BuildLiteBehavior [ RunTime:0.000000s ]
INFO: [ app_init ] --END-- [ RunTime:0.001000s ]
INFO: [ app_begin ] --START--
INFO: Run Behavior\ReadHtmlCacheBehavior [ RunTime:0.001000s ]
INFO: [ app_begin ] --END-- [ RunTime:0.001000s ]
SQL: SHOW COLUMNS FROM `meun` [ RunTime:0.0090s ]
SQL: SELECT * FROM `meun` WHERE `pid` = 0  [ RunTime:0.0020s ]
SQL: SELECT * FROM `meun` WHERE ( `pid`=1 )  [ RunTime:0.0010s ]
SQL: SELECT * FROM `meun` WHERE ( `pid`=6 )  [ RunTime:0.0000s ]
SQL: SELECT * FROM `meun` WHERE ( `pid`=11 )  [ RunTime:0.0010s ]
SQL: SELECT * FROM `meun` WHERE ( `pid`=16 )  [ RunTime:0.0000s ]
SQL: SELECT * FROM `meun` WHERE ( `pid`=21 )  [ RunTime:0.0000s ]
SQL: SELECT * FROM `meun` WHERE ( `pid`=26 )  [ RunTime:0.0010s ]
SQL: SELECT * FROM `meun` WHERE ( `pid`=30 )  [ RunTime:0.0000s ]
SQL: SELECT * FROM `meun` WHERE ( `pid`=34 )  [ RunTime:0.0010s ]
SQL: SELECT * FROM `meun` WHERE ( `pid`=37 )  [ RunTime:0.0000s ]
SQL: SELECT * FROM `meun` WHERE ( `pid`=40 )  [ RunTime:0.0000s ]
SQL: SHOW COLUMNS FROM `message` [ RunTime:0.0090s ]
SQL: SELECT COUNT(*) AS tp_count FROM `message` LIMIT 1   [ RunTime:0.0000s ]
SQL: SELECT * FROM `message` ORDER BY time DESC LIMIT 0,8   [ RunTime:0.0010s ]
INFO: [ view_parse ] --START--
INFO: [ template_filter ] --START--
INFO: Run Behavior\ContentReplaceBehavior [ RunTime:0.000000s ]
INFO: [ template_filter ] --END-- [ RunTime:0.000000s ]
NOTIC: [8] Undefined index: name E:\WWW\think\Application\Runtime\Cache\Admin\e900595e90310bbde5f88d1f21185875.php 第 195 行.
INFO: Run Behavior\ParseTemplateBehavior [ RunTime:0.019001s ]
INFO: [ view_parse ] --END-- [ RunTime:0.019001s ]
INFO: [ view_filter ] --START--
INFO: Run Behavior\WriteHtmlCacheBehavior [ RunTime:0.001000s ]
INFO: [ view_filter ] --END-- [ RunTime:0.001000s ]
INFO: [ app_end ] --START--
INFO: Run Behavior\ShowPageTraceBehavior [ RunTime:0.006000s ]
INFO: [ app_end ] --END-- [ RunTime:0.006000s ]

[ 2017-08-07T09:52:46+08:00 ] 127.0.0.1 /think/index.php/Admin/ContactUs/check/id/1.html
INFO: [ app_init ] --START--
INFO: Run Behavior\BuildLiteBehavior [ RunTime:0.000000s ]
INFO: [ app_init ] --END-- [ RunTime:0.000000s ]
INFO: [ app_begin ] --START--
INFO: Run Behavior\ReadHtmlCacheBehavior [ RunTime:0.001000s ]
INFO: [ app_begin ] --END-- [ RunTime:0.001000s ]
SQL: SHOW COLUMNS FROM `meun` [ RunTime:0.0070s ]
SQL: SELECT * FROM `meun` WHERE `pid` = 0  [ RunTime:0.0010s ]
SQL: SELECT * FROM `meun` WHERE ( `pid`=1 )  [ RunTime:0.0000s ]
SQL: SELECT * FROM `meun` WHERE ( `pid`=6 )  [ RunTime:0.0000s ]
SQL: SELECT * FROM `meun` WHERE ( `pid`=11 )  [ RunTime:0.0010s ]
SQL: SELECT * FROM `meun` WHERE ( `pid`=16 )  [ RunTime:0.0000s ]
SQL: SELECT * FROM `meun` WHERE ( `pid`=21 )  [ RunTime:0.0010s ]
SQL: SELECT * FROM `meun` WHERE ( `pid`=26 )  [ RunTime:0.0000s ]
SQL: SELECT * FROM `meun` WHERE ( `pid`=30 )  [ RunTime:0.0000s ]
SQL: SELECT * FROM `meun` WHERE ( `pid`=34 )  [ RunTime:0.0010s ]
SQL: SELECT * FROM `meun` WHERE ( `pid`=37 )  [ RunTime:0.0000s ]
SQL: SELECT * FROM `meun` WHERE ( `pid`=40 )  [ RunTime:0.0010s ]
SQL: SHOW COLUMNS FROM `message` [ RunTime:0.0070s ]
SQL: SELECT * FROM `message` WHERE ( `id`='1' ) LIMIT 1   [ RunTime:0.0000s ]
INFO: [ app_end ] --START--
INFO: Run Behavior\ShowPageTraceBehavior [ RunTime:0.001000s ]
INFO: [ app_end ] --END-- [ RunTime:0.001000s ]

[ 2017-08-07T10:01:44+08:00 ] 127.0.0.1 /think/index.php/Admin/ContactUs/index
INFO: [ app_init ] --START--
INFO: Run Behavior\BuildLiteBehavior [ RunTime:0.000000s ]
INFO: [ app_init ] --END-- [ RunTime:0.000000s ]
INFO: [ app_begin ] --START--
INFO: Run Behavior\ReadHtmlCacheBehavior [ RunTime:0.001000s ]
INFO: [ app_begin ] --END-- [ RunTime:0.001000s ]
SQL: SHOW COLUMNS FROM `meun` [ RunTime:0.0080s ]
SQL: SELECT * FROM `meun` WHERE `pid` = 0  [ RunTime:0.0010s ]
SQL: SELECT * FROM `meun` WHERE ( `pid`=1 )  [ RunTime:0.0000s ]
SQL: SELECT * FROM `meun` WHERE ( `pid`=6 )  [ RunTime:0.0010s ]
SQL: SELECT * FROM `meun` WHERE ( `pid`=11 )  [ RunTime:0.0000s ]
SQL: SELECT * FROM `meun` WHERE ( `pid`=16 )  [ RunTime:0.0000s ]
SQL: SELECT * FROM `meun` WHERE ( `pid`=21 )  [ RunTime:0.0010s ]
SQL: SELECT * FROM `meun` WHERE ( `pid`=26 )  [ RunTime:0.0000s ]
SQL: SELECT * FROM `meun` WHERE ( `pid`=30 )  [ RunTime:0.0010s ]
SQL: SELECT * FROM `meun` WHERE ( `pid`=34 )  [ RunTime:0.0000s ]
SQL: SELECT * FROM `meun` WHERE ( `pid`=37 )  [ RunTime:0.0000s ]
SQL: SELECT * FROM `meun` WHERE ( `pid`=40 )  [ RunTime:0.0010s ]
SQL: SHOW COLUMNS FROM `message` [ RunTime:0.0060s ]
SQL: SELECT COUNT(*) AS tp_count FROM `message` LIMIT 1   [ RunTime:0.0010s ]
SQL: SELECT * FROM `message` ORDER BY time DESC LIMIT 0,8   [ RunTime:0.0010s ]
INFO: [ view_parse ] --START--
INFO: [ template_filter ] --START--
INFO: Run Behavior\ContentReplaceBehavior [ RunTime:0.000000s ]
INFO: [ template_filter ] --END-- [ RunTime:0.000000s ]
NOTIC: [8] Undefined index: name E:\WWW\think\Application\Runtime\Cache\Admin\e900595e90310bbde5f88d1f21185875.php 第 195 行.
INFO: Run Behavior\ParseTemplateBehavior [ RunTime:0.019001s ]
INFO: [ view_parse ] --END-- [ RunTime:0.019001s ]
INFO: [ view_filter ] --START--
INFO: Run Behavior\WriteHtmlCacheBehavior [ RunTime:0.001000s ]
INFO: [ view_filter ] --END-- [ RunTime:0.001000s ]
INFO: [ app_end ] --START--
INFO: Run Behavior\ShowPageTraceBehavior [ RunTime:0.005001s ]
INFO: [ app_end ] --END-- [ RunTime:0.005001s ]

[ 2017-08-07T10:01:46+08:00 ] 127.0.0.1 /think/index.php/Admin/ContactUs/check/id/1.html
INFO: [ app_init ] --START--
INFO: Run Behavior\BuildLiteBehavior [ RunTime:0.000000s ]
INFO: [ app_init ] --END-- [ RunTime:0.000000s ]
INFO: [ app_begin ] --START--
INFO: Run Behavior\ReadHtmlCacheBehavior [ RunTime:0.001000s ]
INFO: [ app_begin ] --END-- [ RunTime:0.001000s ]
SQL: SHOW COLUMNS FROM `meun` [ RunTime:0.0060s ]
SQL: SELECT * FROM `meun` WHERE `pid` = 0  [ RunTime:0.0000s ]
SQL: SELECT * FROM `meun` WHERE ( `pid`=1 )  [ RunTime:0.0010s ]
SQL: SELECT * FROM `meun` WHERE ( `pid`=6 )  [ RunTime:0.0010s ]
SQL: SELECT * FROM `meun` WHERE ( `pid`=11 )  [ RunTime:0.0010s ]
SQL: SELECT * FROM `meun` WHERE ( `pid`=16 )  [ RunTime:0.0000s ]
SQL: SELECT * FROM `meun` WHERE ( `pid`=21 )  [ RunTime:0.0000s ]
SQL: SELECT * FROM `meun` WHERE ( `pid`=26 )  [ RunTime:0.0010s ]
SQL: SELECT * FROM `meun` WHERE ( `pid`=30 )  [ RunTime:0.0000s ]
SQL: SELECT * FROM `meun` WHERE ( `pid`=34 )  [ RunTime:0.0000s ]
SQL: SELECT * FROM `meun` WHERE ( `pid`=37 )  [ RunTime:0.0000s ]
SQL: SELECT * FROM `meun` WHERE ( `pid`=40 )  [ RunTime:0.0010s ]
SQL: SHOW COLUMNS FROM `message` [ RunTime:0.0060s ]
SQL: SELECT * FROM `message` WHERE ( `id`='1' ) LIMIT 1   [ RunTime:0.0010s ]
INFO: [ view_parse ] --START--
INFO: [ template_filter ] --START--
INFO: Run Behavior\ContentReplaceBehavior [ RunTime:0.000000s ]
INFO: [ template_filter ] --END-- [ RunTime:0.001000s ]
INFO: Run Behavior\ParseTemplateBehavior [ RunTime:0.016001s ]
INFO: [ view_parse ] --END-- [ RunTime:0.016001s ]
INFO: [ view_filter ] --START--
INFO: Run Behavior\WriteHtmlCacheBehavior [ RunTime:0.001000s ]
INFO: [ view_filter ] --END-- [ RunTime:0.001000s ]
INFO: [ app_end ] --START--
INFO: Run Behavior\ShowPageTraceBehavior [ RunTime:0.001000s ]
INFO: [ app_end ] --END-- [ RunTime:0.001000s ]

[ 2017-08-07T10:02:03+08:00 ] 127.0.0.1 /think/index.php/Admin/ContactUs/check/id/1.html
INFO: [ app_init ] --START--
INFO: Run Behavior\BuildLiteBehavior [ RunTime:0.000000s ]
INFO: [ app_init ] --END-- [ RunTime:0.002000s ]
INFO: [ app_begin ] --START--
INFO: Run Behavior\ReadHtmlCacheBehavior [ RunTime:0.001000s ]
INFO: [ app_begin ] --END-- [ RunTime:0.001000s ]
SQL: SHOW COLUMNS FROM `meun` [ RunTime:0.0080s ]
SQL: SELECT * FROM `meun` WHERE `pid` = 0  [ RunTime:0.0010s ]
SQL: SELECT * FROM `meun` WHERE ( `pid`=1 )  [ RunTime:0.0010s ]
SQL: SELECT * FROM `meun` WHERE ( `pid`=6 )  [ RunTime:0.0010s ]
SQL: SELECT * FROM `meun` WHERE ( `pid`=11 )  [ RunTime:0.0010s ]
SQL: SELECT * FROM `meun` WHERE ( `pid`=16 )  [ RunTime:0.0000s ]
SQL: SELECT * FROM `meun` WHERE ( `pid`=21 )  [ RunTime:0.0000s ]
SQL: SELECT * FROM `meun` WHERE ( `pid`=26 )  [ RunTime:0.0010s ]
SQL: SELECT * FROM `meun` WHERE ( `pid`=30 )  [ RunTime:0.0000s ]
SQL: SELECT * FROM `meun` WHERE ( `pid`=34 )  [ RunTime:0.0010s ]
SQL: SELECT * FROM `meun` WHERE ( `pid`=37 )  [ RunTime:0.0000s ]
SQL: SELECT * FROM `meun` WHERE ( `pid`=40 )  [ RunTime:0.0010s ]
SQL: SHOW COLUMNS FROM `message` [ RunTime:0.0070s ]
SQL: SELECT * FROM `message` WHERE ( `id`='1' ) LIMIT 1   [ RunTime:0.0010s ]
INFO: [ view_parse ] --START--
INFO: [ template_filter ] --START--
INFO: Run Behavior\ContentReplaceBehavior [ RunTime:0.001000s ]
INFO: [ template_filter ] --END-- [ RunTime:0.001000s ]
INFO: Run Behavior\ParseTemplateBehavior [ RunTime:0.015001s ]
INFO: [ view_parse ] --END-- [ RunTime:0.015001s ]
INFO: [ view_filter ] --START--
INFO: Run Behavior\WriteHtmlCacheBehavior [ RunTime:0.001000s ]
INFO: [ view_filter ] --END-- [ RunTime:0.001000s ]
INFO: [ app_end ] --START--
INFO: Run Behavior\ShowPageTraceBehavior [ RunTime:0.001000s ]
INFO: [ app_end ] --END-- [ RunTime:0.001000s ]

[ 2017-08-07T10:02:06+08:00 ] 127.0.0.1 /think/index.php/Admin/ContactUs/check/id/1.html
INFO: [ app_init ] --START--
INFO: Run Behavior\BuildLiteBehavior [ RunTime:0.000000s ]
INFO: [ app_init ] --END-- [ RunTime:0.001000s ]
INFO: [ app_begin ] --START--
INFO: Run Behavior\ReadHtmlCacheBehavior [ RunTime:0.000000s ]
INFO: [ app_begin ] --END-- [ RunTime:0.000000s ]
SQL: SHOW COLUMNS FROM `meun` [ RunTime:0.0060s ]
SQL: SELECT * FROM `meun` WHERE `pid` = 0  [ RunTime:0.0010s ]
SQL: SELECT * FROM `meun` WHERE ( `pid`=1 )  [ RunTime:0.0010s ]
SQL: SELECT * FROM `meun` WHERE ( `pid`=6 )  [ RunTime:0.0010s ]
SQL: SELECT * FROM `meun` WHERE ( `pid`=11 )  [ RunTime:0.0000s ]
SQL: SELECT * FROM `meun` WHERE ( `pid`=16 )  [ RunTime:0.0010s ]
SQL: SELECT * FROM `meun` WHERE ( `pid`=21 )  [ RunTime:0.0000s ]
SQL: SELECT * FROM `meun` WHERE ( `pid`=26 )  [ RunTime:0.0000s ]
SQL: SELECT * FROM `meun` WHERE ( `pid`=30 )  [ RunTime:0.0010s ]
SQL: SELECT * FROM `meun` WHERE ( `pid`=34 )  [ RunTime:0.0000s ]
SQL: SELECT * FROM `meun` WHERE ( `pid`=37 )  [ RunTime:0.0010s ]
SQL: SELECT * FROM `meun` WHERE ( `pid`=40 )  [ RunTime:0.0000s ]
SQL: SHOW COLUMNS FROM `message` [ RunTime:0.0060s ]
SQL: SELECT * FROM `message` WHERE ( `id`='1' ) LIMIT 1   [ RunTime:0.0010s ]
INFO: [ view_parse ] --START--
INFO: [ template_filter ] --START--
INFO: Run Behavior\ContentReplaceBehavior [ RunTime:0.000000s ]
INFO: [ template_filter ] --END-- [ RunTime:0.000000s ]
INFO: Run Behavior\ParseTemplateBehavior [ RunTime:0.015001s ]
INFO: [ view_parse ] --END-- [ RunTime:0.015001s ]
INFO: [ view_filter ] --START--
INFO: Run Behavior\WriteHtmlCacheBehavior [ RunTime:0.000000s ]
INFO: [ view_filter ] --END-- [ RunTime:0.000000s ]
INFO: [ app_end ] --START--
INFO: Run Behavior\ShowPageTraceBehavior [ RunTime:0.001000s ]
INFO: [ app_end ] --END-- [ RunTime:0.001000s ]

[ 2017-08-07T10:02:37+08:00 ] 127.0.0.1 /think/index.php/Admin/ContactUs/check/id/1.html
INFO: [ app_init ] --START--
INFO: Run Behavior\BuildLiteBehavior [ RunTime:0.000000s ]
INFO: [ app_init ] --END-- [ RunTime:0.001000s ]
INFO: [ app_begin ] --START--
INFO: Run Behavior\ReadHtmlCacheBehavior [ RunTime:0.001001s ]
INFO: [ app_begin ] --END-- [ RunTime:0.001001s ]
SQL: SHOW COLUMNS FROM `meun` [ RunTime:0.0050s ]
SQL: SELECT * FROM `meun` WHERE `pid` = 0  [ RunTime:0.0000s ]
SQL: SELECT * FROM `meun` WHERE ( `pid`=1 )  [ RunTime:0.0010s ]
SQL: SELECT * FROM `meun` WHERE ( `pid`=6 )  [ RunTime:0.0000s ]
SQL: SELECT * FROM `meun` WHERE ( `pid`=11 )  [ RunTime:0.0000s ]
SQL: SELECT * FROM `meun` WHERE ( `pid`=16 )  [ RunTime:0.0010s ]
SQL: SELECT * FROM `meun` WHERE ( `pid`=21 )  [ RunTime:0.0000s ]
SQL: SELECT * FROM `meun` WHERE ( `pid`=26 )  [ RunTime:0.0010s ]
SQL: SELECT * FROM `meun` WHERE ( `pid`=30 )  [ RunTime:0.0000s ]
SQL: SELECT * FROM `meun` WHERE ( `pid`=34 )  [ RunTime:0.0010s ]
SQL: SELECT * FROM `meun` WHERE ( `pid`=37 )  [ RunTime:0.0000s ]
SQL: SELECT * FROM `meun` WHERE ( `pid`=40 )  [ RunTime:0.0010s ]
SQL: SHOW COLUMNS FROM `message` [ RunTime:0.0060s ]
SQL: SELECT * FROM `message` WHERE ( `id`='1' ) LIMIT 1   [ RunTime:0.0000s ]
INFO: [ view_parse ] --START--
INFO: [ template_filter ] --START--
INFO: Run Behavior\ContentReplaceBehavior [ RunTime:0.000000s ]
INFO: [ template_filter ] --END-- [ RunTime:0.001000s ]
INFO: Run Behavior\ParseTemplateBehavior [ RunTime:0.016001s ]
INFO: [ view_parse ] --END-- [ RunTime:0.016001s ]
INFO: [ view_filter ] --START--
INFO: Run Behavior\WriteHtmlCacheBehavior [ RunTime:0.001000s ]
INFO: [ view_filter ] --END-- [ RunTime:0.001000s ]
INFO: [ app_end ] --START--
INFO: Run Behavior\ShowPageTraceBehavior [ RunTime:0.001000s ]
INFO: [ app_end ] --END-- [ RunTime:0.001000s ]

[ 2017-08-07T10:06:04+08:00 ] 127.0.0.1 /think/index.php/Admin/ContactUs/index
INFO: [ app_init ] --START--
INFO: Run Behavior\BuildLiteBehavior [ RunTime:0.000000s ]
INFO: [ app_init ] --END-- [ RunTime:0.001000s ]
INFO: [ app_begin ] --START--
INFO: Run Behavior\ReadHtmlCacheBehavior [ RunTime:0.002000s ]
INFO: [ app_begin ] --END-- [ RunTime:0.002000s ]
SQL: SHOW COLUMNS FROM `meun` [ RunTime:0.0150s ]
SQL: SELECT * FROM `meun` WHERE `pid` = 0  [ RunTime:0.0000s ]
SQL: SELECT * FROM `meun` WHERE ( `pid`=1 )  [ RunTime:0.0010s ]
SQL: SELECT * FROM `meun` WHERE ( `pid`=6 )  [ RunTime:0.0000s ]
SQL: SELECT * FROM `meun` WHERE ( `pid`=11 )  [ RunTime:0.0020s ]
SQL: SELECT * FROM `meun` WHERE ( `pid`=16 )  [ RunTime:0.0000s ]
SQL: SELECT * FROM `meun` WHERE ( `pid`=21 )  [ RunTime:0.0000s ]
SQL: SELECT * FROM `meun` WHERE ( `pid`=26 )  [ RunTime:0.0010s ]
SQL: SELECT * FROM `meun` WHERE ( `pid`=30 )  [ RunTime:0.0010s ]
SQL: SELECT * FROM `meun` WHERE ( `pid`=34 )  [ RunTime:0.0000s ]
SQL: SELECT * FROM `meun` WHERE ( `pid`=37 )  [ RunTime:0.0010s ]
SQL: SELECT * FROM `meun` WHERE ( `pid`=40 )  [ RunTime:0.0010s ]
SQL: SHOW COLUMNS FROM `message` [ RunTime:0.0060s ]
SQL: SELECT COUNT(*) AS tp_count FROM `message` LIMIT 1   [ RunTime:0.0010s ]
SQL: SELECT * FROM `message` ORDER BY time DESC LIMIT 0,8   [ RunTime:0.0010s ]
INFO: [ view_parse ] --START--
INFO: [ template_filter ] --START--
INFO: Run Behavior\ContentReplaceBehavior [ RunTime:0.000000s ]
INFO: [ template_filter ] --END-- [ RunTime:0.000000s ]
NOTIC: [8] Undefined index: name E:\WWW\think\Application\Runtime\Cache\Admin\e900595e90310bbde5f88d1f21185875.php 第 195 行.
INFO: Run Behavior\ParseTemplateBehavior [ RunTime:0.025001s ]
INFO: [ view_parse ] --END-- [ RunTime:0.025001s ]
INFO: [ view_filter ] --START--
INFO: Run Behavior\WriteHtmlCacheBehavior [ RunTime:0.001000s ]
INFO: [ view_filter ] --END-- [ RunTime:0.001000s ]
INFO: [ app_end ] --START--
INFO: Run Behavior\ShowPageTraceBehavior [ RunTime:0.006001s ]
INFO: [ app_end ] --END-- [ RunTime:0.007001s ]

[ 2017-08-07T10:06:06+08:00 ] 127.0.0.1 /think/index.php/Admin/ContactUs/index
INFO: [ app_init ] --START--
INFO: Run Behavior\BuildLiteBehavior [ RunTime:0.000000s ]
INFO: [ app_init ] --END-- [ RunTime:0.001000s ]
INFO: [ app_begin ] --START--
INFO: Run Behavior\ReadHtmlCacheBehavior [ RunTime:0.001000s ]
INFO: [ app_begin ] --END-- [ RunTime:0.001000s ]
SQL: SHOW COLUMNS FROM `meun` [ RunTime:0.0050s ]
SQL: SELECT * FROM `meun` WHERE `pid` = 0  [ RunTime:0.0000s ]
SQL: SELECT * FROM `meun` WHERE ( `pid`=1 )  [ RunTime:0.0000s ]
SQL: SELECT * FROM `meun` WHERE ( `pid`=6 )  [ RunTime:0.0010s ]
SQL: SELECT * FROM `meun` WHERE ( `pid`=11 )  [ RunTime:0.0000s ]
SQL: SELECT * FROM `meun` WHERE ( `pid`=16 )  [ RunTime:0.0010s ]
SQL: SELECT * FROM `meun` WHERE ( `pid`=21 )  [ RunTime:0.0010s ]
SQL: SELECT * FROM `meun` WHERE ( `pid`=26 )  [ RunTime:0.0000s ]
SQL: SELECT * FROM `meun` WHERE ( `pid`=30 )  [ RunTime:0.0000s ]
SQL: SELECT * FROM `meun` WHERE ( `pid`=34 )  [ RunTime:0.0010s ]
SQL: SELECT * FROM `meun` WHERE ( `pid`=37 )  [ RunTime:0.0000s ]
SQL: SELECT * FROM `meun` WHERE ( `pid`=40 )  [ RunTime:0.0000s ]
SQL: SHOW COLUMNS FROM `message` [ RunTime:0.0070s ]
SQL: SELECT COUNT(*) AS tp_count FROM `message` LIMIT 1   [ RunTime:0.0000s ]
SQL: SELECT * FROM `message` ORDER BY time DESC LIMIT 0,8   [ RunTime:0.0000s ]
INFO: [ view_parse ] --START--
INFO: [ template_filter ] --START--
INFO: Run Behavior\ContentReplaceBehavior [ RunTime:0.000000s ]
INFO: [ template_filter ] --END-- [ RunTime:0.000000s ]
NOTIC: [8] Undefined index: name E:\WWW\think\Application\Runtime\Cache\Admin\e900595e90310bbde5f88d1f21185875.php 第 195 行.
INFO: Run Behavior\ParseTemplateBehavior [ RunTime:0.019001s ]
INFO: [ view_parse ] --END-- [ RunTime:0.019001s ]
INFO: [ view_filter ] --START--
INFO: Run Behavior\WriteHtmlCacheBehavior [ RunTime:0.001000s ]
INFO: [ view_filter ] --END-- [ RunTime:0.001000s ]
INFO: [ app_end ] --START--
INFO: Run Behavior\ShowPageTraceBehavior [ RunTime:0.005000s ]
INFO: [ app_end ] --END-- [ RunTime:0.005000s ]

[ 2017-08-07T10:06:08+08:00 ] 127.0.0.1 /think/index.php/Admin/ContactUs/delete/id/1.html
INFO: [ app_init ] --START--
INFO: Run Behavior\BuildLiteBehavior [ RunTime:0.000000s ]
INFO: [ app_init ] --END-- [ RunTime:0.001001s ]
INFO: [ app_begin ] --START--
INFO: Run Behavior\ReadHtmlCacheBehavior [ RunTime:0.001000s ]
INFO: [ app_begin ] --END-- [ RunTime:0.001000s ]
SQL: SHOW COLUMNS FROM `meun` [ RunTime:0.0060s ]
SQL: SELECT * FROM `meun` WHERE `pid` = 0  [ RunTime:0.0000s ]
SQL: SELECT * FROM `meun` WHERE ( `pid`=1 )  [ RunTime:0.0000s ]
SQL: SELECT * FROM `meun` WHERE ( `pid`=6 )  [ RunTime:0.0000s ]
SQL: SELECT * FROM `meun` WHERE ( `pid`=11 )  [ RunTime:0.0010s ]
SQL: SELECT * FROM `meun` WHERE ( `pid`=16 )  [ RunTime:0.0000s ]
SQL: SELECT * FROM `meun` WHERE ( `pid`=21 )  [ RunTime:0.0000s ]
SQL: SELECT * FROM `meun` WHERE ( `pid`=26 )  [ RunTime:0.0010s ]
SQL: SELECT * FROM `meun` WHERE ( `pid`=30 )  [ RunTime:0.0000s ]
SQL: SELECT * FROM `meun` WHERE ( `pid`=34 )  [ RunTime:0.0010s ]
SQL: SELECT * FROM `meun` WHERE ( `pid`=37 )  [ RunTime:0.0000s ]
SQL: SELECT * FROM `meun` WHERE ( `pid`=40 )  [ RunTime:0.0010s ]
SQL: SHOW COLUMNS FROM `message` [ RunTime:0.0060s ]
SQL: DELETE FROM `message` WHERE `id` = '1' [ RunTime:0.0210s ]

[ 2017-08-07T10:06:08+08:00 ] 127.0.0.1 /think/index.php/Admin/ContactUs/index.html
INFO: [ app_init ] --START--
INFO: Run Behavior\BuildLiteBehavior [ RunTime:0.000000s ]
INFO: [ app_init ] --END-- [ RunTime:0.001000s ]
INFO: [ app_begin ] --START--
INFO: Run Behavior\ReadHtmlCacheBehavior [ RunTime:0.000000s ]
INFO: [ app_begin ] --END-- [ RunTime:0.000000s ]
SQL: SHOW COLUMNS FROM `meun` [ RunTime:0.0060s ]
SQL: SELECT * FROM `meun` WHERE `pid` = 0  [ RunTime:0.0000s ]
SQL: SELECT * FROM `meun` WHERE ( `pid`=1 )  [ RunTime:0.0010s ]
SQL: SELECT * FROM `meun` WHERE ( `pid`=6 )  [ RunTime:0.0000s ]
SQL: SELECT * FROM `meun` WHERE ( `pid`=11 )  [ RunTime:0.0000s ]
SQL: SELECT * FROM `meun` WHERE ( `pid`=16 )  [ RunTime:0.0010s ]
SQL: SELECT * FROM `meun` WHERE ( `pid`=21 )  [ RunTime:0.0000s ]
SQL: SELECT * FROM `meun` WHERE ( `pid`=26 )  [ RunTime:0.0010s ]
SQL: SELECT * FROM `meun` WHERE ( `pid`=30 )  [ RunTime:0.0000s ]
SQL: SELECT * FROM `meun` WHERE ( `pid`=34 )  [ RunTime:0.0000s ]
SQL: SELECT * FROM `meun` WHERE ( `pid`=37 )  [ RunTime:0.0010s ]
SQL: SELECT * FROM `meun` WHERE ( `pid`=40 )  [ RunTime:0.0000s ]
SQL: SHOW COLUMNS FROM `message` [ RunTime:0.0060s ]
SQL: SELECT COUNT(*) AS tp_count FROM `message` LIMIT 1   [ RunTime:0.0010s ]
SQL: SELECT * FROM `message` ORDER BY time DESC LIMIT 0,8   [ RunTime:0.0010s ]
INFO: [ view_parse ] --START--
INFO: [ template_filter ] --START--
INFO: Run Behavior\ContentReplaceBehavior [ RunTime:0.000000s ]
INFO: [ template_filter ] --END-- [ RunTime:0.000000s ]
INFO: Run Behavior\ParseTemplateBehavior [ RunTime:0.020001s ]
INFO: [ view_parse ] --END-- [ RunTime:0.020001s ]
INFO: [ view_filter ] --START--
INFO: Run Behavior\WriteHtmlCacheBehavior [ RunTime:0.001000s ]
INFO: [ view_filter ] --END-- [ RunTime:0.001000s ]
INFO: [ app_end ] --START--
INFO: Run Behavior\ShowPageTraceBehavior [ RunTime:0.001000s ]
INFO: [ app_end ] --END-- [ RunTime:0.001000s ]

