[ 2017-08-31T16:18:05+08:00 ] 127.0.0.1 /think/index.php/Admin/Login/login.html
INFO: [ app_init ] --START--
INFO: Run Behavior\BuildLiteBehavior [ RunTime:0.000000s ]
INFO: [ app_init ] --END-- [ RunTime:0.001000s ]
INFO: [ app_begin ] --START--
INFO: Run Behavior\ReadHtmlCacheBehavior [ RunTime:0.001000s ]
INFO: [ app_begin ] --END-- [ RunTime:0.001000s ]
SQL: SHOW COLUMNS FROM `admin` [ RunTime:0.0100s ]
SQL: SELECT * FROM `admin` WHERE `names` = null LIMIT 1   [ RunTime:0.0000s ]
SQL: SHOW COLUMNS FROM `level` [ RunTime:0.0110s ]
SQL: SELECT * FROM `level` WHERE `id` = null LIMIT 1   [ RunTime:0.0000s ]
NOTIC: [2] Invalid argument supplied for foreach() D:\phpStudy\WWW\think\Application\Admin\Controller\PublicController.class.php 第 59 行.
INFO: [ view_parse ] --START--
INFO: [ template_filter ] --START--
INFO: Run Behavior\ContentReplaceBehavior [ RunTime:0.000000s ]
INFO: [ template_filter ] --END-- [ RunTime:0.000000s ]
INFO: Run Behavior\ParseTemplateBehavior [ RunTime:0.029002s ]
INFO: [ view_parse ] --END-- [ RunTime:0.029002s ]
INFO: [ view_filter ] --START--
INFO: Run Behavior\WriteHtmlCacheBehavior [ RunTime:0.001000s ]
INFO: [ view_filter ] --END-- [ RunTime:0.001000s ]
INFO: [ app_end ] --START--
INFO: Run Behavior\ShowPageTraceBehavior [ RunTime:0.000000s ]
INFO: [ app_end ] --END-- [ RunTime:0.000000s ]

[ 2017-08-31T16:18:05+08:00 ] 127.0.0.1 /think/index.php/Admin/Public/vcode.html
INFO: [ app_init ] --START--
INFO: Run Behavior\BuildLiteBehavior [ RunTime:0.000000s ]
INFO: [ app_init ] --END-- [ RunTime:0.000000s ]
INFO: [ app_begin ] --START--
INFO: Run Behavior\ReadHtmlCacheBehavior [ RunTime:0.001000s ]
INFO: [ app_begin ] --END-- [ RunTime:0.001000s ]
SQL: SHOW COLUMNS FROM `admin` [ RunTime:0.0100s ]
SQL: SELECT * FROM `admin` WHERE `names` = null LIMIT 1   [ RunTime:0.0010s ]
SQL: SHOW COLUMNS FROM `level` [ RunTime:0.0090s ]
SQL: SELECT * FROM `level` WHERE `id` = null LIMIT 1   [ RunTime:0.0010s ]
NOTIC: [2] Invalid argument supplied for foreach() D:\phpStudy\WWW\think\Application\Admin\Controller\PublicController.class.php 第 59 行.
INFO: [ app_end ] --START--
INFO: Run Behavior\ShowPageTraceBehavior [ RunTime:0.001000s ]
INFO: [ app_end ] --END-- [ RunTime:0.001000s ]

[ 2017-08-31T16:18:12+08:00 ] 127.0.0.1 /think/index.php/Admin/Public/vcode.html
INFO: [ app_init ] --START--
INFO: Run Behavior\BuildLiteBehavior [ RunTime:0.001000s ]
INFO: [ app_init ] --END-- [ RunTime:0.001000s ]
INFO: [ app_begin ] --START--
INFO: Run Behavior\ReadHtmlCacheBehavior [ RunTime:0.001000s ]
INFO: [ app_begin ] --END-- [ RunTime:0.001000s ]
SQL: SHOW COLUMNS FROM `admin` [ RunTime:0.0090s ]
SQL: SELECT * FROM `admin` WHERE `names` = null LIMIT 1   [ RunTime:0.0000s ]
SQL: SHOW COLUMNS FROM `level` [ RunTime:0.0090s ]
SQL: SELECT * FROM `level` WHERE `id` = null LIMIT 1   [ RunTime:0.0000s ]
NOTIC: [2] Invalid argument supplied for foreach() D:\phpStudy\WWW\think\Application\Admin\Controller\PublicController.class.php 第 59 行.

[ 2017-08-31T16:18:20+08:00 ] 127.0.0.1 /think/index.php/Admin/Public/vcode.html?num=%271%27
INFO: [ app_init ] --START--
INFO: Run Behavior\BuildLiteBehavior [ RunTime:0.000000s ]
INFO: [ app_init ] --END-- [ RunTime:0.000000s ]
INFO: [ app_begin ] --START--
INFO: Run Behavior\ReadHtmlCacheBehavior [ RunTime:0.001000s ]
INFO: [ app_begin ] --END-- [ RunTime:0.001000s ]
SQL: SHOW COLUMNS FROM `admin` [ RunTime:0.0100s ]
SQL: SELECT * FROM `admin` WHERE `names` = null LIMIT 1   [ RunTime:0.0010s ]
SQL: SHOW COLUMNS FROM `level` [ RunTime:0.0080s ]
SQL: SELECT * FROM `level` WHERE `id` = null LIMIT 1   [ RunTime:0.0000s ]
NOTIC: [2] Invalid argument supplied for foreach() D:\phpStudy\WWW\think\Application\Admin\Controller\PublicController.class.php 第 59 行.
INFO: [ app_end ] --START--
INFO: Run Behavior\ShowPageTraceBehavior [ RunTime:0.001000s ]
INFO: [ app_end ] --END-- [ RunTime:0.001000s ]

[ 2017-08-31T16:18:21+08:00 ] 127.0.0.1 /think/index.php/Admin/Public/vcode.html?num=%272%27
INFO: [ app_init ] --START--
INFO: Run Behavior\BuildLiteBehavior [ RunTime:0.000000s ]
INFO: [ app_init ] --END-- [ RunTime:0.001000s ]
INFO: [ app_begin ] --START--
INFO: Run Behavior\ReadHtmlCacheBehavior [ RunTime:0.000000s ]
INFO: [ app_begin ] --END-- [ RunTime:0.000000s ]
SQL: SHOW COLUMNS FROM `admin` [ RunTime:0.0120s ]
SQL: SELECT * FROM `admin` WHERE `names` = null LIMIT 1   [ RunTime:0.0010s ]
SQL: SHOW COLUMNS FROM `level` [ RunTime:0.0090s ]
SQL: SELECT * FROM `level` WHERE `id` = null LIMIT 1   [ RunTime:0.0010s ]
NOTIC: [2] Invalid argument supplied for foreach() D:\phpStudy\WWW\think\Application\Admin\Controller\PublicController.class.php 第 59 行.
INFO: [ app_end ] --START--
INFO: Run Behavior\ShowPageTraceBehavior [ RunTime:0.001000s ]
INFO: [ app_end ] --END-- [ RunTime:0.001000s ]

[ 2017-08-31T16:18:23+08:00 ] 127.0.0.1 /think/index.php/Admin/Public/vcode.html?num=%273%27
INFO: [ app_init ] --START--
INFO: Run Behavior\BuildLiteBehavior [ RunTime:0.000000s ]
INFO: [ app_init ] --END-- [ RunTime:0.000000s ]
INFO: [ app_begin ] --START--
INFO: Run Behavior\ReadHtmlCacheBehavior [ RunTime:0.001000s ]
INFO: [ app_begin ] --END-- [ RunTime:0.001000s ]
SQL: SHOW COLUMNS FROM `admin` [ RunTime:0.0090s ]
SQL: SELECT * FROM `admin` WHERE `names` = null LIMIT 1   [ RunTime:0.0000s ]
SQL: SHOW COLUMNS FROM `level` [ RunTime:0.0090s ]
SQL: SELECT * FROM `level` WHERE `id` = null LIMIT 1   [ RunTime:0.0010s ]
NOTIC: [2] Invalid argument supplied for foreach() D:\phpStudy\WWW\think\Application\Admin\Controller\PublicController.class.php 第 59 行.
INFO: [ app_end ] --START--
INFO: Run Behavior\ShowPageTraceBehavior [ RunTime:0.001000s ]
INFO: [ app_end ] --END-- [ RunTime:0.001000s ]

[ 2017-08-31T16:18:30+08:00 ] 127.0.0.1 /think/index.php/Admin/Public/vcode.html
INFO: [ app_init ] --START--
INFO: Run Behavior\BuildLiteBehavior [ RunTime:0.000000s ]
INFO: [ app_init ] --END-- [ RunTime:0.000000s ]
INFO: [ app_begin ] --START--
INFO: Run Behavior\ReadHtmlCacheBehavior [ RunTime:0.001000s ]
INFO: [ app_begin ] --END-- [ RunTime:0.001000s ]
SQL: SHOW COLUMNS FROM `admin` [ RunTime:0.0090s ]
SQL: SELECT * FROM `admin` WHERE `names` = null LIMIT 1   [ RunTime:0.0010s ]
SQL: SHOW COLUMNS FROM `level` [ RunTime:0.0090s ]
SQL: SELECT * FROM `level` WHERE `id` = null LIMIT 1   [ RunTime:0.0010s ]
NOTIC: [2] Invalid argument supplied for foreach() D:\phpStudy\WWW\think\Application\Admin\Controller\PublicController.class.php 第 59 行.
NOTIC: [8] Use of undefined constant y - assumed 'y' D:\phpStudy\WWW\think\Application\Admin\Controller\PublicController.class.php 第 109 行.

[ 2017-08-31T16:18:31+08:00 ] 127.0.0.1 /think/index.php/Admin/Login/login.html
INFO: [ app_init ] --START--
INFO: Run Behavior\BuildLiteBehavior [ RunTime:0.000000s ]
INFO: [ app_init ] --END-- [ RunTime:0.000000s ]
INFO: [ app_begin ] --START--
INFO: Run Behavior\ReadHtmlCacheBehavior [ RunTime:0.001001s ]
INFO: [ app_begin ] --END-- [ RunTime:0.002001s ]
SQL: SHOW COLUMNS FROM `admin` [ RunTime:0.0110s ]
SQL: SELECT * FROM `admin` WHERE `names` = null LIMIT 1   [ RunTime:0.0000s ]
SQL: SHOW COLUMNS FROM `level` [ RunTime:0.0100s ]
SQL: SELECT * FROM `level` WHERE `id` = null LIMIT 1   [ RunTime:0.0000s ]
NOTIC: [2] Invalid argument supplied for foreach() D:\phpStudy\WWW\think\Application\Admin\Controller\PublicController.class.php 第 59 行.
SQL: SELECT * FROM `admin` WHERE ( `names`='admin' AND `password`='21232f297a57a5a743894a0e4a801fc3' ) LIMIT 1   [ RunTime:0.0000s ]

[ 2017-08-31T16:18:31+08:00 ] 127.0.0.1 /think/index.php/Admin/News/index.html
INFO: [ app_init ] --START--
INFO: Run Behavior\BuildLiteBehavior [ RunTime:0.000000s ]
INFO: [ app_init ] --END-- [ RunTime:0.000000s ]
INFO: [ app_begin ] --START--
INFO: Run Behavior\ReadHtmlCacheBehavior [ RunTime:0.000000s ]
INFO: [ app_begin ] --END-- [ RunTime:0.001000s ]
SQL: SHOW COLUMNS FROM `admin` [ RunTime:0.0100s ]
SQL: SELECT * FROM `admin` WHERE `names` = 'admin' LIMIT 1   [ RunTime:0.0000s ]
SQL: SHOW COLUMNS FROM `level` [ RunTime:0.0100s ]
SQL: SELECT * FROM `level` WHERE `id` = 17 LIMIT 1   [ RunTime:0.0010s ]
SQL: SHOW COLUMNS FROM `meun` [ RunTime:0.0090s ]
SQL: SELECT * FROM `meun` WHERE `id` = 1  [ RunTime:0.0000s ]
SQL: SELECT * FROM `meun` WHERE ( `pid`=1 )  [ RunTime:0.0010s ]
SQL: SELECT * FROM `meun` WHERE `id` = 6  [ RunTime:0.0000s ]
SQL: SELECT * FROM `meun` WHERE ( `pid`=6 )  [ RunTime:0.0010s ]
SQL: SELECT * FROM `meun` WHERE `id` = 11  [ RunTime:0.0010s ]
SQL: SELECT * FROM `meun` WHERE ( `pid`=11 )  [ RunTime:0.0000s ]
SQL: SELECT * FROM `meun` WHERE `id` = 16  [ RunTime:0.0010s ]
SQL: SELECT * FROM `meun` WHERE ( `pid`=16 )  [ RunTime:0.0000s ]
SQL: SELECT * FROM `meun` WHERE `id` = 21  [ RunTime:0.0010s ]
SQL: SELECT * FROM `meun` WHERE ( `pid`=21 )  [ RunTime:0.0000s ]
SQL: SELECT * FROM `meun` WHERE `id` = 26  [ RunTime:0.0000s ]
SQL: SELECT * FROM `meun` WHERE ( `pid`=26 )  [ RunTime:0.0000s ]
SQL: SELECT * FROM `meun` WHERE `id` = 30  [ RunTime:0.0010s ]
SQL: SELECT * FROM `meun` WHERE ( `pid`=30 )  [ RunTime:0.0000s ]
SQL: SELECT * FROM `meun` WHERE `id` = 37  [ RunTime:0.0000s ]
SQL: SELECT * FROM `meun` WHERE ( `pid`=37 )  [ RunTime:0.0000s ]
SQL: SELECT * FROM `meun` WHERE `id` = 40  [ RunTime:0.0000s ]
SQL: SELECT * FROM `meun` WHERE ( `pid`=40 )  [ RunTime:0.0010s ]
SQL: SELECT * FROM `meun` WHERE `id` = 45  [ RunTime:0.0000s ]
SQL: SELECT * FROM `meun` WHERE ( `pid`=45 )  [ RunTime:0.0000s ]
SQL: SELECT * FROM `meun` WHERE `id` = 52  [ RunTime:0.0010s ]
SQL: SELECT * FROM `meun` WHERE ( `pid`=52 )  [ RunTime:0.0000s ]
SQL: SHOW COLUMNS FROM `news` [ RunTime:0.0110s ]
SQL: SELECT COUNT(*) AS tp_count FROM `news` LIMIT 1   [ RunTime:0.0010s ]
SQL: SELECT news.*,category.name FROM `news` LEFT JOIN category ON news.category = category.id  ORDER BY time DESC LIMIT 0,8   [ RunTime:0.0010s ]
INFO: [ view_parse ] --START--
INFO: [ template_filter ] --START--
INFO: Run Behavior\ContentReplaceBehavior [ RunTime:0.000000s ]
INFO: [ template_filter ] --END-- [ RunTime:0.000000s ]
INFO: Run Behavior\ParseTemplateBehavior [ RunTime:0.013001s ]
INFO: [ view_parse ] --END-- [ RunTime:0.013001s ]
INFO: [ view_filter ] --START--
INFO: Run Behavior\WriteHtmlCacheBehavior [ RunTime:0.001000s ]
INFO: [ view_filter ] --END-- [ RunTime:0.001000s ]
INFO: [ app_end ] --START--
INFO: Run Behavior\ShowPageTraceBehavior [ RunTime:0.001000s ]
INFO: [ app_end ] --END-- [ RunTime:0.001000s ]

[ 2017-08-31T16:18:35+08:00 ] 127.0.0.1 /think/index.php/Admin/Detail/index
INFO: [ app_init ] --START--
INFO: Run Behavior\BuildLiteBehavior [ RunTime:0.000000s ]
INFO: [ app_init ] --END-- [ RunTime:0.001000s ]
INFO: [ app_begin ] --START--
INFO: Run Behavior\ReadHtmlCacheBehavior [ RunTime:0.001000s ]
INFO: [ app_begin ] --END-- [ RunTime:0.001000s ]
SQL: SHOW COLUMNS FROM `admin` [ RunTime:0.0090s ]
SQL: SELECT * FROM `admin` WHERE `names` = 'admin' LIMIT 1   [ RunTime:0.0000s ]
SQL: SHOW COLUMNS FROM `level` [ RunTime:0.0090s ]
SQL: SELECT * FROM `level` WHERE `id` = 17 LIMIT 1   [ RunTime:0.0000s ]
SQL: SHOW COLUMNS FROM `meun` [ RunTime:0.0090s ]
SQL: SELECT * FROM `meun` WHERE `id` = 1  [ RunTime:0.0010s ]
SQL: SELECT * FROM `meun` WHERE ( `pid`=1 )  [ RunTime:0.0000s ]
SQL: SELECT * FROM `meun` WHERE `id` = 6  [ RunTime:0.0010s ]
SQL: SELECT * FROM `meun` WHERE ( `pid`=6 )  [ RunTime:0.0000s ]
SQL: SELECT * FROM `meun` WHERE `id` = 11  [ RunTime:0.0010s ]
SQL: SELECT * FROM `meun` WHERE ( `pid`=11 )  [ RunTime:0.0000s ]
SQL: SELECT * FROM `meun` WHERE `id` = 16  [ RunTime:0.0010s ]
SQL: SELECT * FROM `meun` WHERE ( `pid`=16 )  [ RunTime:0.0000s ]
SQL: SELECT * FROM `meun` WHERE `id` = 21  [ RunTime:0.0010s ]
SQL: SELECT * FROM `meun` WHERE ( `pid`=21 )  [ RunTime:0.0010s ]
SQL: SELECT * FROM `meun` WHERE `id` = 26  [ RunTime:0.0000s ]
SQL: SELECT * FROM `meun` WHERE ( `pid`=26 )  [ RunTime:0.0010s ]
SQL: SELECT * FROM `meun` WHERE `id` = 30  [ RunTime:0.0000s ]
SQL: SELECT * FROM `meun` WHERE ( `pid`=30 )  [ RunTime:0.0010s ]
SQL: SELECT * FROM `meun` WHERE `id` = 37  [ RunTime:0.0000s ]
SQL: SELECT * FROM `meun` WHERE ( `pid`=37 )  [ RunTime:0.0000s ]
SQL: SELECT * FROM `meun` WHERE `id` = 40  [ RunTime:0.0000s ]
SQL: SELECT * FROM `meun` WHERE ( `pid`=40 )  [ RunTime:0.0000s ]
SQL: SELECT * FROM `meun` WHERE `id` = 45  [ RunTime:0.0010s ]
SQL: SELECT * FROM `meun` WHERE ( `pid`=45 )  [ RunTime:0.0000s ]
SQL: SELECT * FROM `meun` WHERE `id` = 52  [ RunTime:0.0000s ]
SQL: SELECT * FROM `meun` WHERE ( `pid`=52 )  [ RunTime:0.0000s ]
SQL: SHOW COLUMNS FROM `details` [ RunTime:0.0090s ]
SQL: SELECT COUNT(*) AS tp_count FROM `details` LIMIT 1   [ RunTime:0.0010s ]
SQL: SELECT * FROM `details` ORDER BY time DESC LIMIT 0,8   [ RunTime:0.0010s ]
INFO: [ view_parse ] --START--
INFO: [ template_filter ] --START--
INFO: Run Behavior\ContentReplaceBehavior [ RunTime:0.000000s ]
INFO: [ template_filter ] --END-- [ RunTime:0.000000s ]
INFO: Run Behavior\ParseTemplateBehavior [ RunTime:0.041002s ]
INFO: [ view_parse ] --END-- [ RunTime:0.041002s ]
INFO: [ view_filter ] --START--
INFO: Run Behavior\WriteHtmlCacheBehavior [ RunTime:0.001000s ]
INFO: [ view_filter ] --END-- [ RunTime:0.001000s ]
INFO: [ app_end ] --START--
INFO: Run Behavior\ShowPageTraceBehavior [ RunTime:0.005001s ]
INFO: [ app_end ] --END-- [ RunTime:0.005001s ]

[ 2017-08-31T16:20:23+08:00 ] 127.0.0.1 /think/index.php/Admin/Detail/index
INFO: [ app_init ] --START--
INFO: Run Behavior\BuildLiteBehavior [ RunTime:0.000000s ]
INFO: [ app_init ] --END-- [ RunTime:0.000000s ]
INFO: [ app_begin ] --START--
INFO: Run Behavior\ReadHtmlCacheBehavior [ RunTime:0.000000s ]
INFO: [ app_begin ] --END-- [ RunTime:0.000000s ]
SQL: SHOW COLUMNS FROM `admin` [ RunTime:0.0110s ]
SQL: SELECT * FROM `admin` WHERE `names` = 'admin' LIMIT 1   [ RunTime:0.0010s ]
SQL: SHOW COLUMNS FROM `level` [ RunTime:0.0090s ]
SQL: SELECT * FROM `level` WHERE `id` = 17 LIMIT 1   [ RunTime:0.0010s ]
SQL: SHOW COLUMNS FROM `meun` [ RunTime:0.0090s ]
SQL: SELECT * FROM `meun` WHERE `id` = 1  [ RunTime:0.0010s ]
SQL: SELECT * FROM `meun` WHERE ( `pid`=1 )  [ RunTime:0.0000s ]
SQL: SELECT * FROM `meun` WHERE `id` = 6  [ RunTime:0.0010s ]
SQL: SELECT * FROM `meun` WHERE ( `pid`=6 )  [ RunTime:0.0000s ]
SQL: SELECT * FROM `meun` WHERE `id` = 11  [ RunTime:0.0010s ]
SQL: SELECT * FROM `meun` WHERE ( `pid`=11 )  [ RunTime:0.0000s ]
SQL: SELECT * FROM `meun` WHERE `id` = 16  [ RunTime:0.0040s ]
SQL: SELECT * FROM `meun` WHERE ( `pid`=16 )  [ RunTime:0.0020s ]
SQL: SELECT * FROM `meun` WHERE `id` = 21  [ RunTime:0.0000s ]
SQL: SELECT * FROM `meun` WHERE ( `pid`=21 )  [ RunTime:0.0010s ]
SQL: SELECT * FROM `meun` WHERE `id` = 26  [ RunTime:0.0000s ]
SQL: SELECT * FROM `meun` WHERE ( `pid`=26 )  [ RunTime:0.0000s ]
SQL: SELECT * FROM `meun` WHERE `id` = 30  [ RunTime:0.0000s ]
SQL: SELECT * FROM `meun` WHERE ( `pid`=30 )  [ RunTime:0.0000s ]
SQL: SELECT * FROM `meun` WHERE `id` = 37  [ RunTime:0.0010s ]
SQL: SELECT * FROM `meun` WHERE ( `pid`=37 )  [ RunTime:0.0000s ]
SQL: SELECT * FROM `meun` WHERE `id` = 40  [ RunTime:0.0000s ]
SQL: SELECT * FROM `meun` WHERE ( `pid`=40 )  [ RunTime:0.0000s ]
SQL: SELECT * FROM `meun` WHERE `id` = 45  [ RunTime:0.0000s ]
SQL: SELECT * FROM `meun` WHERE ( `pid`=45 )  [ RunTime:0.0030s ]
SQL: SELECT * FROM `meun` WHERE `id` = 52  [ RunTime:0.0000s ]
SQL: SELECT * FROM `meun` WHERE ( `pid`=52 )  [ RunTime:0.0010s ]
SQL: SHOW COLUMNS FROM `details` [ RunTime:0.0100s ]
SQL: SELECT COUNT(*) AS tp_count FROM `details` LIMIT 1   [ RunTime:0.0000s ]
SQL: SELECT * FROM `details` ORDER BY time DESC LIMIT 0,8   [ RunTime:0.0010s ]
INFO: [ view_parse ] --START--
INFO: [ template_filter ] --START--
INFO: Run Behavior\ContentReplaceBehavior [ RunTime:0.000000s ]
INFO: [ template_filter ] --END-- [ RunTime:0.000000s ]
INFO: Run Behavior\ParseTemplateBehavior [ RunTime:0.013000s ]
INFO: [ view_parse ] --END-- [ RunTime:0.013000s ]
INFO: [ view_filter ] --START--
INFO: Run Behavior\WriteHtmlCacheBehavior [ RunTime:0.000000s ]
INFO: [ view_filter ] --END-- [ RunTime:0.000000s ]
INFO: [ app_end ] --START--
INFO: Run Behavior\ShowPageTraceBehavior [ RunTime:0.001000s ]
INFO: [ app_end ] --END-- [ RunTime:0.001000s ]

[ 2017-08-31T16:20:34+08:00 ] 127.0.0.1 /think/index.php/Admin/Detail/index
INFO: [ app_init ] --START--
INFO: Run Behavior\BuildLiteBehavior [ RunTime:0.000000s ]
INFO: [ app_init ] --END-- [ RunTime:0.001000s ]
INFO: [ app_begin ] --START--
INFO: Run Behavior\ReadHtmlCacheBehavior [ RunTime:0.001000s ]
INFO: [ app_begin ] --END-- [ RunTime:0.001000s ]
SQL: SHOW COLUMNS FROM `admin` [ RunTime:0.0260s ]
SQL: SELECT * FROM `admin` WHERE `names` = 'admin' LIMIT 1   [ RunTime:0.0010s ]
SQL: SHOW COLUMNS FROM `level` [ RunTime:0.0100s ]
SQL: SELECT * FROM `level` WHERE `id` = 17 LIMIT 1   [ RunTime:0.0010s ]
SQL: SHOW COLUMNS FROM `meun` [ RunTime:0.0090s ]
SQL: SELECT * FROM `meun` WHERE `id` = 1  [ RunTime:0.0010s ]
SQL: SELECT * FROM `meun` WHERE ( `pid`=1 )  [ RunTime:0.0000s ]
SQL: SELECT * FROM `meun` WHERE `id` = 6  [ RunTime:0.0000s ]
SQL: SELECT * FROM `meun` WHERE ( `pid`=6 )  [ RunTime:0.0000s ]
SQL: SELECT * FROM `meun` WHERE `id` = 11  [ RunTime:0.0000s ]
SQL: SELECT * FROM `meun` WHERE ( `pid`=11 )  [ RunTime:0.0010s ]
SQL: SELECT * FROM `meun` WHERE `id` = 16  [ RunTime:0.0000s ]
SQL: SELECT * FROM `meun` WHERE ( `pid`=16 )  [ RunTime:0.0010s ]
SQL: SELECT * FROM `meun` WHERE `id` = 21  [ RunTime:0.0000s ]
SQL: SELECT * FROM `meun` WHERE ( `pid`=21 )  [ RunTime:0.0010s ]
SQL: SELECT * FROM `meun` WHERE `id` = 26  [ RunTime:0.0000s ]
SQL: SELECT * FROM `meun` WHERE ( `pid`=26 )  [ RunTime:0.0010s ]
SQL: SELECT * FROM `meun` WHERE `id` = 30  [ RunTime:0.0000s ]
SQL: SELECT * FROM `meun` WHERE ( `pid`=30 )  [ RunTime:0.0010s ]
SQL: SELECT * FROM `meun` WHERE `id` = 37  [ RunTime:0.0000s ]
SQL: SELECT * FROM `meun` WHERE ( `pid`=37 )  [ RunTime:0.0010s ]
SQL: SELECT * FROM `meun` WHERE `id` = 40  [ RunTime:0.0000s ]
SQL: SELECT * FROM `meun` WHERE ( `pid`=40 )  [ RunTime:0.0010s ]
SQL: SELECT * FROM `meun` WHERE `id` = 45  [ RunTime:0.0000s ]
SQL: SELECT * FROM `meun` WHERE ( `pid`=45 )  [ RunTime:0.0010s ]
SQL: SELECT * FROM `meun` WHERE `id` = 52  [ RunTime:0.0000s ]
SQL: SELECT * FROM `meun` WHERE ( `pid`=52 )  [ RunTime:0.0000s ]
SQL: SHOW COLUMNS FROM `details` [ RunTime:0.0110s ]
SQL: SELECT COUNT(*) AS tp_count FROM `details` LIMIT 1   [ RunTime:0.0000s ]
SQL: SELECT * FROM `details` ORDER BY time DESC LIMIT 0,8   [ RunTime:0.0010s ]

[ 2017-08-31T16:23:07+08:00 ] 127.0.0.1 /think/index.php/Admin/Detail/index
INFO: [ app_init ] --START--
INFO: Run Behavior\BuildLiteBehavior [ RunTime:0.000000s ]
INFO: [ app_init ] --END-- [ RunTime:0.000000s ]
INFO: [ app_begin ] --START--
INFO: Run Behavior\ReadHtmlCacheBehavior [ RunTime:0.000000s ]
INFO: [ app_begin ] --END-- [ RunTime:0.000000s ]
SQL: SHOW COLUMNS FROM `admin` [ RunTime:0.0090s ]
SQL: SELECT * FROM `admin` WHERE `names` = 'admin' LIMIT 1   [ RunTime:0.0010s ]
SQL: SHOW COLUMNS FROM `level` [ RunTime:0.0090s ]
SQL: SELECT * FROM `level` WHERE `id` = 17 LIMIT 1   [ RunTime:0.0010s ]
SQL: SHOW COLUMNS FROM `meun` [ RunTime:0.0090s ]
SQL: SELECT * FROM `meun` WHERE `id` = 1  [ RunTime:0.0010s ]
SQL: SELECT * FROM `meun` WHERE ( `pid`=1 )  [ RunTime:0.0010s ]
SQL: SELECT * FROM `meun` WHERE `id` = 6  [ RunTime:0.0000s ]
SQL: SELECT * FROM `meun` WHERE ( `pid`=6 )  [ RunTime:0.0000s ]
SQL: SELECT * FROM `meun` WHERE `id` = 11  [ RunTime:0.0000s ]
SQL: SELECT * FROM `meun` WHERE ( `pid`=11 )  [ RunTime:0.0010s ]
SQL: SELECT * FROM `meun` WHERE `id` = 16  [ RunTime:0.0000s ]
SQL: SELECT * FROM `meun` WHERE ( `pid`=16 )  [ RunTime:0.0010s ]
SQL: SELECT * FROM `meun` WHERE `id` = 21  [ RunTime:0.0000s ]
SQL: SELECT * FROM `meun` WHERE ( `pid`=21 )  [ RunTime:0.0000s ]
SQL: SELECT * FROM `meun` WHERE `id` = 26  [ RunTime:0.0010s ]
SQL: SELECT * FROM `meun` WHERE ( `pid`=26 )  [ RunTime:0.0000s ]
SQL: SELECT * FROM `meun` WHERE `id` = 30  [ RunTime:0.0010s ]
SQL: SELECT * FROM `meun` WHERE ( `pid`=30 )  [ RunTime:0.0000s ]
SQL: SELECT * FROM `meun` WHERE `id` = 37  [ RunTime:0.0000s ]
SQL: SELECT * FROM `meun` WHERE ( `pid`=37 )  [ RunTime:0.0010s ]
SQL: SELECT * FROM `meun` WHERE `id` = 40  [ RunTime:0.0000s ]
SQL: SELECT * FROM `meun` WHERE ( `pid`=40 )  [ RunTime:0.0010s ]
SQL: SELECT * FROM `meun` WHERE `id` = 45  [ RunTime:0.0000s ]
SQL: SELECT * FROM `meun` WHERE ( `pid`=45 )  [ RunTime:0.0000s ]
SQL: SELECT * FROM `meun` WHERE `id` = 52  [ RunTime:0.0010s ]
SQL: SELECT * FROM `meun` WHERE ( `pid`=52 )  [ RunTime:0.0010s ]
SQL: SHOW COLUMNS FROM `details` [ RunTime:0.0130s ]
SQL: SELECT COUNT(*) AS tp_count FROM `details` LIMIT 1   [ RunTime:0.0000s ]
SQL: SELECT * FROM `details` ORDER BY time1 DESC LIMIT 0,8   [ RunTime:0.0010s ]
INFO: [ view_parse ] --START--
INFO: [ template_filter ] --START--
INFO: Run Behavior\ContentReplaceBehavior [ RunTime:0.000000s ]
INFO: [ template_filter ] --END-- [ RunTime:0.001000s ]
INFO: Run Behavior\ParseTemplateBehavior [ RunTime:0.013001s ]
INFO: [ view_parse ] --END-- [ RunTime:0.013001s ]
INFO: [ view_filter ] --START--
INFO: Run Behavior\WriteHtmlCacheBehavior [ RunTime:0.001000s ]
INFO: [ view_filter ] --END-- [ RunTime:0.001000s ]
INFO: [ app_end ] --START--
INFO: Run Behavior\ShowPageTraceBehavior [ RunTime:0.001000s ]
INFO: [ app_end ] --END-- [ RunTime:0.001000s ]

[ 2017-08-31T16:23:11+08:00 ] 127.0.0.1 /think/index.php/Admin/Detail/index
INFO: [ app_init ] --START--
INFO: Run Behavior\BuildLiteBehavior [ RunTime:0.000000s ]
INFO: [ app_init ] --END-- [ RunTime:0.000000s ]
INFO: [ app_begin ] --START--
INFO: Run Behavior\ReadHtmlCacheBehavior [ RunTime:0.001000s ]
INFO: [ app_begin ] --END-- [ RunTime:0.001000s ]
SQL: SHOW COLUMNS FROM `admin` [ RunTime:0.0120s ]
SQL: SELECT * FROM `admin` WHERE `names` = 'admin' LIMIT 1   [ RunTime:0.0000s ]
SQL: SHOW COLUMNS FROM `level` [ RunTime:0.0090s ]
SQL: SELECT * FROM `level` WHERE `id` = 17 LIMIT 1   [ RunTime:0.0000s ]
SQL: SHOW COLUMNS FROM `meun` [ RunTime:0.0080s ]
SQL: SELECT * FROM `meun` WHERE `id` = 1  [ RunTime:0.0010s ]
SQL: SELECT * FROM `meun` WHERE ( `pid`=1 )  [ RunTime:0.0000s ]
SQL: SELECT * FROM `meun` WHERE `id` = 6  [ RunTime:0.0010s ]
SQL: SELECT * FROM `meun` WHERE ( `pid`=6 )  [ RunTime:0.0010s ]
SQL: SELECT * FROM `meun` WHERE `id` = 11  [ RunTime:0.0000s ]
SQL: SELECT * FROM `meun` WHERE ( `pid`=11 )  [ RunTime:0.0000s ]
SQL: SELECT * FROM `meun` WHERE `id` = 16  [ RunTime:0.0000s ]
SQL: SELECT * FROM `meun` WHERE ( `pid`=16 )  [ RunTime:0.0000s ]
SQL: SELECT * FROM `meun` WHERE `id` = 21  [ RunTime:0.0000s ]
SQL: SELECT * FROM `meun` WHERE ( `pid`=21 )  [ RunTime:0.0010s ]
SQL: SELECT * FROM `meun` WHERE `id` = 26  [ RunTime:0.0000s ]
SQL: SELECT * FROM `meun` WHERE ( `pid`=26 )  [ RunTime:0.0010s ]
SQL: SELECT * FROM `meun` WHERE `id` = 30  [ RunTime:0.0000s ]
SQL: SELECT * FROM `meun` WHERE ( `pid`=30 )  [ RunTime:0.0010s ]
SQL: SELECT * FROM `meun` WHERE `id` = 37  [ RunTime:0.0000s ]
SQL: SELECT * FROM `meun` WHERE ( `pid`=37 )  [ RunTime:0.0010s ]
SQL: SELECT * FROM `meun` WHERE `id` = 40  [ RunTime:0.0000s ]
SQL: SELECT * FROM `meun` WHERE ( `pid`=40 )  [ RunTime:0.0010s ]
SQL: SELECT * FROM `meun` WHERE `id` = 45  [ RunTime:0.0000s ]
SQL: SELECT * FROM `meun` WHERE ( `pid`=45 )  [ RunTime:0.0000s ]
SQL: SELECT * FROM `meun` WHERE `id` = 52  [ RunTime:0.0010s ]
SQL: SELECT * FROM `meun` WHERE ( `pid`=52 )  [ RunTime:0.0000s ]
SQL: SHOW COLUMNS FROM `details` [ RunTime:0.0100s ]
SQL: SELECT COUNT(*) AS tp_count FROM `details` LIMIT 1   [ RunTime:0.0000s ]
SQL: SELECT * FROM `details` ORDER BY time1 DESC LIMIT 0,8   [ RunTime:0.0010s ]
INFO: [ view_parse ] --START--
INFO: [ template_filter ] --START--
INFO: Run Behavior\ContentReplaceBehavior [ RunTime:0.000000s ]
INFO: [ template_filter ] --END-- [ RunTime:0.000000s ]
INFO: Run Behavior\ParseTemplateBehavior [ RunTime:0.012001s ]
INFO: [ view_parse ] --END-- [ RunTime:0.012001s ]
INFO: [ view_filter ] --START--
INFO: Run Behavior\WriteHtmlCacheBehavior [ RunTime:0.000000s ]
INFO: [ view_filter ] --END-- [ RunTime:0.000000s ]
INFO: [ app_end ] --START--
INFO: Run Behavior\ShowPageTraceBehavior [ RunTime:0.001000s ]
INFO: [ app_end ] --END-- [ RunTime:0.001000s ]

[ 2017-08-31T16:23:16+08:00 ] 127.0.0.1 /think/index.php/Admin/News/index
INFO: [ app_init ] --START--
INFO: Run Behavior\BuildLiteBehavior [ RunTime:0.000000s ]
INFO: [ app_init ] --END-- [ RunTime:0.001000s ]
INFO: [ app_begin ] --START--
INFO: Run Behavior\ReadHtmlCacheBehavior [ RunTime:0.000000s ]
INFO: [ app_begin ] --END-- [ RunTime:0.000000s ]
SQL: SHOW COLUMNS FROM `admin` [ RunTime:0.0160s ]
SQL: SELECT * FROM `admin` WHERE `names` = 'admin' LIMIT 1   [ RunTime:0.0020s ]
SQL: SHOW COLUMNS FROM `level` [ RunTime:0.0090s ]
SQL: SELECT * FROM `level` WHERE `id` = 17 LIMIT 1   [ RunTime:0.0010s ]
SQL: SHOW COLUMNS FROM `meun` [ RunTime:0.0110s ]
SQL: SELECT * FROM `meun` WHERE `id` = 1  [ RunTime:0.0010s ]
SQL: SELECT * FROM `meun` WHERE ( `pid`=1 )  [ RunTime:0.0000s ]
SQL: SELECT * FROM `meun` WHERE `id` = 6  [ RunTime:0.0010s ]
SQL: SELECT * FROM `meun` WHERE ( `pid`=6 )  [ RunTime:0.0000s ]
SQL: SELECT * FROM `meun` WHERE `id` = 11  [ RunTime:0.0000s ]
SQL: SELECT * FROM `meun` WHERE ( `pid`=11 )  [ RunTime:0.0000s ]
SQL: SELECT * FROM `meun` WHERE `id` = 16  [ RunTime:0.0010s ]
SQL: SELECT * FROM `meun` WHERE ( `pid`=16 )  [ RunTime:0.0000s ]
SQL: SELECT * FROM `meun` WHERE `id` = 21  [ RunTime:0.0000s ]
SQL: SELECT * FROM `meun` WHERE ( `pid`=21 )  [ RunTime:0.0000s ]
SQL: SELECT * FROM `meun` WHERE `id` = 26  [ RunTime:0.0000s ]
SQL: SELECT * FROM `meun` WHERE ( `pid`=26 )  [ RunTime:0.0010s ]
SQL: SELECT * FROM `meun` WHERE `id` = 30  [ RunTime:0.0000s ]
SQL: SELECT * FROM `meun` WHERE ( `pid`=30 )  [ RunTime:0.0000s ]
SQL: SELECT * FROM `meun` WHERE `id` = 37  [ RunTime:0.0000s ]
SQL: SELECT * FROM `meun` WHERE ( `pid`=37 )  [ RunTime:0.0000s ]
SQL: SELECT * FROM `meun` WHERE `id` = 40  [ RunTime:0.0010s ]
SQL: SELECT * FROM `meun` WHERE ( `pid`=40 )  [ RunTime:0.0000s ]
SQL: SELECT * FROM `meun` WHERE `id` = 45  [ RunTime:0.0010s ]
SQL: SELECT * FROM `meun` WHERE ( `pid`=45 )  [ RunTime:0.0000s ]
SQL: SELECT * FROM `meun` WHERE `id` = 52  [ RunTime:0.0000s ]
SQL: SELECT * FROM `meun` WHERE ( `pid`=52 )  [ RunTime:0.0010s ]
SQL: SHOW COLUMNS FROM `news` [ RunTime:0.0090s ]
SQL: SELECT COUNT(*) AS tp_count FROM `news` LIMIT 1   [ RunTime:0.0010s ]
SQL: SELECT news.*,category.name FROM `news` LEFT JOIN category ON news.category = category.id  ORDER BY time DESC LIMIT 0,8   [ RunTime:0.0010s ]
INFO: [ view_parse ] --START--
INFO: [ template_filter ] --START--
INFO: Run Behavior\ContentReplaceBehavior [ RunTime:0.000000s ]
INFO: [ template_filter ] --END-- [ RunTime:0.000000s ]
INFO: Run Behavior\ParseTemplateBehavior [ RunTime:0.014001s ]
INFO: [ view_parse ] --END-- [ RunTime:0.014001s ]
INFO: [ view_filter ] --START--
INFO: Run Behavior\WriteHtmlCacheBehavior [ RunTime:0.000000s ]
INFO: [ view_filter ] --END-- [ RunTime:0.000000s ]
INFO: [ app_end ] --START--
INFO: Run Behavior\ShowPageTraceBehavior [ RunTime:0.000000s ]
INFO: [ app_end ] --END-- [ RunTime:0.000000s ]

[ 2017-08-31T16:23:17+08:00 ] 127.0.0.1 /think/index.php/Admin/News/index
INFO: [ app_init ] --START--
INFO: Run Behavior\BuildLiteBehavior [ RunTime:0.000000s ]
INFO: [ app_init ] --END-- [ RunTime:0.001000s ]
INFO: [ app_begin ] --START--
INFO: Run Behavior\ReadHtmlCacheBehavior [ RunTime:0.001000s ]
INFO: [ app_begin ] --END-- [ RunTime:0.001000s ]
SQL: SHOW COLUMNS FROM `admin` [ RunTime:0.0090s ]
SQL: SELECT * FROM `admin` WHERE `names` = 'admin' LIMIT 1   [ RunTime:0.0000s ]
SQL: SHOW COLUMNS FROM `level` [ RunTime:0.0110s ]
SQL: SELECT * FROM `level` WHERE `id` = 17 LIMIT 1   [ RunTime:0.0010s ]
SQL: SHOW COLUMNS FROM `meun` [ RunTime:0.0090s ]
SQL: SELECT * FROM `meun` WHERE `id` = 1  [ RunTime:0.0010s ]
SQL: SELECT * FROM `meun` WHERE ( `pid`=1 )  [ RunTime:0.0000s ]
SQL: SELECT * FROM `meun` WHERE `id` = 6  [ RunTime:0.0010s ]
SQL: SELECT * FROM `meun` WHERE ( `pid`=6 )  [ RunTime:0.0010s ]
SQL: SELECT * FROM `meun` WHERE `id` = 11  [ RunTime:0.0000s ]
SQL: SELECT * FROM `meun` WHERE ( `pid`=11 )  [ RunTime:0.0010s ]
SQL: SELECT * FROM `meun` WHERE `id` = 16  [ RunTime:0.0000s ]
SQL: SELECT * FROM `meun` WHERE ( `pid`=16 )  [ RunTime:0.0010s ]
SQL: SELECT * FROM `meun` WHERE `id` = 21  [ RunTime:0.0000s ]
SQL: SELECT * FROM `meun` WHERE ( `pid`=21 )  [ RunTime:0.0010s ]
SQL: SELECT * FROM `meun` WHERE `id` = 26  [ RunTime:0.0000s ]
SQL: SELECT * FROM `meun` WHERE ( `pid`=26 )  [ RunTime:0.0000s ]
SQL: SELECT * FROM `meun` WHERE `id` = 30  [ RunTime:0.0000s ]
SQL: SELECT * FROM `meun` WHERE ( `pid`=30 )  [ RunTime:0.0000s ]
SQL: SELECT * FROM `meun` WHERE `id` = 37  [ RunTime:0.0000s ]
SQL: SELECT * FROM `meun` WHERE ( `pid`=37 )  [ RunTime:0.0010s ]
SQL: SELECT * FROM `meun` WHERE `id` = 40  [ RunTime:0.0000s ]
SQL: SELECT * FROM `meun` WHERE ( `pid`=40 )  [ RunTime:0.0000s ]
SQL: SELECT * FROM `meun` WHERE `id` = 45  [ RunTime:0.0000s ]
SQL: SELECT * FROM `meun` WHERE ( `pid`=45 )  [ RunTime:0.0000s ]
SQL: SELECT * FROM `meun` WHERE `id` = 52  [ RunTime:0.0010s ]
SQL: SELECT * FROM `meun` WHERE ( `pid`=52 )  [ RunTime:0.0000s ]
SQL: SHOW COLUMNS FROM `news` [ RunTime:0.0100s ]
SQL: SELECT COUNT(*) AS tp_count FROM `news` LIMIT 1   [ RunTime:0.0000s ]
SQL: SELECT news.*,category.name FROM `news` LEFT JOIN category ON news.category = category.id  ORDER BY time DESC LIMIT 0,8   [ RunTime:0.0020s ]
INFO: [ view_parse ] --START--
INFO: [ template_filter ] --START--
INFO: Run Behavior\ContentReplaceBehavior [ RunTime:0.000000s ]
INFO: [ template_filter ] --END-- [ RunTime:0.000000s ]
INFO: Run Behavior\ParseTemplateBehavior [ RunTime:0.012001s ]
INFO: [ view_parse ] --END-- [ RunTime:0.012001s ]
INFO: [ view_filter ] --START--
INFO: Run Behavior\WriteHtmlCacheBehavior [ RunTime:0.001000s ]
INFO: [ view_filter ] --END-- [ RunTime:0.001000s ]
INFO: [ app_end ] --START--
INFO: Run Behavior\ShowPageTraceBehavior [ RunTime:0.001000s ]
INFO: [ app_end ] --END-- [ RunTime:0.001000s ]

[ 2017-08-31T16:23:26+08:00 ] 127.0.0.1 /think/index.php/Admin/Messagesite/index
INFO: [ app_init ] --START--
INFO: Run Behavior\BuildLiteBehavior [ RunTime:0.000000s ]
INFO: [ app_init ] --END-- [ RunTime:0.001000s ]
INFO: [ app_begin ] --START--
INFO: Run Behavior\ReadHtmlCacheBehavior [ RunTime:0.001000s ]
INFO: [ app_begin ] --END-- [ RunTime:0.001000s ]
SQL: SHOW COLUMNS FROM `admin` [ RunTime:0.0110s ]
SQL: SELECT * FROM `admin` WHERE `names` = 'admin' LIMIT 1   [ RunTime:0.0010s ]
SQL: SHOW COLUMNS FROM `level` [ RunTime:0.0090s ]
SQL: SELECT * FROM `level` WHERE `id` = 17 LIMIT 1   [ RunTime:0.0010s ]
SQL: SHOW COLUMNS FROM `meun` [ RunTime:0.0090s ]
SQL: SELECT * FROM `meun` WHERE `id` = 1  [ RunTime:0.0000s ]
SQL: SELECT * FROM `meun` WHERE ( `pid`=1 )  [ RunTime:0.0000s ]
SQL: SELECT * FROM `meun` WHERE `id` = 6  [ RunTime:0.0000s ]
SQL: SELECT * FROM `meun` WHERE ( `pid`=6 )  [ RunTime:0.0010s ]
SQL: SELECT * FROM `meun` WHERE `id` = 11  [ RunTime:0.0000s ]
SQL: SELECT * FROM `meun` WHERE ( `pid`=11 )  [ RunTime:0.0010s ]
SQL: SELECT * FROM `meun` WHERE `id` = 16  [ RunTime:0.0000s ]
SQL: SELECT * FROM `meun` WHERE ( `pid`=16 )  [ RunTime:0.0010s ]
SQL: SELECT * FROM `meun` WHERE `id` = 21  [ RunTime:0.0000s ]
SQL: SELECT * FROM `meun` WHERE ( `pid`=21 )  [ RunTime:0.0010s ]
SQL: SELECT * FROM `meun` WHERE `id` = 26  [ RunTime:0.0000s ]
SQL: SELECT * FROM `meun` WHERE ( `pid`=26 )  [ RunTime:0.0010s ]
SQL: SELECT * FROM `meun` WHERE `id` = 30  [ RunTime:0.0000s ]
SQL: SELECT * FROM `meun` WHERE ( `pid`=30 )  [ RunTime:0.0010s ]
SQL: SELECT * FROM `meun` WHERE `id` = 37  [ RunTime:0.0000s ]
SQL: SELECT * FROM `meun` WHERE ( `pid`=37 )  [ RunTime:0.0000s ]
SQL: SELECT * FROM `meun` WHERE `id` = 40  [ RunTime:0.0000s ]
SQL: SELECT * FROM `meun` WHERE ( `pid`=40 )  [ RunTime:0.0010s ]
SQL: SELECT * FROM `meun` WHERE `id` = 45  [ RunTime:0.0000s ]
SQL: SELECT * FROM `meun` WHERE ( `pid`=45 )  [ RunTime:0.0010s ]
SQL: SELECT * FROM `meun` WHERE `id` = 52  [ RunTime:0.0000s ]
SQL: SELECT * FROM `meun` WHERE ( `pid`=52 )  [ RunTime:0.0010s ]
SQL: SHOW COLUMNS FROM `siteadmin` [ RunTime:0.0090s ]
SQL: SELECT COUNT(*) AS tp_count FROM `siteadmin` LIMIT 1   [ RunTime:0.0010s ]
SQL: SELECT * FROM `siteadmin` ORDER BY time DESC LIMIT 0,8   [ RunTime:0.0000s ]
INFO: [ view_parse ] --START--
INFO: [ template_filter ] --START--
INFO: Run Behavior\ContentReplaceBehavior [ RunTime:0.001000s ]
INFO: [ template_filter ] --END-- [ RunTime:0.001000s ]
INFO: Run Behavior\ParseTemplateBehavior [ RunTime:0.012000s ]
INFO: [ view_parse ] --END-- [ RunTime:0.012000s ]
INFO: [ view_filter ] --START--
INFO: Run Behavior\WriteHtmlCacheBehavior [ RunTime:0.001000s ]
INFO: [ view_filter ] --END-- [ RunTime:0.001000s ]
INFO: [ app_end ] --START--
INFO: Run Behavior\ShowPageTraceBehavior [ RunTime:0.001001s ]
INFO: [ app_end ] --END-- [ RunTime:0.001001s ]

[ 2017-08-31T16:24:55+08:00 ] 127.0.0.1 /think/index.php/Admin/Messagesite/index
INFO: [ app_init ] --START--
INFO: Run Behavior\BuildLiteBehavior [ RunTime:0.000000s ]
INFO: [ app_init ] --END-- [ RunTime:0.001000s ]
INFO: [ app_begin ] --START--
INFO: Run Behavior\ReadHtmlCacheBehavior [ RunTime:0.000000s ]
INFO: [ app_begin ] --END-- [ RunTime:0.000000s ]
SQL: SHOW COLUMNS FROM `admin` [ RunTime:0.0110s ]
SQL: SELECT * FROM `admin` WHERE `names` = 'admin' LIMIT 1   [ RunTime:0.0010s ]
SQL: SHOW COLUMNS FROM `level` [ RunTime:0.0340s ]
SQL: SELECT * FROM `level` WHERE `id` = 17 LIMIT 1   [ RunTime:0.0020s ]
SQL: SHOW COLUMNS FROM `meun` [ RunTime:0.0100s ]
SQL: SELECT * FROM `meun` WHERE `id` = 1  [ RunTime:0.0000s ]
SQL: SELECT * FROM `meun` WHERE ( `pid`=1 )  [ RunTime:0.0010s ]
SQL: SELECT * FROM `meun` WHERE `id` = 6  [ RunTime:0.0000s ]
SQL: SELECT * FROM `meun` WHERE ( `pid`=6 )  [ RunTime:0.0010s ]
SQL: SELECT * FROM `meun` WHERE `id` = 11  [ RunTime:0.0000s ]
SQL: SELECT * FROM `meun` WHERE ( `pid`=11 )  [ RunTime:0.0000s ]
SQL: SELECT * FROM `meun` WHERE `id` = 16  [ RunTime:0.0010s ]
SQL: SELECT * FROM `meun` WHERE ( `pid`=16 )  [ RunTime:0.0000s ]
SQL: SELECT * FROM `meun` WHERE `id` = 21  [ RunTime:0.0010s ]
SQL: SELECT * FROM `meun` WHERE ( `pid`=21 )  [ RunTime:0.0000s ]
SQL: SELECT * FROM `meun` WHERE `id` = 26  [ RunTime:0.0000s ]
SQL: SELECT * FROM `meun` WHERE ( `pid`=26 )  [ RunTime:0.0010s ]
SQL: SELECT * FROM `meun` WHERE `id` = 30  [ RunTime:0.0000s ]
SQL: SELECT * FROM `meun` WHERE ( `pid`=30 )  [ RunTime:0.0000s ]
SQL: SELECT * FROM `meun` WHERE `id` = 37  [ RunTime:0.0010s ]
SQL: SELECT * FROM `meun` WHERE ( `pid`=37 )  [ RunTime:0.0000s ]
SQL: SELECT * FROM `meun` WHERE `id` = 40  [ RunTime:0.0000s ]
SQL: SELECT * FROM `meun` WHERE ( `pid`=40 )  [ RunTime:0.0010s ]
SQL: SELECT * FROM `meun` WHERE `id` = 45  [ RunTime:0.0000s ]
SQL: SELECT * FROM `meun` WHERE ( `pid`=45 )  [ RunTime:0.0000s ]
SQL: SELECT * FROM `meun` WHERE `id` = 52  [ RunTime:0.0010s ]
SQL: SELECT * FROM `meun` WHERE ( `pid`=52 )  [ RunTime:0.0000s ]
SQL: SHOW COLUMNS FROM `siteadmin` [ RunTime:0.0090s ]
SQL: SELECT COUNT(*) AS tp_count FROM `siteadmin` LIMIT 1   [ RunTime:0.0000s ]
SQL: SELECT * FROM `siteadmin` ORDER BY time DESC LIMIT 0,8   [ RunTime:0.0010s ]
INFO: [ view_parse ] --START--
INFO: [ template_filter ] --START--
INFO: Run Behavior\ContentReplaceBehavior [ RunTime:0.000000s ]
INFO: [ template_filter ] --END-- [ RunTime:0.000000s ]
INFO: Run Behavior\ParseTemplateBehavior [ RunTime:0.010001s ]
INFO: [ view_parse ] --END-- [ RunTime:0.010001s ]
INFO: [ view_filter ] --START--
INFO: Run Behavior\WriteHtmlCacheBehavior [ RunTime:0.001000s ]
INFO: [ view_filter ] --END-- [ RunTime:0.001000s ]
INFO: [ app_end ] --START--
INFO: Run Behavior\ShowPageTraceBehavior [ RunTime:0.000000s ]
INFO: [ app_end ] --END-- [ RunTime:0.000000s ]

