[ 2017-09-09T14:41:33+08:00 ] 127.0.0.1 /think/index.php/Admin/login/login
INFO: [ app_init ] --START--
INFO: Run Behavior\BuildLiteBehavior [ RunTime:0.000000s ]
INFO: [ app_init ] --END-- [ RunTime:0.011001s ]
INFO: [ app_begin ] --START--
INFO: Run Behavior\ReadHtmlCacheBehavior [ RunTime:0.001000s ]
INFO: [ app_begin ] --END-- [ RunTime:0.001000s ]
ERR: SQLSTATE[HY000] [1049] Unknown database 'think'

[ 2017-09-09T14:42:15+08:00 ] 127.0.0.1 /think/index.php/Admin/login/login
INFO: [ app_init ] --START--
INFO: Run Behavior\BuildLiteBehavior [ RunTime:0.000000s ]
INFO: [ app_init ] --END-- [ RunTime:0.001000s ]
INFO: [ app_begin ] --START--
INFO: Run Behavior\ReadHtmlCacheBehavior [ RunTime:0.000000s ]
INFO: [ app_begin ] --END-- [ RunTime:0.000000s ]
ERR: SQLSTATE[HY000] [1049] Unknown database 'think'

[ 2017-09-09T14:43:38+08:00 ] 127.0.0.1 /think/index.php/Admin/login/login
INFO: [ app_init ] --START--
INFO: Run Behavior\BuildLiteBehavior [ RunTime:0.000000s ]
INFO: [ app_init ] --END-- [ RunTime:0.000000s ]
INFO: [ app_begin ] --START--
INFO: Run Behavior\ReadHtmlCacheBehavior [ RunTime:0.000000s ]
INFO: [ app_begin ] --END-- [ RunTime:0.001000s ]
SQL: SHOW COLUMNS FROM `admin` [ RunTime:0.0090s ]
SQL: SELECT * FROM `admin` WHERE `names` = null LIMIT 1   [ RunTime:0.0000s ]
SQL: SHOW COLUMNS FROM `level` [ RunTime:0.0080s ]
SQL: SELECT * FROM `level` WHERE `id` = null LIMIT 1   [ RunTime:0.0200s ]
NOTIC: [2] Invalid argument supplied for foreach() D:\phpStudy\WWW\think\Application\Admin\Controller\PublicController.class.php 第 59 行.
INFO: [ view_parse ] --START--
INFO: [ template_filter ] --START--
INFO: Run Behavior\ContentReplaceBehavior [ RunTime:0.000000s ]
INFO: [ template_filter ] --END-- [ RunTime:0.000000s ]
INFO: Run Behavior\ParseTemplateBehavior [ RunTime:0.042002s ]
INFO: [ view_parse ] --END-- [ RunTime:0.042002s ]
INFO: [ view_filter ] --START--
INFO: Run Behavior\WriteHtmlCacheBehavior [ RunTime:0.007001s ]
INFO: [ view_filter ] --END-- [ RunTime:0.007001s ]
INFO: [ app_end ] --START--
INFO: Run Behavior\ShowPageTraceBehavior [ RunTime:0.006000s ]
INFO: [ app_end ] --END-- [ RunTime:0.006000s ]

[ 2017-09-09T14:43:39+08:00 ] 127.0.0.1 /think/index.php/Admin/Public/vcode.html
INFO: [ app_init ] --START--
INFO: Run Behavior\BuildLiteBehavior [ RunTime:0.000000s ]
INFO: [ app_init ] --END-- [ RunTime:0.001000s ]
INFO: [ app_begin ] --START--
INFO: Run Behavior\ReadHtmlCacheBehavior [ RunTime:0.001000s ]
INFO: [ app_begin ] --END-- [ RunTime:0.001000s ]
SQL: SHOW COLUMNS FROM `admin` [ RunTime:0.0110s ]
SQL: SELECT * FROM `admin` WHERE `names` = null LIMIT 1   [ RunTime:0.0000s ]
SQL: SHOW COLUMNS FROM `level` [ RunTime:0.0130s ]
SQL: SELECT * FROM `level` WHERE `id` = null LIMIT 1   [ RunTime:0.0000s ]
NOTIC: [2] Invalid argument supplied for foreach() D:\phpStudy\WWW\think\Application\Admin\Controller\PublicController.class.php 第 59 行.
INFO: [ app_end ] --START--
INFO: Run Behavior\ShowPageTraceBehavior [ RunTime:0.001000s ]
INFO: [ app_end ] --END-- [ RunTime:0.001000s ]

[ 2017-09-09T14:43:53+08:00 ] 127.0.0.1 /think/index.php/Admin/Public/vcode.html
INFO: [ app_init ] --START--
INFO: Run Behavior\BuildLiteBehavior [ RunTime:0.000000s ]
INFO: [ app_init ] --END-- [ RunTime:0.005001s ]
INFO: [ app_begin ] --START--
INFO: Run Behavior\ReadHtmlCacheBehavior [ RunTime:0.000000s ]
INFO: [ app_begin ] --END-- [ RunTime:0.000000s ]
SQL: SHOW COLUMNS FROM `admin` [ RunTime:0.0220s ]
SQL: SELECT * FROM `admin` WHERE `names` = null LIMIT 1   [ RunTime:0.0000s ]
SQL: SHOW COLUMNS FROM `level` [ RunTime:0.0080s ]
SQL: SELECT * FROM `level` WHERE `id` = null LIMIT 1   [ RunTime:0.0000s ]
NOTIC: [2] Invalid argument supplied for foreach() D:\phpStudy\WWW\think\Application\Admin\Controller\PublicController.class.php 第 59 行.
NOTIC: [8] Use of undefined constant y - assumed 'y' D:\phpStudy\WWW\think\Application\Admin\Controller\PublicController.class.php 第 109 行.

[ 2017-09-09T14:43:53+08:00 ] 127.0.0.1 /think/index.php/Admin/login/login
INFO: [ app_init ] --START--
INFO: Run Behavior\BuildLiteBehavior [ RunTime:0.000000s ]
INFO: [ app_init ] --END-- [ RunTime:0.001000s ]
INFO: [ app_begin ] --START--
INFO: Run Behavior\ReadHtmlCacheBehavior [ RunTime:0.001000s ]
INFO: [ app_begin ] --END-- [ RunTime:0.001000s ]
SQL: SHOW COLUMNS FROM `admin` [ RunTime:0.0090s ]
SQL: SELECT * FROM `admin` WHERE `names` = null LIMIT 1   [ RunTime:0.0000s ]
SQL: SHOW COLUMNS FROM `level` [ RunTime:0.0080s ]
SQL: SELECT * FROM `level` WHERE `id` = null LIMIT 1   [ RunTime:0.0000s ]
NOTIC: [2] Invalid argument supplied for foreach() D:\phpStudy\WWW\think\Application\Admin\Controller\PublicController.class.php 第 59 行.
SQL: SELECT * FROM `admin` WHERE ( `names`='admin' AND `password`='21232f297a57a5a743894a0e4a801fc3' ) LIMIT 1   [ RunTime:0.0000s ]

[ 2017-09-09T14:43:53+08:00 ] 127.0.0.1 /think/index.php/Admin/News/index.html
INFO: [ app_init ] --START--
INFO: Run Behavior\BuildLiteBehavior [ RunTime:0.000000s ]
INFO: [ app_init ] --END-- [ RunTime:0.000000s ]
INFO: [ app_begin ] --START--
INFO: Run Behavior\ReadHtmlCacheBehavior [ RunTime:0.001000s ]
INFO: [ app_begin ] --END-- [ RunTime:0.001000s ]
SQL: SHOW COLUMNS FROM `admin` [ RunTime:0.0080s ]
SQL: SELECT * FROM `admin` WHERE `names` = 'admin' LIMIT 1   [ RunTime:0.0000s ]
SQL: SHOW COLUMNS FROM `level` [ RunTime:0.0090s ]
SQL: SELECT * FROM `level` WHERE `id` = 17 LIMIT 1   [ RunTime:0.0010s ]
SQL: SHOW COLUMNS FROM `meun` [ RunTime:0.0080s ]
SQL: SELECT * FROM `meun` WHERE `id` = 1  [ RunTime:0.0000s ]
SQL: SELECT * FROM `meun` WHERE ( `pid`=1 )  [ RunTime:0.0000s ]
SQL: SELECT * FROM `meun` WHERE `id` = 6  [ RunTime:0.0010s ]
SQL: SELECT * FROM `meun` WHERE ( `pid`=6 )  [ RunTime:0.0000s ]
SQL: SELECT * FROM `meun` WHERE `id` = 11  [ RunTime:0.0000s ]
SQL: SELECT * FROM `meun` WHERE ( `pid`=11 )  [ RunTime:0.0010s ]
SQL: SELECT * FROM `meun` WHERE `id` = 16  [ RunTime:0.0010s ]
SQL: SELECT * FROM `meun` WHERE ( `pid`=16 )  [ RunTime:0.0010s ]
SQL: SELECT * FROM `meun` WHERE `id` = 21  [ RunTime:0.0000s ]
SQL: SELECT * FROM `meun` WHERE ( `pid`=21 )  [ RunTime:0.0000s ]
SQL: SELECT * FROM `meun` WHERE `id` = 26  [ RunTime:0.0000s ]
SQL: SELECT * FROM `meun` WHERE ( `pid`=26 )  [ RunTime:0.0000s ]
SQL: SELECT * FROM `meun` WHERE `id` = 30  [ RunTime:0.0000s ]
SQL: SELECT * FROM `meun` WHERE ( `pid`=30 )  [ RunTime:0.0010s ]
SQL: SELECT * FROM `meun` WHERE `id` = 37  [ RunTime:0.0000s ]
SQL: SELECT * FROM `meun` WHERE ( `pid`=37 )  [ RunTime:0.0000s ]
SQL: SELECT * FROM `meun` WHERE `id` = 40  [ RunTime:0.0000s ]
SQL: SELECT * FROM `meun` WHERE ( `pid`=40 )  [ RunTime:0.0000s ]
SQL: SELECT * FROM `meun` WHERE `id` = 45  [ RunTime:0.0000s ]
SQL: SELECT * FROM `meun` WHERE ( `pid`=45 )  [ RunTime:0.0010s ]
SQL: SELECT * FROM `meun` WHERE `id` = 52  [ RunTime:0.0000s ]
SQL: SELECT * FROM `meun` WHERE ( `pid`=52 )  [ RunTime:0.0000s ]
SQL: SHOW COLUMNS FROM `news` [ RunTime:0.0080s ]
SQL: SELECT COUNT(*) AS tp_count FROM `news` LIMIT 1   [ RunTime:0.0010s ]
SQL: SELECT news.*,category.name FROM `news` LEFT JOIN category ON news.category = category.id  ORDER BY time DESC LIMIT 0,8   [ RunTime:0.0190s ]
INFO: [ view_parse ] --START--
INFO: [ template_filter ] --START--
INFO: Run Behavior\ContentReplaceBehavior [ RunTime:0.000000s ]
INFO: [ template_filter ] --END-- [ RunTime:0.000000s ]
INFO: Run Behavior\ParseTemplateBehavior [ RunTime:0.076004s ]
INFO: [ view_parse ] --END-- [ RunTime:0.076004s ]
INFO: [ view_filter ] --START--
INFO: Run Behavior\WriteHtmlCacheBehavior [ RunTime:0.000000s ]
INFO: [ view_filter ] --END-- [ RunTime:0.000000s ]
INFO: [ app_end ] --START--
INFO: Run Behavior\ShowPageTraceBehavior [ RunTime:0.000000s ]
INFO: [ app_end ] --END-- [ RunTime:0.000000s ]

[ 2017-09-09T14:43:58+08:00 ] 127.0.0.1 /think/index.php/Admin/Category/index
INFO: [ app_init ] --START--
INFO: Run Behavior\BuildLiteBehavior [ RunTime:0.000000s ]
INFO: [ app_init ] --END-- [ RunTime:0.001000s ]
INFO: [ app_begin ] --START--
INFO: Run Behavior\ReadHtmlCacheBehavior [ RunTime:0.000000s ]
INFO: [ app_begin ] --END-- [ RunTime:0.000000s ]
SQL: SHOW COLUMNS FROM `admin` [ RunTime:0.0100s ]
SQL: SELECT * FROM `admin` WHERE `names` = 'admin' LIMIT 1   [ RunTime:0.0010s ]
SQL: SHOW COLUMNS FROM `level` [ RunTime:0.0090s ]
SQL: SELECT * FROM `level` WHERE `id` = 17 LIMIT 1   [ RunTime:0.0000s ]
SQL: SHOW COLUMNS FROM `meun` [ RunTime:0.0090s ]
SQL: SELECT * FROM `meun` WHERE `id` = 1  [ RunTime:0.0010s ]
SQL: SELECT * FROM `meun` WHERE ( `pid`=1 )  [ RunTime:0.0000s ]
SQL: SELECT * FROM `meun` WHERE `id` = 6  [ RunTime:0.0000s ]
SQL: SELECT * FROM `meun` WHERE ( `pid`=6 )  [ RunTime:0.0010s ]
SQL: SELECT * FROM `meun` WHERE `id` = 11  [ RunTime:0.0000s ]
SQL: SELECT * FROM `meun` WHERE ( `pid`=11 )  [ RunTime:0.0000s ]
SQL: SELECT * FROM `meun` WHERE `id` = 16  [ RunTime:0.0010s ]
SQL: SELECT * FROM `meun` WHERE ( `pid`=16 )  [ RunTime:0.0000s ]
SQL: SELECT * FROM `meun` WHERE `id` = 21  [ RunTime:0.0000s ]
SQL: SELECT * FROM `meun` WHERE ( `pid`=21 )  [ RunTime:0.0000s ]
SQL: SELECT * FROM `meun` WHERE `id` = 26  [ RunTime:0.0010s ]
SQL: SELECT * FROM `meun` WHERE ( `pid`=26 )  [ RunTime:0.0000s ]
SQL: SELECT * FROM `meun` WHERE `id` = 30  [ RunTime:0.0000s ]
SQL: SELECT * FROM `meun` WHERE ( `pid`=30 )  [ RunTime:0.0010s ]
SQL: SELECT * FROM `meun` WHERE `id` = 37  [ RunTime:0.0010s ]
SQL: SELECT * FROM `meun` WHERE ( `pid`=37 )  [ RunTime:0.0010s ]
SQL: SELECT * FROM `meun` WHERE `id` = 40  [ RunTime:0.0000s ]
SQL: SELECT * FROM `meun` WHERE ( `pid`=40 )  [ RunTime:0.0000s ]
SQL: SELECT * FROM `meun` WHERE `id` = 45  [ RunTime:0.0010s ]
SQL: SELECT * FROM `meun` WHERE ( `pid`=45 )  [ RunTime:0.0000s ]
SQL: SELECT * FROM `meun` WHERE `id` = 52  [ RunTime:0.0000s ]
SQL: SELECT * FROM `meun` WHERE ( `pid`=52 )  [ RunTime:0.0010s ]
SQL: SHOW COLUMNS FROM `category` [ RunTime:0.0080s ]
SQL: SELECT * FROM `category` WHERE ( `pid`='0' )  [ RunTime:0.0000s ]
SQL: SELECT * FROM `category` WHERE ( `pid`='1' )  [ RunTime:0.0000s ]
SQL: SELECT * FROM `category` WHERE ( `pid`='2' )  [ RunTime:0.0000s ]
SQL: SELECT * FROM `category` WHERE ( `pid`='3' )  [ RunTime:0.0000s ]
SQL: SELECT * FROM `category` WHERE ( `pid`='4' )  [ RunTime:0.0010s ]
SQL: SELECT * FROM `category` WHERE ( `pid`='21' )  [ RunTime:0.0000s ]
SQL: SELECT * FROM `category` WHERE ( `pid`='6' )  [ RunTime:0.0000s ]
SQL: SELECT * FROM `category` WHERE ( `pid`='7' )  [ RunTime:0.0000s ]
SQL: SELECT * FROM `category` WHERE ( `pid`='8' )  [ RunTime:0.0000s ]
SQL: SELECT * FROM `category` WHERE ( `pid`='9' )  [ RunTime:0.0000s ]
SQL: SELECT * FROM `category` WHERE ( `pid`='10' )  [ RunTime:0.0000s ]
SQL: SELECT * FROM `category` WHERE ( `pid`='11' )  [ RunTime:0.0010s ]
SQL: SELECT * FROM `category` WHERE ( `pid`='12' )  [ RunTime:0.0000s ]
SQL: SELECT * FROM `category` WHERE ( `pid`='13' )  [ RunTime:0.0000s ]
SQL: SELECT * FROM `category` WHERE ( `pid`='14' )  [ RunTime:0.0000s ]
SQL: SELECT * FROM `category` WHERE ( `pid`='15' )  [ RunTime:0.0010s ]
INFO: [ view_parse ] --START--
INFO: [ template_filter ] --START--
INFO: Run Behavior\ContentReplaceBehavior [ RunTime:0.000000s ]
INFO: [ template_filter ] --END-- [ RunTime:0.000000s ]
INFO: Run Behavior\ParseTemplateBehavior [ RunTime:0.028002s ]
INFO: [ view_parse ] --END-- [ RunTime:0.028002s ]
INFO: [ view_filter ] --START--
INFO: Run Behavior\WriteHtmlCacheBehavior [ RunTime:0.000000s ]
INFO: [ view_filter ] --END-- [ RunTime:0.000000s ]
INFO: [ app_end ] --START--
INFO: Run Behavior\ShowPageTraceBehavior [ RunTime:0.001000s ]
INFO: [ app_end ] --END-- [ RunTime:0.001000s ]

[ 2017-09-09T14:44:02+08:00 ] 127.0.0.1 /think/index.php/Admin/Category/update/id/3.html
INFO: [ app_init ] --START--
INFO: Run Behavior\BuildLiteBehavior [ RunTime:0.000000s ]
INFO: [ app_init ] --END-- [ RunTime:0.001000s ]
INFO: [ app_begin ] --START--
INFO: Run Behavior\ReadHtmlCacheBehavior [ RunTime:0.000000s ]
INFO: [ app_begin ] --END-- [ RunTime:0.000000s ]
SQL: SHOW COLUMNS FROM `admin` [ RunTime:0.0080s ]
SQL: SELECT * FROM `admin` WHERE `names` = 'admin' LIMIT 1   [ RunTime:0.0000s ]
SQL: SHOW COLUMNS FROM `level` [ RunTime:0.0080s ]
SQL: SELECT * FROM `level` WHERE `id` = 17 LIMIT 1   [ RunTime:0.0000s ]
SQL: SHOW COLUMNS FROM `meun` [ RunTime:0.0120s ]
SQL: SELECT * FROM `meun` WHERE `id` = 1  [ RunTime:0.0000s ]
SQL: SELECT * FROM `meun` WHERE ( `pid`=1 )  [ RunTime:0.0000s ]
SQL: SELECT * FROM `meun` WHERE `id` = 6  [ RunTime:0.0000s ]
SQL: SELECT * FROM `meun` WHERE ( `pid`=6 )  [ RunTime:0.0000s ]
SQL: SELECT * FROM `meun` WHERE `id` = 11  [ RunTime:0.0010s ]
SQL: SELECT * FROM `meun` WHERE ( `pid`=11 )  [ RunTime:0.0000s ]
SQL: SELECT * FROM `meun` WHERE `id` = 16  [ RunTime:0.0000s ]
SQL: SELECT * FROM `meun` WHERE ( `pid`=16 )  [ RunTime:0.0000s ]
SQL: SELECT * FROM `meun` WHERE `id` = 21  [ RunTime:0.0000s ]
SQL: SELECT * FROM `meun` WHERE ( `pid`=21 )  [ RunTime:0.0000s ]
SQL: SELECT * FROM `meun` WHERE `id` = 26  [ RunTime:0.0000s ]
SQL: SELECT * FROM `meun` WHERE ( `pid`=26 )  [ RunTime:0.0010s ]
SQL: SELECT * FROM `meun` WHERE `id` = 30  [ RunTime:0.0000s ]
SQL: SELECT * FROM `meun` WHERE ( `pid`=30 )  [ RunTime:0.0000s ]
SQL: SELECT * FROM `meun` WHERE `id` = 37  [ RunTime:0.0000s ]
SQL: SELECT * FROM `meun` WHERE ( `pid`=37 )  [ RunTime:0.0000s ]
SQL: SELECT * FROM `meun` WHERE `id` = 40  [ RunTime:0.0000s ]
SQL: SELECT * FROM `meun` WHERE ( `pid`=40 )  [ RunTime:0.0010s ]
SQL: SELECT * FROM `meun` WHERE `id` = 45  [ RunTime:0.0000s ]
SQL: SELECT * FROM `meun` WHERE ( `pid`=45 )  [ RunTime:0.0000s ]
SQL: SELECT * FROM `meun` WHERE `id` = 52  [ RunTime:0.0010s ]
SQL: SELECT * FROM `meun` WHERE ( `pid`=52 )  [ RunTime:0.0000s ]
SQL: SHOW COLUMNS FROM `category` [ RunTime:0.0130s ]
SQL: SELECT * FROM `category` WHERE ( `id`=3 ) LIMIT 1   [ RunTime:0.0000s ]
SQL: SELECT * FROM `category` WHERE ( `pid`=1 )  [ RunTime:0.0000s ]
SQL: SELECT * FROM `category` WHERE ( `id`=1 ) LIMIT 1   [ RunTime:0.0010s ]
SQL: SELECT * FROM `category` WHERE ( `pid`=0 )  [ RunTime:0.0000s ]
SQL: SELECT * FROM `category` WHERE ( `id`=3 ) LIMIT 1   [ RunTime:0.0010s ]
INFO: [ view_parse ] --START--
INFO: [ template_filter ] --START--
INFO: Run Behavior\ContentReplaceBehavior [ RunTime:0.000000s ]
INFO: [ template_filter ] --END-- [ RunTime:0.001000s ]
NOTIC: [8] Use of undefined constant Category - assumed 'Category' D:\phpStudy\WWW\think\Application\Runtime\Cache\Admin\d37469acd1c6491bbf94f3d4a1f75469.php 第 209 行.
NOTIC: [8] Use of undefined constant update - assumed 'update' D:\phpStudy\WWW\think\Application\Runtime\Cache\Admin\d37469acd1c6491bbf94f3d4a1f75469.php 第 209 行.
NOTIC: [2] Division by zero D:\phpStudy\WWW\think\Application\Runtime\Cache\Admin\d37469acd1c6491bbf94f3d4a1f75469.php 第 209 行.
INFO: Run Behavior\ParseTemplateBehavior [ RunTime:0.014001s ]
INFO: [ view_parse ] --END-- [ RunTime:0.014001s ]
INFO: [ view_filter ] --START--
INFO: Run Behavior\WriteHtmlCacheBehavior [ RunTime:0.001000s ]
INFO: [ view_filter ] --END-- [ RunTime:0.001000s ]
INFO: [ app_end ] --START--
INFO: Run Behavior\ShowPageTraceBehavior [ RunTime:0.003000s ]
INFO: [ app_end ] --END-- [ RunTime:0.003000s ]

[ 2017-09-09T14:44:46+08:00 ] 127.0.0.1 /think/index.php/Admin/Category/update/id/3.html
INFO: [ app_init ] --START--
INFO: Run Behavior\BuildLiteBehavior [ RunTime:0.000000s ]
INFO: [ app_init ] --END-- [ RunTime:0.001000s ]
INFO: [ app_begin ] --START--
INFO: Run Behavior\ReadHtmlCacheBehavior [ RunTime:0.001000s ]
INFO: [ app_begin ] --END-- [ RunTime:0.001000s ]
SQL: SHOW COLUMNS FROM `admin` [ RunTime:0.0090s ]
SQL: SELECT * FROM `admin` WHERE `names` = 'admin' LIMIT 1   [ RunTime:0.0000s ]
SQL: SHOW COLUMNS FROM `level` [ RunTime:0.0110s ]
SQL: SELECT * FROM `level` WHERE `id` = 17 LIMIT 1   [ RunTime:0.0010s ]
SQL: SHOW COLUMNS FROM `meun` [ RunTime:0.0090s ]
SQL: SELECT * FROM `meun` WHERE `id` = 1  [ RunTime:0.0000s ]
SQL: SELECT * FROM `meun` WHERE ( `pid`=1 )  [ RunTime:0.0010s ]
SQL: SELECT * FROM `meun` WHERE `id` = 6  [ RunTime:0.0010s ]
SQL: SELECT * FROM `meun` WHERE ( `pid`=6 )  [ RunTime:0.0010s ]
SQL: SELECT * FROM `meun` WHERE `id` = 11  [ RunTime:0.0000s ]
SQL: SELECT * FROM `meun` WHERE ( `pid`=11 )  [ RunTime:0.0000s ]
SQL: SELECT * FROM `meun` WHERE `id` = 16  [ RunTime:0.0010s ]
SQL: SELECT * FROM `meun` WHERE ( `pid`=16 )  [ RunTime:0.0000s ]
SQL: SELECT * FROM `meun` WHERE `id` = 21  [ RunTime:0.0000s ]
SQL: SELECT * FROM `meun` WHERE ( `pid`=21 )  [ RunTime:0.0000s ]
SQL: SELECT * FROM `meun` WHERE `id` = 26  [ RunTime:0.0010s ]
SQL: SELECT * FROM `meun` WHERE ( `pid`=26 )  [ RunTime:0.0000s ]
SQL: SELECT * FROM `meun` WHERE `id` = 30  [ RunTime:0.0000s ]
SQL: SELECT * FROM `meun` WHERE ( `pid`=30 )  [ RunTime:0.0000s ]
SQL: SELECT * FROM `meun` WHERE `id` = 37  [ RunTime:0.0000s ]
SQL: SELECT * FROM `meun` WHERE ( `pid`=37 )  [ RunTime:0.0000s ]
SQL: SELECT * FROM `meun` WHERE `id` = 40  [ RunTime:0.0010s ]
SQL: SELECT * FROM `meun` WHERE ( `pid`=40 )  [ RunTime:0.0010s ]
SQL: SELECT * FROM `meun` WHERE `id` = 45  [ RunTime:0.0000s ]
SQL: SELECT * FROM `meun` WHERE ( `pid`=45 )  [ RunTime:0.0010s ]
SQL: SELECT * FROM `meun` WHERE `id` = 52  [ RunTime:0.0000s ]
SQL: SELECT * FROM `meun` WHERE ( `pid`=52 )  [ RunTime:0.0000s ]
SQL: SHOW COLUMNS FROM `category` [ RunTime:0.0080s ]
SQL: SELECT * FROM `category` WHERE ( `id`=3 ) LIMIT 1   [ RunTime:0.0000s ]
SQL: SELECT * FROM `category` WHERE ( `pid`=1 )  [ RunTime:0.0000s ]
SQL: SELECT * FROM `category` WHERE ( `id`=1 ) LIMIT 1   [ RunTime:0.0000s ]
SQL: SELECT * FROM `category` WHERE ( `pid`=0 )  [ RunTime:0.0010s ]

[ 2017-09-09T14:45:54+08:00 ] 127.0.0.1 /think/index.php/Admin/Category/update/id/3.html
INFO: [ app_init ] --START--
INFO: Run Behavior\BuildLiteBehavior [ RunTime:0.000000s ]
INFO: [ app_init ] --END-- [ RunTime:0.001000s ]
INFO: [ app_begin ] --START--
INFO: Run Behavior\ReadHtmlCacheBehavior [ RunTime:0.001000s ]
INFO: [ app_begin ] --END-- [ RunTime:0.001000s ]
SQL: SHOW COLUMNS FROM `admin` [ RunTime:0.0100s ]
SQL: SELECT * FROM `admin` WHERE `names` = 'admin' LIMIT 1   [ RunTime:0.0000s ]
SQL: SHOW COLUMNS FROM `level` [ RunTime:0.0090s ]
SQL: SELECT * FROM `level` WHERE `id` = 17 LIMIT 1   [ RunTime:0.0000s ]
SQL: SHOW COLUMNS FROM `meun` [ RunTime:0.0080s ]
SQL: SELECT * FROM `meun` WHERE `id` = 1  [ RunTime:0.0010s ]
SQL: SELECT * FROM `meun` WHERE ( `pid`=1 )  [ RunTime:0.0000s ]
SQL: SELECT * FROM `meun` WHERE `id` = 6  [ RunTime:0.0000s ]
SQL: SELECT * FROM `meun` WHERE ( `pid`=6 )  [ RunTime:0.0010s ]
SQL: SELECT * FROM `meun` WHERE `id` = 11  [ RunTime:0.0000s ]
SQL: SELECT * FROM `meun` WHERE ( `pid`=11 )  [ RunTime:0.0000s ]
SQL: SELECT * FROM `meun` WHERE `id` = 16  [ RunTime:0.0000s ]
SQL: SELECT * FROM `meun` WHERE ( `pid`=16 )  [ RunTime:0.0010s ]
SQL: SELECT * FROM `meun` WHERE `id` = 21  [ RunTime:0.0000s ]
SQL: SELECT * FROM `meun` WHERE ( `pid`=21 )  [ RunTime:0.0000s ]
SQL: SELECT * FROM `meun` WHERE `id` = 26  [ RunTime:0.0010s ]
SQL: SELECT * FROM `meun` WHERE ( `pid`=26 )  [ RunTime:0.0000s ]
SQL: SELECT * FROM `meun` WHERE `id` = 30  [ RunTime:0.0000s ]
SQL: SELECT * FROM `meun` WHERE ( `pid`=30 )  [ RunTime:0.0000s ]
SQL: SELECT * FROM `meun` WHERE `id` = 37  [ RunTime:0.0000s ]
SQL: SELECT * FROM `meun` WHERE ( `pid`=37 )  [ RunTime:0.0000s ]
SQL: SELECT * FROM `meun` WHERE `id` = 40  [ RunTime:0.0000s ]
SQL: SELECT * FROM `meun` WHERE ( `pid`=40 )  [ RunTime:0.0010s ]
SQL: SELECT * FROM `meun` WHERE `id` = 45  [ RunTime:0.0000s ]
SQL: SELECT * FROM `meun` WHERE ( `pid`=45 )  [ RunTime:0.0000s ]
SQL: SELECT * FROM `meun` WHERE `id` = 52  [ RunTime:0.0000s ]
SQL: SELECT * FROM `meun` WHERE ( `pid`=52 )  [ RunTime:0.0000s ]
SQL: SHOW COLUMNS FROM `category` [ RunTime:0.0090s ]
SQL: SELECT * FROM `category` WHERE ( `id`=3 ) LIMIT 1   [ RunTime:0.0000s ]
SQL: SELECT * FROM `category` WHERE ( `pid`=1 )  [ RunTime:0.0010s ]
SQL: SELECT * FROM `category` WHERE ( `id`=1 ) LIMIT 1   [ RunTime:0.0000s ]
SQL: SELECT * FROM `category` WHERE ( `pid`=0 )  [ RunTime:0.0000s ]

[ 2017-09-09T14:51:35+08:00 ] 127.0.0.1 /think/index.php/Admin/Category/update/id/3.html
INFO: [ app_init ] --START--
INFO: Run Behavior\BuildLiteBehavior [ RunTime:0.000000s ]
INFO: [ app_init ] --END-- [ RunTime:0.001000s ]
INFO: [ app_begin ] --START--
INFO: Run Behavior\ReadHtmlCacheBehavior [ RunTime:0.001000s ]
INFO: [ app_begin ] --END-- [ RunTime:0.001000s ]
SQL: SHOW COLUMNS FROM `admin` [ RunTime:0.0090s ]
SQL: SELECT * FROM `admin` WHERE `names` = 'admin' LIMIT 1   [ RunTime:0.0000s ]
SQL: SHOW COLUMNS FROM `level` [ RunTime:0.0130s ]
SQL: SELECT * FROM `level` WHERE `id` = 17 LIMIT 1   [ RunTime:0.0000s ]
SQL: SHOW COLUMNS FROM `meun` [ RunTime:0.0130s ]
SQL: SELECT * FROM `meun` WHERE `id` = 1  [ RunTime:0.0010s ]
SQL: SELECT * FROM `meun` WHERE ( `pid`=1 )  [ RunTime:0.0010s ]
SQL: SELECT * FROM `meun` WHERE `id` = 6  [ RunTime:0.0000s ]
SQL: SELECT * FROM `meun` WHERE ( `pid`=6 )  [ RunTime:0.0000s ]
SQL: SELECT * FROM `meun` WHERE `id` = 11  [ RunTime:0.0000s ]
SQL: SELECT * FROM `meun` WHERE ( `pid`=11 )  [ RunTime:0.0000s ]
SQL: SELECT * FROM `meun` WHERE `id` = 16  [ RunTime:0.0000s ]
SQL: SELECT * FROM `meun` WHERE ( `pid`=16 )  [ RunTime:0.0010s ]
SQL: SELECT * FROM `meun` WHERE `id` = 21  [ RunTime:0.0000s ]
SQL: SELECT * FROM `meun` WHERE ( `pid`=21 )  [ RunTime:0.0000s ]
SQL: SELECT * FROM `meun` WHERE `id` = 26  [ RunTime:0.0000s ]
SQL: SELECT * FROM `meun` WHERE ( `pid`=26 )  [ RunTime:0.0010s ]
SQL: SELECT * FROM `meun` WHERE `id` = 30  [ RunTime:0.0000s ]
SQL: SELECT * FROM `meun` WHERE ( `pid`=30 )  [ RunTime:0.0000s ]
SQL: SELECT * FROM `meun` WHERE `id` = 37  [ RunTime:0.0010s ]
SQL: SELECT * FROM `meun` WHERE ( `pid`=37 )  [ RunTime:0.0000s ]
SQL: SELECT * FROM `meun` WHERE `id` = 40  [ RunTime:0.0000s ]
SQL: SELECT * FROM `meun` WHERE ( `pid`=40 )  [ RunTime:0.0010s ]
SQL: SELECT * FROM `meun` WHERE `id` = 45  [ RunTime:0.0000s ]
SQL: SELECT * FROM `meun` WHERE ( `pid`=45 )  [ RunTime:0.0000s ]
SQL: SELECT * FROM `meun` WHERE `id` = 52  [ RunTime:0.0000s ]
SQL: SELECT * FROM `meun` WHERE ( `pid`=52 )  [ RunTime:0.0010s ]
SQL: SHOW COLUMNS FROM `category` [ RunTime:0.0080s ]
SQL: SELECT * FROM `category` WHERE ( `id`=3 ) LIMIT 1   [ RunTime:0.0010s ]
SQL: SELECT * FROM `category` WHERE ( `pid`=1 )  [ RunTime:0.0000s ]
SQL: SELECT * FROM `category` WHERE ( `id`=1 ) LIMIT 1   [ RunTime:0.0000s ]
SQL: SELECT * FROM `category` WHERE ( `pid`=0 )  [ RunTime:0.0000s ]
SQL: SELECT * FROM `category` WHERE ( `id`=3 ) LIMIT 1   [ RunTime:0.0010s ]
INFO: [ view_parse ] --START--
INFO: [ template_filter ] --START--
INFO: Run Behavior\ContentReplaceBehavior [ RunTime:0.000000s ]
INFO: [ template_filter ] --END-- [ RunTime:0.000000s ]
NOTIC: [8] Use of undefined constant Category - assumed 'Category' D:\phpStudy\WWW\think\Application\Runtime\Cache\Admin\d37469acd1c6491bbf94f3d4a1f75469.php 第 209 行.
NOTIC: [8] Use of undefined constant update - assumed 'update' D:\phpStudy\WWW\think\Application\Runtime\Cache\Admin\d37469acd1c6491bbf94f3d4a1f75469.php 第 209 行.
NOTIC: [2] Division by zero D:\phpStudy\WWW\think\Application\Runtime\Cache\Admin\d37469acd1c6491bbf94f3d4a1f75469.php 第 209 行.
INFO: Run Behavior\ParseTemplateBehavior [ RunTime:0.013001s ]
INFO: [ view_parse ] --END-- [ RunTime:0.013001s ]
INFO: [ view_filter ] --START--
INFO: Run Behavior\WriteHtmlCacheBehavior [ RunTime:0.000000s ]
INFO: [ view_filter ] --END-- [ RunTime:0.000000s ]
INFO: [ app_end ] --START--
INFO: Run Behavior\ShowPageTraceBehavior [ RunTime:0.001000s ]
INFO: [ app_end ] --END-- [ RunTime:0.001000s ]

[ 2017-09-09T14:55:24+08:00 ] 127.0.0.1 /think/index.php/Admin/Category/update/id/3.html
INFO: [ app_init ] --START--
INFO: Run Behavior\BuildLiteBehavior [ RunTime:0.000000s ]
INFO: [ app_init ] --END-- [ RunTime:0.000000s ]
INFO: [ app_begin ] --START--
INFO: Run Behavior\ReadHtmlCacheBehavior [ RunTime:0.001000s ]
INFO: [ app_begin ] --END-- [ RunTime:0.001000s ]
SQL: SHOW COLUMNS FROM `admin` [ RunTime:0.0080s ]
SQL: SELECT * FROM `admin` WHERE `names` = 'admin' LIMIT 1   [ RunTime:0.0000s ]
SQL: SHOW COLUMNS FROM `level` [ RunTime:0.0120s ]
SQL: SELECT * FROM `level` WHERE `id` = 17 LIMIT 1   [ RunTime:0.0000s ]
SQL: SHOW COLUMNS FROM `meun` [ RunTime:0.0090s ]
SQL: SELECT * FROM `meun` WHERE `id` = 1  [ RunTime:0.0010s ]
SQL: SELECT * FROM `meun` WHERE ( `pid`=1 )  [ RunTime:0.0010s ]
SQL: SELECT * FROM `meun` WHERE `id` = 6  [ RunTime:0.0000s ]
SQL: SELECT * FROM `meun` WHERE ( `pid`=6 )  [ RunTime:0.0000s ]
SQL: SELECT * FROM `meun` WHERE `id` = 11  [ RunTime:0.0000s ]
SQL: SELECT * FROM `meun` WHERE ( `pid`=11 )  [ RunTime:0.0000s ]
SQL: SELECT * FROM `meun` WHERE `id` = 16  [ RunTime:0.0000s ]
SQL: SELECT * FROM `meun` WHERE ( `pid`=16 )  [ RunTime:0.0010s ]
SQL: SELECT * FROM `meun` WHERE `id` = 21  [ RunTime:0.0000s ]
SQL: SELECT * FROM `meun` WHERE ( `pid`=21 )  [ RunTime:0.0000s ]
SQL: SELECT * FROM `meun` WHERE `id` = 26  [ RunTime:0.0010s ]
SQL: SELECT * FROM `meun` WHERE ( `pid`=26 )  [ RunTime:0.0000s ]
SQL: SELECT * FROM `meun` WHERE `id` = 30  [ RunTime:0.0000s ]
SQL: SELECT * FROM `meun` WHERE ( `pid`=30 )  [ RunTime:0.0010s ]
SQL: SELECT * FROM `meun` WHERE `id` = 37  [ RunTime:0.0000s ]
SQL: SELECT * FROM `meun` WHERE ( `pid`=37 )  [ RunTime:0.0000s ]
SQL: SELECT * FROM `meun` WHERE `id` = 40  [ RunTime:0.0010s ]
SQL: SELECT * FROM `meun` WHERE ( `pid`=40 )  [ RunTime:0.0000s ]
SQL: SELECT * FROM `meun` WHERE `id` = 45  [ RunTime:0.0000s ]
SQL: SELECT * FROM `meun` WHERE ( `pid`=45 )  [ RunTime:0.0000s ]
SQL: SELECT * FROM `meun` WHERE `id` = 52  [ RunTime:0.0010s ]
SQL: SELECT * FROM `meun` WHERE ( `pid`=52 )  [ RunTime:0.0000s ]
SQL: SHOW COLUMNS FROM `category` [ RunTime:0.0080s ]
SQL: SELECT * FROM `category` WHERE ( `id`=3 ) LIMIT 1   [ RunTime:0.0000s ]
SQL: SELECT * FROM `category` WHERE ( `pid`=1 )  [ RunTime:0.0010s ]
SQL: SELECT * FROM `category` WHERE ( `id`=1 ) LIMIT 1   [ RunTime:0.0000s ]
SQL: SELECT * FROM `category` WHERE ( `pid`=0 )  [ RunTime:0.0000s ]
SQL: SELECT * FROM `category` WHERE ( `id`=3 ) LIMIT 1   [ RunTime:0.0000s ]
INFO: [ view_parse ] --START--
INFO: [ template_filter ] --START--
INFO: Run Behavior\ContentReplaceBehavior [ RunTime:0.000000s ]
INFO: [ template_filter ] --END-- [ RunTime:0.000000s ]
NOTIC: [8] Use of undefined constant Category - assumed 'Category' D:\phpStudy\WWW\think\Application\Runtime\Cache\Admin\d37469acd1c6491bbf94f3d4a1f75469.php 第 209 行.
NOTIC: [8] Use of undefined constant update - assumed 'update' D:\phpStudy\WWW\think\Application\Runtime\Cache\Admin\d37469acd1c6491bbf94f3d4a1f75469.php 第 209 行.
NOTIC: [2] Division by zero D:\phpStudy\WWW\think\Application\Runtime\Cache\Admin\d37469acd1c6491bbf94f3d4a1f75469.php 第 209 行.
INFO: Run Behavior\ParseTemplateBehavior [ RunTime:0.012001s ]
INFO: [ view_parse ] --END-- [ RunTime:0.012001s ]
INFO: [ view_filter ] --START--
INFO: Run Behavior\WriteHtmlCacheBehavior [ RunTime:0.001000s ]
INFO: [ view_filter ] --END-- [ RunTime:0.001000s ]
INFO: [ app_end ] --START--
INFO: Run Behavior\ShowPageTraceBehavior [ RunTime:0.001000s ]
INFO: [ app_end ] --END-- [ RunTime:0.001000s ]

[ 2017-09-09T17:49:39+08:00 ] 127.0.0.1 /think/index.php/Admin/Category/update/id/3.html
INFO: [ app_init ] --START--
INFO: Run Behavior\BuildLiteBehavior [ RunTime:0.000000s ]
INFO: [ app_init ] --END-- [ RunTime:0.001000s ]
INFO: [ app_begin ] --START--
INFO: Run Behavior\ReadHtmlCacheBehavior [ RunTime:0.003000s ]
INFO: [ app_begin ] --END-- [ RunTime:0.003000s ]
SQL: SHOW COLUMNS FROM `admin` [ RunTime:0.1510s ]
SQL: SELECT * FROM `admin` WHERE `names` = 'admin' LIMIT 1   [ RunTime:0.0100s ]
SQL: SHOW COLUMNS FROM `level` [ RunTime:0.0360s ]
SQL: SELECT * FROM `level` WHERE `id` = 17 LIMIT 1   [ RunTime:0.0090s ]
SQL: SHOW COLUMNS FROM `meun` [ RunTime:0.0250s ]
SQL: SELECT * FROM `meun` WHERE `id` = 1  [ RunTime:0.0010s ]
SQL: SELECT * FROM `meun` WHERE ( `pid`=1 )  [ RunTime:0.0010s ]
SQL: SELECT * FROM `meun` WHERE `id` = 6  [ RunTime:0.0000s ]
SQL: SELECT * FROM `meun` WHERE ( `pid`=6 )  [ RunTime:0.0000s ]
SQL: SELECT * FROM `meun` WHERE `id` = 11  [ RunTime:0.0010s ]
SQL: SELECT * FROM `meun` WHERE ( `pid`=11 )  [ RunTime:0.0000s ]
SQL: SELECT * FROM `meun` WHERE `id` = 16  [ RunTime:0.0000s ]
SQL: SELECT * FROM `meun` WHERE ( `pid`=16 )  [ RunTime:0.0010s ]
SQL: SELECT * FROM `meun` WHERE `id` = 21  [ RunTime:0.0010s ]
SQL: SELECT * FROM `meun` WHERE ( `pid`=21 )  [ RunTime:0.0000s ]
SQL: SELECT * FROM `meun` WHERE `id` = 26  [ RunTime:0.0000s ]
SQL: SELECT * FROM `meun` WHERE ( `pid`=26 )  [ RunTime:0.0000s ]
SQL: SELECT * FROM `meun` WHERE `id` = 30  [ RunTime:0.0000s ]
SQL: SELECT * FROM `meun` WHERE ( `pid`=30 )  [ RunTime:0.0010s ]
SQL: SELECT * FROM `meun` WHERE `id` = 37  [ RunTime:0.0000s ]
SQL: SELECT * FROM `meun` WHERE ( `pid`=37 )  [ RunTime:0.0000s ]
SQL: SELECT * FROM `meun` WHERE `id` = 40  [ RunTime:0.0020s ]
SQL: SELECT * FROM `meun` WHERE ( `pid`=40 )  [ RunTime:0.0010s ]
SQL: SELECT * FROM `meun` WHERE `id` = 45  [ RunTime:0.0000s ]
SQL: SELECT * FROM `meun` WHERE ( `pid`=45 )  [ RunTime:0.0010s ]
SQL: SELECT * FROM `meun` WHERE `id` = 52  [ RunTime:0.0000s ]
SQL: SELECT * FROM `meun` WHERE ( `pid`=52 )  [ RunTime:0.0010s ]
SQL: SHOW COLUMNS FROM `category` [ RunTime:0.0140s ]
SQL: SELECT * FROM `category` WHERE ( `id`=3 ) LIMIT 1   [ RunTime:0.0000s ]
SQL: SELECT * FROM `category` WHERE ( `pid`=1 )  [ RunTime:0.0010s ]
SQL: SELECT * FROM `category` WHERE ( `id`=1 ) LIMIT 1   [ RunTime:0.0000s ]
SQL: SELECT * FROM `category` WHERE ( `pid`=0 )  [ RunTime:0.0000s ]
SQL: SELECT * FROM `category` WHERE ( `id`=3 ) LIMIT 1   [ RunTime:0.0000s ]
INFO: [ view_parse ] --START--
INFO: [ template_filter ] --START--
INFO: Run Behavior\ContentReplaceBehavior [ RunTime:0.000000s ]
INFO: [ template_filter ] --END-- [ RunTime:0.000000s ]
NOTIC: [8] Use of undefined constant Category - assumed 'Category' D:\phpStudy\WWW\think\Application\Runtime\Cache\Admin\d37469acd1c6491bbf94f3d4a1f75469.php 第 209 行.
NOTIC: [8] Use of undefined constant update - assumed 'update' D:\phpStudy\WWW\think\Application\Runtime\Cache\Admin\d37469acd1c6491bbf94f3d4a1f75469.php 第 209 行.
NOTIC: [2] Division by zero D:\phpStudy\WWW\think\Application\Runtime\Cache\Admin\d37469acd1c6491bbf94f3d4a1f75469.php 第 209 行.
INFO: Run Behavior\ParseTemplateBehavior [ RunTime:0.066003s ]
INFO: [ view_parse ] --END-- [ RunTime:0.066003s ]
INFO: [ view_filter ] --START--
INFO: Run Behavior\WriteHtmlCacheBehavior [ RunTime:0.005001s ]
INFO: [ view_filter ] --END-- [ RunTime:0.005001s ]
INFO: [ app_end ] --START--
INFO: Run Behavior\ShowPageTraceBehavior [ RunTime:0.007000s ]
INFO: [ app_end ] --END-- [ RunTime:0.007000s ]

[ 2017-09-09T17:49:46+08:00 ] 127.0.0.1 /think/index.php/Admin/Category/NAN.html?id=6
INFO: [ app_init ] --START--
INFO: Run Behavior\BuildLiteBehavior [ RunTime:0.000000s ]
INFO: [ app_init ] --END-- [ RunTime:0.000000s ]
INFO: [ app_begin ] --START--
INFO: Run Behavior\ReadHtmlCacheBehavior [ RunTime:0.001000s ]
INFO: [ app_begin ] --END-- [ RunTime:0.001000s ]
SQL: SHOW COLUMNS FROM `admin` [ RunTime:0.0120s ]
SQL: SELECT * FROM `admin` WHERE `names` = 'admin' LIMIT 1   [ RunTime:0.0000s ]
SQL: SHOW COLUMNS FROM `level` [ RunTime:0.0120s ]
SQL: SELECT * FROM `level` WHERE `id` = 17 LIMIT 1   [ RunTime:0.0000s ]
SQL: SHOW COLUMNS FROM `meun` [ RunTime:0.0090s ]
SQL: SELECT * FROM `meun` WHERE `id` = 1  [ RunTime:0.0000s ]
SQL: SELECT * FROM `meun` WHERE ( `pid`=1 )  [ RunTime:0.0000s ]
SQL: SELECT * FROM `meun` WHERE `id` = 6  [ RunTime:0.0000s ]
SQL: SELECT * FROM `meun` WHERE ( `pid`=6 )  [ RunTime:0.0000s ]
SQL: SELECT * FROM `meun` WHERE `id` = 11  [ RunTime:0.0000s ]
SQL: SELECT * FROM `meun` WHERE ( `pid`=11 )  [ RunTime:0.0010s ]
SQL: SELECT * FROM `meun` WHERE `id` = 16  [ RunTime:0.0000s ]
SQL: SELECT * FROM `meun` WHERE ( `pid`=16 )  [ RunTime:0.0000s ]
SQL: SELECT * FROM `meun` WHERE `id` = 21  [ RunTime:0.0000s ]
SQL: SELECT * FROM `meun` WHERE ( `pid`=21 )  [ RunTime:0.0010s ]
SQL: SELECT * FROM `meun` WHERE `id` = 26  [ RunTime:0.0000s ]
SQL: SELECT * FROM `meun` WHERE ( `pid`=26 )  [ RunTime:0.0000s ]
SQL: SELECT * FROM `meun` WHERE `id` = 30  [ RunTime:0.0010s ]
SQL: SELECT * FROM `meun` WHERE ( `pid`=30 )  [ RunTime:0.0000s ]
SQL: SELECT * FROM `meun` WHERE `id` = 37  [ RunTime:0.0000s ]
SQL: SELECT * FROM `meun` WHERE ( `pid`=37 )  [ RunTime:0.0010s ]
SQL: SELECT * FROM `meun` WHERE `id` = 40  [ RunTime:0.0000s ]
SQL: SELECT * FROM `meun` WHERE ( `pid`=40 )  [ RunTime:0.0000s ]
SQL: SELECT * FROM `meun` WHERE `id` = 45  [ RunTime:0.0000s ]
SQL: SELECT * FROM `meun` WHERE ( `pid`=45 )  [ RunTime:0.0010s ]
SQL: SELECT * FROM `meun` WHERE `id` = 52  [ RunTime:0.0000s ]
SQL: SELECT * FROM `meun` WHERE ( `pid`=52 )  [ RunTime:0.0000s ]
ERR: 非法操作:NAN

[ 2017-09-09T17:50:07+08:00 ] 127.0.0.1 /think/index.php/Admin/Category/update/id/3.html
INFO: [ app_init ] --START--
INFO: Run Behavior\BuildLiteBehavior [ RunTime:0.000000s ]
INFO: [ app_init ] --END-- [ RunTime:0.000000s ]
INFO: [ app_begin ] --START--
INFO: Run Behavior\ReadHtmlCacheBehavior [ RunTime:0.000000s ]
INFO: [ app_begin ] --END-- [ RunTime:0.000000s ]
SQL: SHOW COLUMNS FROM `admin` [ RunTime:0.0120s ]
SQL: SELECT * FROM `admin` WHERE `names` = 'admin' LIMIT 1   [ RunTime:0.0010s ]
SQL: SHOW COLUMNS FROM `level` [ RunTime:0.0120s ]
SQL: SELECT * FROM `level` WHERE `id` = 17 LIMIT 1   [ RunTime:0.0000s ]
SQL: SHOW COLUMNS FROM `meun` [ RunTime:0.0110s ]
SQL: SELECT * FROM `meun` WHERE `id` = 1  [ RunTime:0.0000s ]
SQL: SELECT * FROM `meun` WHERE ( `pid`=1 )  [ RunTime:0.0000s ]
SQL: SELECT * FROM `meun` WHERE `id` = 6  [ RunTime:0.0010s ]
SQL: SELECT * FROM `meun` WHERE ( `pid`=6 )  [ RunTime:0.0000s ]
SQL: SELECT * FROM `meun` WHERE `id` = 11  [ RunTime:0.0000s ]
SQL: SELECT * FROM `meun` WHERE ( `pid`=11 )  [ RunTime:0.0010s ]
SQL: SELECT * FROM `meun` WHERE `id` = 16  [ RunTime:0.0000s ]
SQL: SELECT * FROM `meun` WHERE ( `pid`=16 )  [ RunTime:0.0000s ]
SQL: SELECT * FROM `meun` WHERE `id` = 21  [ RunTime:0.0000s ]
SQL: SELECT * FROM `meun` WHERE ( `pid`=21 )  [ RunTime:0.0000s ]
SQL: SELECT * FROM `meun` WHERE `id` = 26  [ RunTime:0.0000s ]
SQL: SELECT * FROM `meun` WHERE ( `pid`=26 )  [ RunTime:0.0000s ]
SQL: SELECT * FROM `meun` WHERE `id` = 30  [ RunTime:0.0000s ]
SQL: SELECT * FROM `meun` WHERE ( `pid`=30 )  [ RunTime:0.0000s ]
SQL: SELECT * FROM `meun` WHERE `id` = 37  [ RunTime:0.0000s ]
SQL: SELECT * FROM `meun` WHERE ( `pid`=37 )  [ RunTime:0.0000s ]
SQL: SELECT * FROM `meun` WHERE `id` = 40  [ RunTime:0.0000s ]
SQL: SELECT * FROM `meun` WHERE ( `pid`=40 )  [ RunTime:0.0010s ]
SQL: SELECT * FROM `meun` WHERE `id` = 45  [ RunTime:0.0010s ]
SQL: SELECT * FROM `meun` WHERE ( `pid`=45 )  [ RunTime:0.0010s ]
SQL: SELECT * FROM `meun` WHERE `id` = 52  [ RunTime:0.0000s ]
SQL: SELECT * FROM `meun` WHERE ( `pid`=52 )  [ RunTime:0.0010s ]
SQL: SHOW COLUMNS FROM `category` [ RunTime:0.0150s ]
SQL: SELECT * FROM `category` WHERE ( `id`=3 ) LIMIT 1   [ RunTime:0.0010s ]
SQL: SELECT * FROM `category` WHERE ( `pid`=1 )  [ RunTime:0.0010s ]
SQL: SELECT * FROM `category` WHERE ( `id`=1 ) LIMIT 1   [ RunTime:0.0000s ]
SQL: SELECT * FROM `category` WHERE ( `pid`=0 )  [ RunTime:0.0000s ]
SQL: SELECT * FROM `category` WHERE ( `id`=3 ) LIMIT 1   [ RunTime:0.0000s ]
INFO: [ view_parse ] --START--
INFO: [ template_filter ] --START--
INFO: Run Behavior\ContentReplaceBehavior [ RunTime:0.000000s ]
INFO: [ template_filter ] --END-- [ RunTime:0.000000s ]
NOTIC: [8] Use of undefined constant Category - assumed 'Category' D:\phpStudy\WWW\think\Application\Runtime\Cache\Admin\d37469acd1c6491bbf94f3d4a1f75469.php 第 209 行.
NOTIC: [8] Use of undefined constant update - assumed 'update' D:\phpStudy\WWW\think\Application\Runtime\Cache\Admin\d37469acd1c6491bbf94f3d4a1f75469.php 第 209 行.
NOTIC: [2] Division by zero D:\phpStudy\WWW\think\Application\Runtime\Cache\Admin\d37469acd1c6491bbf94f3d4a1f75469.php 第 209 行.
INFO: Run Behavior\ParseTemplateBehavior [ RunTime:0.012001s ]
INFO: [ view_parse ] --END-- [ RunTime:0.012001s ]
INFO: [ view_filter ] --START--
INFO: Run Behavior\WriteHtmlCacheBehavior [ RunTime:0.001000s ]
INFO: [ view_filter ] --END-- [ RunTime:0.001000s ]
INFO: [ app_end ] --START--
INFO: Run Behavior\ShowPageTraceBehavior [ RunTime:0.000000s ]
INFO: [ app_end ] --END-- [ RunTime:0.000000s ]

[ 2017-09-09T17:50:13+08:00 ] 127.0.0.1 /think/index.php/Admin/Category/NAN.html?id=2
INFO: [ app_init ] --START--
INFO: Run Behavior\BuildLiteBehavior [ RunTime:0.000000s ]
INFO: [ app_init ] --END-- [ RunTime:0.000000s ]
INFO: [ app_begin ] --START--
INFO: Run Behavior\ReadHtmlCacheBehavior [ RunTime:0.001001s ]
INFO: [ app_begin ] --END-- [ RunTime:0.001001s ]
SQL: SHOW COLUMNS FROM `admin` [ RunTime:0.0330s ]
SQL: SELECT * FROM `admin` WHERE `names` = 'admin' LIMIT 1   [ RunTime:0.0000s ]
SQL: SHOW COLUMNS FROM `level` [ RunTime:0.0170s ]
SQL: SELECT * FROM `level` WHERE `id` = 17 LIMIT 1   [ RunTime:0.0000s ]
SQL: SHOW COLUMNS FROM `meun` [ RunTime:0.0140s ]
SQL: SELECT * FROM `meun` WHERE `id` = 1  [ RunTime:0.0010s ]
SQL: SELECT * FROM `meun` WHERE ( `pid`=1 )  [ RunTime:0.0000s ]
SQL: SELECT * FROM `meun` WHERE `id` = 6  [ RunTime:0.0000s ]
SQL: SELECT * FROM `meun` WHERE ( `pid`=6 )  [ RunTime:0.0010s ]
SQL: SELECT * FROM `meun` WHERE `id` = 11  [ RunTime:0.0000s ]
SQL: SELECT * FROM `meun` WHERE ( `pid`=11 )  [ RunTime:0.0000s ]
SQL: SELECT * FROM `meun` WHERE `id` = 16  [ RunTime:0.0000s ]
SQL: SELECT * FROM `meun` WHERE ( `pid`=16 )  [ RunTime:0.0000s ]
SQL: SELECT * FROM `meun` WHERE `id` = 21  [ RunTime:0.0000s ]
SQL: SELECT * FROM `meun` WHERE ( `pid`=21 )  [ RunTime:0.0000s ]
SQL: SELECT * FROM `meun` WHERE `id` = 26  [ RunTime:0.0000s ]
SQL: SELECT * FROM `meun` WHERE ( `pid`=26 )  [ RunTime:0.0000s ]
SQL: SELECT * FROM `meun` WHERE `id` = 30  [ RunTime:0.0000s ]
SQL: SELECT * FROM `meun` WHERE ( `pid`=30 )  [ RunTime:0.0000s ]
SQL: SELECT * FROM `meun` WHERE `id` = 37  [ RunTime:0.0000s ]
SQL: SELECT * FROM `meun` WHERE ( `pid`=37 )  [ RunTime:0.0010s ]
SQL: SELECT * FROM `meun` WHERE `id` = 40  [ RunTime:0.0000s ]
SQL: SELECT * FROM `meun` WHERE ( `pid`=40 )  [ RunTime:0.0000s ]
SQL: SELECT * FROM `meun` WHERE `id` = 45  [ RunTime:0.0000s ]
SQL: SELECT * FROM `meun` WHERE ( `pid`=45 )  [ RunTime:0.0010s ]
SQL: SELECT * FROM `meun` WHERE `id` = 52  [ RunTime:0.0000s ]
SQL: SELECT * FROM `meun` WHERE ( `pid`=52 )  [ RunTime:0.0000s ]
ERR: 非法操作:NAN

[ 2017-09-09T17:50:20+08:00 ] 127.0.0.1 /think/index.php/Admin/Category/NAN.html?id=3
INFO: [ app_init ] --START--
INFO: Run Behavior\BuildLiteBehavior [ RunTime:0.000000s ]
INFO: [ app_init ] --END-- [ RunTime:0.000000s ]
INFO: [ app_begin ] --START--
INFO: Run Behavior\ReadHtmlCacheBehavior [ RunTime:0.001000s ]
INFO: [ app_begin ] --END-- [ RunTime:0.001000s ]
SQL: SHOW COLUMNS FROM `admin` [ RunTime:0.0090s ]
SQL: SELECT * FROM `admin` WHERE `names` = 'admin' LIMIT 1   [ RunTime:0.0000s ]
SQL: SHOW COLUMNS FROM `level` [ RunTime:0.0120s ]
SQL: SELECT * FROM `level` WHERE `id` = 17 LIMIT 1   [ RunTime:0.0010s ]
SQL: SHOW COLUMNS FROM `meun` [ RunTime:0.0100s ]
SQL: SELECT * FROM `meun` WHERE `id` = 1  [ RunTime:0.0000s ]
SQL: SELECT * FROM `meun` WHERE ( `pid`=1 )  [ RunTime:0.0010s ]
SQL: SELECT * FROM `meun` WHERE `id` = 6  [ RunTime:0.0000s ]
SQL: SELECT * FROM `meun` WHERE ( `pid`=6 )  [ RunTime:0.0000s ]
SQL: SELECT * FROM `meun` WHERE `id` = 11  [ RunTime:0.0010s ]
SQL: SELECT * FROM `meun` WHERE ( `pid`=11 )  [ RunTime:0.0000s ]
SQL: SELECT * FROM `meun` WHERE `id` = 16  [ RunTime:0.0000s ]
SQL: SELECT * FROM `meun` WHERE ( `pid`=16 )  [ RunTime:0.0000s ]
SQL: SELECT * FROM `meun` WHERE `id` = 21  [ RunTime:0.0000s ]
SQL: SELECT * FROM `meun` WHERE ( `pid`=21 )  [ RunTime:0.0010s ]
SQL: SELECT * FROM `meun` WHERE `id` = 26  [ RunTime:0.0000s ]
SQL: SELECT * FROM `meun` WHERE ( `pid`=26 )  [ RunTime:0.0000s ]
SQL: SELECT * FROM `meun` WHERE `id` = 30  [ RunTime:0.0010s ]
SQL: SELECT * FROM `meun` WHERE ( `pid`=30 )  [ RunTime:0.0000s ]
SQL: SELECT * FROM `meun` WHERE `id` = 37  [ RunTime:0.0000s ]
SQL: SELECT * FROM `meun` WHERE ( `pid`=37 )  [ RunTime:0.0000s ]
SQL: SELECT * FROM `meun` WHERE `id` = 40  [ RunTime:0.0010s ]
SQL: SELECT * FROM `meun` WHERE ( `pid`=40 )  [ RunTime:0.0000s ]
SQL: SELECT * FROM `meun` WHERE `id` = 45  [ RunTime:0.0000s ]
SQL: SELECT * FROM `meun` WHERE ( `pid`=45 )  [ RunTime:0.0000s ]
SQL: SELECT * FROM `meun` WHERE `id` = 52  [ RunTime:0.0000s ]
SQL: SELECT * FROM `meun` WHERE ( `pid`=52 )  [ RunTime:0.0000s ]
ERR: 非法操作:NAN

[ 2017-09-09T17:50:22+08:00 ] 127.0.0.1 /think/index.php/Admin/Category/NAN.html?id=4
INFO: [ app_init ] --START--
INFO: Run Behavior\BuildLiteBehavior [ RunTime:0.000000s ]
INFO: [ app_init ] --END-- [ RunTime:0.000000s ]
INFO: [ app_begin ] --START--
INFO: Run Behavior\ReadHtmlCacheBehavior [ RunTime:0.000000s ]
INFO: [ app_begin ] --END-- [ RunTime:0.000000s ]
SQL: SHOW COLUMNS FROM `admin` [ RunTime:0.0100s ]
SQL: SELECT * FROM `admin` WHERE `names` = 'admin' LIMIT 1   [ RunTime:0.0000s ]
SQL: SHOW COLUMNS FROM `level` [ RunTime:0.0090s ]
SQL: SELECT * FROM `level` WHERE `id` = 17 LIMIT 1   [ RunTime:0.0000s ]
SQL: SHOW COLUMNS FROM `meun` [ RunTime:0.0140s ]
SQL: SELECT * FROM `meun` WHERE `id` = 1  [ RunTime:0.0000s ]
SQL: SELECT * FROM `meun` WHERE ( `pid`=1 )  [ RunTime:0.0010s ]
SQL: SELECT * FROM `meun` WHERE `id` = 6  [ RunTime:0.0000s ]
SQL: SELECT * FROM `meun` WHERE ( `pid`=6 )  [ RunTime:0.0000s ]
SQL: SELECT * FROM `meun` WHERE `id` = 11  [ RunTime:0.0010s ]
SQL: SELECT * FROM `meun` WHERE ( `pid`=11 )  [ RunTime:0.0000s ]
SQL: SELECT * FROM `meun` WHERE `id` = 16  [ RunTime:0.0000s ]
SQL: SELECT * FROM `meun` WHERE ( `pid`=16 )  [ RunTime:0.0000s ]
SQL: SELECT * FROM `meun` WHERE `id` = 21  [ RunTime:0.0000s ]
SQL: SELECT * FROM `meun` WHERE ( `pid`=21 )  [ RunTime:0.0000s ]
SQL: SELECT * FROM `meun` WHERE `id` = 26  [ RunTime:0.0000s ]
SQL: SELECT * FROM `meun` WHERE ( `pid`=26 )  [ RunTime:0.0000s ]
SQL: SELECT * FROM `meun` WHERE `id` = 30  [ RunTime:0.0000s ]
SQL: SELECT * FROM `meun` WHERE ( `pid`=30 )  [ RunTime:0.0010s ]
SQL: SELECT * FROM `meun` WHERE `id` = 37  [ RunTime:0.0000s ]
SQL: SELECT * FROM `meun` WHERE ( `pid`=37 )  [ RunTime:0.0000s ]
SQL: SELECT * FROM `meun` WHERE `id` = 40  [ RunTime:0.0010s ]
SQL: SELECT * FROM `meun` WHERE ( `pid`=40 )  [ RunTime:0.0000s ]
SQL: SELECT * FROM `meun` WHERE `id` = 45  [ RunTime:0.0000s ]
SQL: SELECT * FROM `meun` WHERE ( `pid`=45 )  [ RunTime:0.0010s ]
SQL: SELECT * FROM `meun` WHERE `id` = 52  [ RunTime:0.0000s ]
SQL: SELECT * FROM `meun` WHERE ( `pid`=52 )  [ RunTime:0.0000s ]
ERR: 非法操作:NAN

[ 2017-09-09T17:50:23+08:00 ] 127.0.0.1 /think/index.php/Admin/Category/NAN.html?id=6
INFO: [ app_init ] --START--
INFO: Run Behavior\BuildLiteBehavior [ RunTime:0.000000s ]
INFO: [ app_init ] --END-- [ RunTime:0.001000s ]
INFO: [ app_begin ] --START--
INFO: Run Behavior\ReadHtmlCacheBehavior [ RunTime:0.000000s ]
INFO: [ app_begin ] --END-- [ RunTime:0.000000s ]
SQL: SHOW COLUMNS FROM `admin` [ RunTime:0.0100s ]
SQL: SELECT * FROM `admin` WHERE `names` = 'admin' LIMIT 1   [ RunTime:0.0010s ]
SQL: SHOW COLUMNS FROM `level` [ RunTime:0.0140s ]
SQL: SELECT * FROM `level` WHERE `id` = 17 LIMIT 1   [ RunTime:0.0040s ]
SQL: SHOW COLUMNS FROM `meun` [ RunTime:0.0160s ]
SQL: SELECT * FROM `meun` WHERE `id` = 1  [ RunTime:0.0000s ]
SQL: SELECT * FROM `meun` WHERE ( `pid`=1 )  [ RunTime:0.0010s ]
SQL: SELECT * FROM `meun` WHERE `id` = 6  [ RunTime:0.0000s ]
SQL: SELECT * FROM `meun` WHERE ( `pid`=6 )  [ RunTime:0.0000s ]
SQL: SELECT * FROM `meun` WHERE `id` = 11  [ RunTime:0.0010s ]
SQL: SELECT * FROM `meun` WHERE ( `pid`=11 )  [ RunTime:0.0000s ]
SQL: SELECT * FROM `meun` WHERE `id` = 16  [ RunTime:0.0000s ]
SQL: SELECT * FROM `meun` WHERE ( `pid`=16 )  [ RunTime:0.0000s ]
SQL: SELECT * FROM `meun` WHERE `id` = 21  [ RunTime:0.0000s ]
SQL: SELECT * FROM `meun` WHERE ( `pid`=21 )  [ RunTime:0.0000s ]
SQL: SELECT * FROM `meun` WHERE `id` = 26  [ RunTime:0.0000s ]
SQL: SELECT * FROM `meun` WHERE ( `pid`=26 )  [ RunTime:0.0010s ]
SQL: SELECT * FROM `meun` WHERE `id` = 30  [ RunTime:0.0000s ]
SQL: SELECT * FROM `meun` WHERE ( `pid`=30 )  [ RunTime:0.0010s ]
SQL: SELECT * FROM `meun` WHERE `id` = 37  [ RunTime:0.0000s ]
SQL: SELECT * FROM `meun` WHERE ( `pid`=37 )  [ RunTime:0.0000s ]
SQL: SELECT * FROM `meun` WHERE `id` = 40  [ RunTime:0.0010s ]
SQL: SELECT * FROM `meun` WHERE ( `pid`=40 )  [ RunTime:0.0000s ]
SQL: SELECT * FROM `meun` WHERE `id` = 45  [ RunTime:0.0000s ]
SQL: SELECT * FROM `meun` WHERE ( `pid`=45 )  [ RunTime:0.0000s ]
SQL: SELECT * FROM `meun` WHERE `id` = 52  [ RunTime:0.0010s ]
SQL: SELECT * FROM `meun` WHERE ( `pid`=52 )  [ RunTime:0.0000s ]
ERR: 非法操作:NAN

[ 2017-09-09T17:50:25+08:00 ] 127.0.0.1 /think/index.php/Admin/Category/NAN.html?id=1
INFO: [ app_init ] --START--
INFO: Run Behavior\BuildLiteBehavior [ RunTime:0.000000s ]
INFO: [ app_init ] --END-- [ RunTime:0.000000s ]
INFO: [ app_begin ] --START--
INFO: Run Behavior\ReadHtmlCacheBehavior [ RunTime:0.001000s ]
INFO: [ app_begin ] --END-- [ RunTime:0.001000s ]
SQL: SHOW COLUMNS FROM `admin` [ RunTime:0.0130s ]
SQL: SELECT * FROM `admin` WHERE `names` = 'admin' LIMIT 1   [ RunTime:0.0010s ]
SQL: SHOW COLUMNS FROM `level` [ RunTime:0.0090s ]
SQL: SELECT * FROM `level` WHERE `id` = 17 LIMIT 1   [ RunTime:0.0000s ]
SQL: SHOW COLUMNS FROM `meun` [ RunTime:0.0110s ]
SQL: SELECT * FROM `meun` WHERE `id` = 1  [ RunTime:0.0000s ]
SQL: SELECT * FROM `meun` WHERE ( `pid`=1 )  [ RunTime:0.0010s ]
SQL: SELECT * FROM `meun` WHERE `id` = 6  [ RunTime:0.0000s ]
SQL: SELECT * FROM `meun` WHERE ( `pid`=6 )  [ RunTime:0.0000s ]
SQL: SELECT * FROM `meun` WHERE `id` = 11  [ RunTime:0.0010s ]
SQL: SELECT * FROM `meun` WHERE ( `pid`=11 )  [ RunTime:0.0000s ]
SQL: SELECT * FROM `meun` WHERE `id` = 16  [ RunTime:0.0000s ]
SQL: SELECT * FROM `meun` WHERE ( `pid`=16 )  [ RunTime:0.0000s ]
SQL: SELECT * FROM `meun` WHERE `id` = 21  [ RunTime:0.0000s ]
SQL: SELECT * FROM `meun` WHERE ( `pid`=21 )  [ RunTime:0.0010s ]
SQL: SELECT * FROM `meun` WHERE `id` = 26  [ RunTime:0.0000s ]
SQL: SELECT * FROM `meun` WHERE ( `pid`=26 )  [ RunTime:0.0010s ]
SQL: SELECT * FROM `meun` WHERE `id` = 30  [ RunTime:0.0010s ]
SQL: SELECT * FROM `meun` WHERE ( `pid`=30 )  [ RunTime:0.0000s ]
SQL: SELECT * FROM `meun` WHERE `id` = 37  [ RunTime:0.0010s ]
SQL: SELECT * FROM `meun` WHERE ( `pid`=37 )  [ RunTime:0.0000s ]
SQL: SELECT * FROM `meun` WHERE `id` = 40  [ RunTime:0.0000s ]
SQL: SELECT * FROM `meun` WHERE ( `pid`=40 )  [ RunTime:0.0010s ]
SQL: SELECT * FROM `meun` WHERE `id` = 45  [ RunTime:0.0000s ]
SQL: SELECT * FROM `meun` WHERE ( `pid`=45 )  [ RunTime:0.0000s ]
SQL: SELECT * FROM `meun` WHERE `id` = 52  [ RunTime:0.0000s ]
SQL: SELECT * FROM `meun` WHERE ( `pid`=52 )  [ RunTime:0.0010s ]
ERR: 非法操作:NAN

[ 2017-09-09T17:50:26+08:00 ] 127.0.0.1 /think/index.php/Admin/Category/NAN.html?id=6
INFO: [ app_init ] --START--
INFO: Run Behavior\BuildLiteBehavior [ RunTime:0.000000s ]
INFO: [ app_init ] --END-- [ RunTime:0.000000s ]
INFO: [ app_begin ] --START--
INFO: Run Behavior\ReadHtmlCacheBehavior [ RunTime:0.000000s ]
INFO: [ app_begin ] --END-- [ RunTime:0.000000s ]
SQL: SHOW COLUMNS FROM `admin` [ RunTime:0.0110s ]
SQL: SELECT * FROM `admin` WHERE `names` = 'admin' LIMIT 1   [ RunTime:0.0010s ]
SQL: SHOW COLUMNS FROM `level` [ RunTime:0.0160s ]
SQL: SELECT * FROM `level` WHERE `id` = 17 LIMIT 1   [ RunTime:0.0000s ]
SQL: SHOW COLUMNS FROM `meun` [ RunTime:0.0090s ]
SQL: SELECT * FROM `meun` WHERE `id` = 1  [ RunTime:0.0010s ]
SQL: SELECT * FROM `meun` WHERE ( `pid`=1 )  [ RunTime:0.0000s ]
SQL: SELECT * FROM `meun` WHERE `id` = 6  [ RunTime:0.0000s ]
SQL: SELECT * FROM `meun` WHERE ( `pid`=6 )  [ RunTime:0.0000s ]
SQL: SELECT * FROM `meun` WHERE `id` = 11  [ RunTime:0.0000s ]
SQL: SELECT * FROM `meun` WHERE ( `pid`=11 )  [ RunTime:0.0000s ]
SQL: SELECT * FROM `meun` WHERE `id` = 16  [ RunTime:0.0000s ]
SQL: SELECT * FROM `meun` WHERE ( `pid`=16 )  [ RunTime:0.0010s ]
SQL: SELECT * FROM `meun` WHERE `id` = 21  [ RunTime:0.0000s ]
SQL: SELECT * FROM `meun` WHERE ( `pid`=21 )  [ RunTime:0.0000s ]
SQL: SELECT * FROM `meun` WHERE `id` = 26  [ RunTime:0.0000s ]
SQL: SELECT * FROM `meun` WHERE ( `pid`=26 )  [ RunTime:0.0010s ]
SQL: SELECT * FROM `meun` WHERE `id` = 30  [ RunTime:0.0000s ]
SQL: SELECT * FROM `meun` WHERE ( `pid`=30 )  [ RunTime:0.0000s ]
SQL: SELECT * FROM `meun` WHERE `id` = 37  [ RunTime:0.0000s ]
SQL: SELECT * FROM `meun` WHERE ( `pid`=37 )  [ RunTime:0.0010s ]
SQL: SELECT * FROM `meun` WHERE `id` = 40  [ RunTime:0.0000s ]
SQL: SELECT * FROM `meun` WHERE ( `pid`=40 )  [ RunTime:0.0000s ]
SQL: SELECT * FROM `meun` WHERE `id` = 45  [ RunTime:0.0000s ]
SQL: SELECT * FROM `meun` WHERE ( `pid`=45 )  [ RunTime:0.0010s ]
SQL: SELECT * FROM `meun` WHERE `id` = 52  [ RunTime:0.0000s ]
SQL: SELECT * FROM `meun` WHERE ( `pid`=52 )  [ RunTime:0.0000s ]
ERR: 非法操作:NAN

[ 2017-09-09T17:50:30+08:00 ] 127.0.0.1 /think/index.php/Admin/Category/NAN.html?id=11
INFO: [ app_init ] --START--
INFO: Run Behavior\BuildLiteBehavior [ RunTime:0.000000s ]
INFO: [ app_init ] --END-- [ RunTime:0.000000s ]
INFO: [ app_begin ] --START--
INFO: Run Behavior\ReadHtmlCacheBehavior [ RunTime:0.000000s ]
INFO: [ app_begin ] --END-- [ RunTime:0.000000s ]
SQL: SHOW COLUMNS FROM `admin` [ RunTime:0.0100s ]
SQL: SELECT * FROM `admin` WHERE `names` = 'admin' LIMIT 1   [ RunTime:0.0000s ]
SQL: SHOW COLUMNS FROM `level` [ RunTime:0.0090s ]
SQL: SELECT * FROM `level` WHERE `id` = 17 LIMIT 1   [ RunTime:0.0010s ]
SQL: SHOW COLUMNS FROM `meun` [ RunTime:0.0090s ]
SQL: SELECT * FROM `meun` WHERE `id` = 1  [ RunTime:0.0000s ]
SQL: SELECT * FROM `meun` WHERE ( `pid`=1 )  [ RunTime:0.0010s ]
SQL: SELECT * FROM `meun` WHERE `id` = 6  [ RunTime:0.0000s ]
SQL: SELECT * FROM `meun` WHERE ( `pid`=6 )  [ RunTime:0.0000s ]
SQL: SELECT * FROM `meun` WHERE `id` = 11  [ RunTime:0.0000s ]
SQL: SELECT * FROM `meun` WHERE ( `pid`=11 )  [ RunTime:0.0010s ]
SQL: SELECT * FROM `meun` WHERE `id` = 16  [ RunTime:0.0000s ]
SQL: SELECT * FROM `meun` WHERE ( `pid`=16 )  [ RunTime:0.0000s ]
SQL: SELECT * FROM `meun` WHERE `id` = 21  [ RunTime:0.0010s ]
SQL: SELECT * FROM `meun` WHERE ( `pid`=21 )  [ RunTime:0.0000s ]
SQL: SELECT * FROM `meun` WHERE `id` = 26  [ RunTime:0.0000s ]
SQL: SELECT * FROM `meun` WHERE ( `pid`=26 )  [ RunTime:0.0000s ]
SQL: SELECT * FROM `meun` WHERE `id` = 30  [ RunTime:0.0010s ]
SQL: SELECT * FROM `meun` WHERE ( `pid`=30 )  [ RunTime:0.0000s ]
SQL: SELECT * FROM `meun` WHERE `id` = 37  [ RunTime:0.0000s ]
SQL: SELECT * FROM `meun` WHERE ( `pid`=37 )  [ RunTime:0.0000s ]
SQL: SELECT * FROM `meun` WHERE `id` = 40  [ RunTime:0.0010s ]
SQL: SELECT * FROM `meun` WHERE ( `pid`=40 )  [ RunTime:0.0000s ]
SQL: SELECT * FROM `meun` WHERE `id` = 45  [ RunTime:0.0000s ]
SQL: SELECT * FROM `meun` WHERE ( `pid`=45 )  [ RunTime:0.0010s ]
SQL: SELECT * FROM `meun` WHERE `id` = 52  [ RunTime:0.0000s ]
SQL: SELECT * FROM `meun` WHERE ( `pid`=52 )  [ RunTime:0.0020s ]
ERR: 非法操作:NAN

[ 2017-09-09T17:50:33+08:00 ] 127.0.0.1 /think/index.php/Admin/Category/NAN.html?id=1
INFO: [ app_init ] --START--
INFO: Run Behavior\BuildLiteBehavior [ RunTime:0.000000s ]
INFO: [ app_init ] --END-- [ RunTime:0.000000s ]
INFO: [ app_begin ] --START--
INFO: Run Behavior\ReadHtmlCacheBehavior [ RunTime:0.000000s ]
INFO: [ app_begin ] --END-- [ RunTime:0.000000s ]
SQL: SHOW COLUMNS FROM `admin` [ RunTime:0.0130s ]
SQL: SELECT * FROM `admin` WHERE `names` = 'admin' LIMIT 1   [ RunTime:0.0010s ]
SQL: SHOW COLUMNS FROM `level` [ RunTime:0.0140s ]
SQL: SELECT * FROM `level` WHERE `id` = 17 LIMIT 1   [ RunTime:0.0000s ]
SQL: SHOW COLUMNS FROM `meun` [ RunTime:0.0140s ]
SQL: SELECT * FROM `meun` WHERE `id` = 1  [ RunTime:0.0000s ]
SQL: SELECT * FROM `meun` WHERE ( `pid`=1 )  [ RunTime:0.0000s ]
SQL: SELECT * FROM `meun` WHERE `id` = 6  [ RunTime:0.0000s ]
SQL: SELECT * FROM `meun` WHERE ( `pid`=6 )  [ RunTime:0.0000s ]
SQL: SELECT * FROM `meun` WHERE `id` = 11  [ RunTime:0.0000s ]
SQL: SELECT * FROM `meun` WHERE ( `pid`=11 )  [ RunTime:0.0010s ]
SQL: SELECT * FROM `meun` WHERE `id` = 16  [ RunTime:0.0000s ]
SQL: SELECT * FROM `meun` WHERE ( `pid`=16 )  [ RunTime:0.0000s ]
SQL: SELECT * FROM `meun` WHERE `id` = 21  [ RunTime:0.0010s ]
SQL: SELECT * FROM `meun` WHERE ( `pid`=21 )  [ RunTime:0.0000s ]
SQL: SELECT * FROM `meun` WHERE `id` = 26  [ RunTime:0.0000s ]
SQL: SELECT * FROM `meun` WHERE ( `pid`=26 )  [ RunTime:0.0000s ]
SQL: SELECT * FROM `meun` WHERE `id` = 30  [ RunTime:0.0010s ]
SQL: SELECT * FROM `meun` WHERE ( `pid`=30 )  [ RunTime:0.0000s ]
SQL: SELECT * FROM `meun` WHERE `id` = 37  [ RunTime:0.0000s ]
SQL: SELECT * FROM `meun` WHERE ( `pid`=37 )  [ RunTime:0.0000s ]
SQL: SELECT * FROM `meun` WHERE `id` = 40  [ RunTime:0.0000s ]
SQL: SELECT * FROM `meun` WHERE ( `pid`=40 )  [ RunTime:0.0000s ]
SQL: SELECT * FROM `meun` WHERE `id` = 45  [ RunTime:0.0000s ]
SQL: SELECT * FROM `meun` WHERE ( `pid`=45 )  [ RunTime:0.0000s ]
SQL: SELECT * FROM `meun` WHERE `id` = 52  [ RunTime:0.0010s ]
SQL: SELECT * FROM `meun` WHERE ( `pid`=52 )  [ RunTime:0.0000s ]
ERR: 非法操作:NAN

[ 2017-09-09T17:50:37+08:00 ] 127.0.0.1 /think/index.php/Admin/Category/update/id/3.html
INFO: [ app_init ] --START--
INFO: Run Behavior\BuildLiteBehavior [ RunTime:0.000000s ]
INFO: [ app_init ] --END-- [ RunTime:0.000000s ]
INFO: [ app_begin ] --START--
INFO: Run Behavior\ReadHtmlCacheBehavior [ RunTime:0.000000s ]
INFO: [ app_begin ] --END-- [ RunTime:0.000000s ]
SQL: SHOW COLUMNS FROM `admin` [ RunTime:0.0110s ]
SQL: SELECT * FROM `admin` WHERE `names` = 'admin' LIMIT 1   [ RunTime:0.0000s ]
SQL: SHOW COLUMNS FROM `level` [ RunTime:0.0160s ]
SQL: SELECT * FROM `level` WHERE `id` = 17 LIMIT 1   [ RunTime:0.0010s ]
SQL: SHOW COLUMNS FROM `meun` [ RunTime:0.0090s ]
SQL: SELECT * FROM `meun` WHERE `id` = 1  [ RunTime:0.0010s ]
SQL: SELECT * FROM `meun` WHERE ( `pid`=1 )  [ RunTime:0.0000s ]
SQL: SELECT * FROM `meun` WHERE `id` = 6  [ RunTime:0.0000s ]
SQL: SELECT * FROM `meun` WHERE ( `pid`=6 )  [ RunTime:0.0000s ]
SQL: SELECT * FROM `meun` WHERE `id` = 11  [ RunTime:0.0000s ]
SQL: SELECT * FROM `meun` WHERE ( `pid`=11 )  [ RunTime:0.0000s ]
SQL: SELECT * FROM `meun` WHERE `id` = 16  [ RunTime:0.0010s ]
SQL: SELECT * FROM `meun` WHERE ( `pid`=16 )  [ RunTime:0.0000s ]
SQL: SELECT * FROM `meun` WHERE `id` = 21  [ RunTime:0.0000s ]
SQL: SELECT * FROM `meun` WHERE ( `pid`=21 )  [ RunTime:0.0000s ]
SQL: SELECT * FROM `meun` WHERE `id` = 26  [ RunTime:0.0010s ]
SQL: SELECT * FROM `meun` WHERE ( `pid`=26 )  [ RunTime:0.0000s ]
SQL: SELECT * FROM `meun` WHERE `id` = 30  [ RunTime:0.0000s ]
SQL: SELECT * FROM `meun` WHERE ( `pid`=30 )  [ RunTime:0.0000s ]
SQL: SELECT * FROM `meun` WHERE `id` = 37  [ RunTime:0.0010s ]
SQL: SELECT * FROM `meun` WHERE ( `pid`=37 )  [ RunTime:0.0000s ]
SQL: SELECT * FROM `meun` WHERE `id` = 40  [ RunTime:0.0000s ]
SQL: SELECT * FROM `meun` WHERE ( `pid`=40 )  [ RunTime:0.0010s ]
SQL: SELECT * FROM `meun` WHERE `id` = 45  [ RunTime:0.0000s ]
SQL: SELECT * FROM `meun` WHERE ( `pid`=45 )  [ RunTime:0.0000s ]
SQL: SELECT * FROM `meun` WHERE `id` = 52  [ RunTime:0.0000s ]
SQL: SELECT * FROM `meun` WHERE ( `pid`=52 )  [ RunTime:0.0010s ]
SQL: SHOW COLUMNS FROM `category` [ RunTime:0.0120s ]
SQL: SELECT * FROM `category` WHERE ( `id`=3 ) LIMIT 1   [ RunTime:0.0010s ]
SQL: SELECT * FROM `category` WHERE ( `pid`=1 )  [ RunTime:0.0010s ]
SQL: SELECT * FROM `category` WHERE ( `id`=1 ) LIMIT 1   [ RunTime:0.0000s ]
SQL: SELECT * FROM `category` WHERE ( `pid`=0 )  [ RunTime:0.0000s ]
SQL: SELECT * FROM `category` WHERE ( `id`=3 ) LIMIT 1   [ RunTime:0.0000s ]
INFO: [ view_parse ] --START--
INFO: [ template_filter ] --START--
INFO: Run Behavior\ContentReplaceBehavior [ RunTime:0.001000s ]
INFO: [ template_filter ] --END-- [ RunTime:0.001000s ]
NOTIC: [8] Use of undefined constant Category - assumed 'Category' D:\phpStudy\WWW\think\Application\Runtime\Cache\Admin\d37469acd1c6491bbf94f3d4a1f75469.php 第 209 行.
NOTIC: [8] Use of undefined constant update - assumed 'update' D:\phpStudy\WWW\think\Application\Runtime\Cache\Admin\d37469acd1c6491bbf94f3d4a1f75469.php 第 209 行.
NOTIC: [2] Division by zero D:\phpStudy\WWW\think\Application\Runtime\Cache\Admin\d37469acd1c6491bbf94f3d4a1f75469.php 第 209 行.
INFO: Run Behavior\ParseTemplateBehavior [ RunTime:0.015001s ]
INFO: [ view_parse ] --END-- [ RunTime:0.015001s ]
INFO: [ view_filter ] --START--
INFO: Run Behavior\WriteHtmlCacheBehavior [ RunTime:0.000000s ]
INFO: [ view_filter ] --END-- [ RunTime:0.000000s ]
INFO: [ app_end ] --START--
INFO: Run Behavior\ShowPageTraceBehavior [ RunTime:0.001000s ]
INFO: [ app_end ] --END-- [ RunTime:0.001000s ]

[ 2017-09-09T17:50:40+08:00 ] 127.0.0.1 /think/index.php/Admin/Category/NAN.html?id=6
INFO: [ app_init ] --START--
INFO: Run Behavior\BuildLiteBehavior [ RunTime:0.000000s ]
INFO: [ app_init ] --END-- [ RunTime:0.000000s ]
INFO: [ app_begin ] --START--
INFO: Run Behavior\ReadHtmlCacheBehavior [ RunTime:0.000000s ]
INFO: [ app_begin ] --END-- [ RunTime:0.000000s ]
SQL: SHOW COLUMNS FROM `admin` [ RunTime:0.0100s ]
SQL: SELECT * FROM `admin` WHERE `names` = 'admin' LIMIT 1   [ RunTime:0.0010s ]
SQL: SHOW COLUMNS FROM `level` [ RunTime:0.0100s ]
SQL: SELECT * FROM `level` WHERE `id` = 17 LIMIT 1   [ RunTime:0.0020s ]
SQL: SHOW COLUMNS FROM `meun` [ RunTime:0.0120s ]
SQL: SELECT * FROM `meun` WHERE `id` = 1  [ RunTime:0.0000s ]
SQL: SELECT * FROM `meun` WHERE ( `pid`=1 )  [ RunTime:0.0010s ]
SQL: SELECT * FROM `meun` WHERE `id` = 6  [ RunTime:0.0000s ]
SQL: SELECT * FROM `meun` WHERE ( `pid`=6 )  [ RunTime:0.0000s ]
SQL: SELECT * FROM `meun` WHERE `id` = 11  [ RunTime:0.0000s ]
SQL: SELECT * FROM `meun` WHERE ( `pid`=11 )  [ RunTime:0.0000s ]
SQL: SELECT * FROM `meun` WHERE `id` = 16  [ RunTime:0.0010s ]
SQL: SELECT * FROM `meun` WHERE ( `pid`=16 )  [ RunTime:0.0000s ]
SQL: SELECT * FROM `meun` WHERE `id` = 21  [ RunTime:0.0000s ]
SQL: SELECT * FROM `meun` WHERE ( `pid`=21 )  [ RunTime:0.0010s ]
SQL: SELECT * FROM `meun` WHERE `id` = 26  [ RunTime:0.0000s ]
SQL: SELECT * FROM `meun` WHERE ( `pid`=26 )  [ RunTime:0.0000s ]
SQL: SELECT * FROM `meun` WHERE `id` = 30  [ RunTime:0.0000s ]
SQL: SELECT * FROM `meun` WHERE ( `pid`=30 )  [ RunTime:0.0000s ]
SQL: SELECT * FROM `meun` WHERE `id` = 37  [ RunTime:0.0000s ]
SQL: SELECT * FROM `meun` WHERE ( `pid`=37 )  [ RunTime:0.0010s ]
SQL: SELECT * FROM `meun` WHERE `id` = 40  [ RunTime:0.0000s ]
SQL: SELECT * FROM `meun` WHERE ( `pid`=40 )  [ RunTime:0.0000s ]
SQL: SELECT * FROM `meun` WHERE `id` = 45  [ RunTime:0.0010s ]
SQL: SELECT * FROM `meun` WHERE ( `pid`=45 )  [ RunTime:0.0000s ]
SQL: SELECT * FROM `meun` WHERE `id` = 52  [ RunTime:0.0000s ]
SQL: SELECT * FROM `meun` WHERE ( `pid`=52 )  [ RunTime:0.0000s ]
ERR: 非法操作:NAN

