[ 2017-08-01T09:13:56+08:00 ] 127.0.0.1 /think/index.php/admin/News/index
INFO: [ app_init ] --START--
INFO: Run Behavior\BuildLiteBehavior [ RunTime:0.000000s ]
INFO: [ app_init ] --END-- [ RunTime:0.000000s ]
INFO: [ app_begin ] --START--
INFO: Run Behavior\ReadHtmlCacheBehavior [ RunTime:0.002000s ]
INFO: [ app_begin ] --END-- [ RunTime:0.002000s ]
SQL: SHOW COLUMNS FROM `meun` [ RunTime:0.0510s ]
SQL: SELECT * FROM `meun` WHERE `pid` = 0  [ RunTime:0.0000s ]
SQL: SELECT * FROM `meun` WHERE ( `pid`=1 )  [ RunTime:0.0010s ]
SQL: SELECT * FROM `meun` WHERE ( `pid`=6 )  [ RunTime:0.0000s ]
SQL: SELECT * FROM `meun` WHERE ( `pid`=11 )  [ RunTime:0.0000s ]
SQL: SELECT * FROM `meun` WHERE ( `pid`=16 )  [ RunTime:0.0010s ]
SQL: SELECT * FROM `meun` WHERE ( `pid`=21 )  [ RunTime:0.0000s ]
SQL: SELECT * FROM `meun` WHERE ( `pid`=26 )  [ RunTime:0.0010s ]
SQL: SELECT * FROM `meun` WHERE ( `pid`=30 )  [ RunTime:0.0000s ]
SQL: SELECT * FROM `meun` WHERE ( `pid`=34 )  [ RunTime:0.0010s ]
SQL: SELECT * FROM `meun` WHERE ( `pid`=37 )  [ RunTime:0.0000s ]
SQL: SHOW COLUMNS FROM `news` [ RunTime:0.0110s ]
SQL: SELECT COUNT(*) AS tp_count FROM `news` LIMIT 1   [ RunTime:0.0000s ]
SQL: SELECT * FROM `news` ORDER BY time DESC LIMIT 0,8   [ RunTime:0.0010s ]
INFO: [ view_parse ] --START--
INFO: [ template_filter ] --START--
INFO: Run Behavior\ContentReplaceBehavior [ RunTime:0.000000s ]
INFO: [ template_filter ] --END-- [ RunTime:0.000000s ]
INFO: Run Behavior\ParseTemplateBehavior [ RunTime:0.022001s ]
INFO: [ view_parse ] --END-- [ RunTime:0.022001s ]
INFO: [ view_filter ] --START--
INFO: Run Behavior\WriteHtmlCacheBehavior [ RunTime:0.001000s ]
INFO: [ view_filter ] --END-- [ RunTime:0.001000s ]
INFO: [ app_end ] --START--
INFO: Run Behavior\ShowPageTraceBehavior [ RunTime:0.001000s ]
INFO: [ app_end ] --END-- [ RunTime:0.001000s ]

