[ 2017-08-14T08:58:59+08:00 ] 127.0.0.1 /think/index.php/Home/MemberCenter/MemberCenter
INFO: [ app_init ] --START--
INFO: Run Behavior\BuildLiteBehavior [ RunTime:0.000000s ]
INFO: [ app_init ] --END-- [ RunTime:0.030002s ]
INFO: [ app_begin ] --START--
INFO: Run Behavior\ReadHtmlCacheBehavior [ RunTime:0.001000s ]
INFO: [ app_begin ] --END-- [ RunTime:0.002000s ]
SQL: SHOW COLUMNS FROM `homemeun` [ RunTime:0.0090s ]
SQL: SELECT * FROM `homemeun`  [ RunTime:0.0000s ]
SQL: SHOW COLUMNS FROM `sidebar` [ RunTime:0.0200s ]
SQL: SELECT * FROM `sidebar`  [ RunTime:0.0000s ]
SQL: SHOW COLUMNS FROM `product` [ RunTime:0.0170s ]
SQL: SELECT * FROM `product` ORDER BY id desc LIMIT 4   [ RunTime:0.0010s ]
INFO: [ view_parse ] --START--
INFO: [ template_filter ] --START--
INFO: Run Behavior\ContentReplaceBehavior [ RunTime:0.000000s ]
INFO: [ template_filter ] --END-- [ RunTime:0.000000s ]
INFO: Run Behavior\ParseTemplateBehavior [ RunTime:0.042003s ]
INFO: [ view_parse ] --END-- [ RunTime:0.042003s ]
INFO: [ view_filter ] --START--
INFO: Run Behavior\WriteHtmlCacheBehavior [ RunTime:0.001000s ]
INFO: [ view_filter ] --END-- [ RunTime:0.001000s ]
INFO: [ app_end ] --START--
INFO: Run Behavior\ShowPageTraceBehavior [ RunTime:0.009000s ]
INFO: [ app_end ] --END-- [ RunTime:0.009000s ]

[ 2017-08-14T08:59:02+08:00 ] 127.0.0.1 /think/index.php/Home/Product/ProductCenter
INFO: [ app_init ] --START--
INFO: Run Behavior\BuildLiteBehavior [ RunTime:0.000000s ]
INFO: [ app_init ] --END-- [ RunTime:0.001000s ]
INFO: [ app_begin ] --START--
INFO: Run Behavior\ReadHtmlCacheBehavior [ RunTime:0.001000s ]
INFO: [ app_begin ] --END-- [ RunTime:0.001000s ]
SQL: SHOW COLUMNS FROM `homemeun` [ RunTime:0.0090s ]
SQL: SELECT * FROM `homemeun`  [ RunTime:0.0010s ]
SQL: SHOW COLUMNS FROM `category` [ RunTime:0.0250s ]
SQL: SELECT * FROM `category` WHERE ( `pid`=6 )  [ RunTime:0.0010s ]
SQL: SHOW COLUMNS FROM `product` [ RunTime:0.0100s ]
SQL: SELECT COUNT(*) AS tp_count FROM `product` WHERE ( `category`=7 ) LIMIT 1   [ RunTime:0.0010s ]
NOTIC: [8] Undefined index: p E:\WWW\think\Application\Home\Util\Pageone.class.php 第 51 行.
NOTIC: [8] Undefined variable: totalPages E:\WWW\think\Application\Home\Util\Pageone.class.php 第 113 行.
NOTIC: [8] Undefined variable: totalPages E:\WWW\think\Application\Home\Util\Pageone.class.php 第 114 行.
SQL: SELECT * FROM `product` WHERE ( `category`=7 ) ORDER BY time DESC LIMIT 0,6   [ RunTime:0.0010s ]
SQL: SHOW COLUMNS FROM `contact` [ RunTime:0.0370s ]
SQL: SELECT * FROM `contact` WHERE ( `id`=1 ) LIMIT 1   [ RunTime:0.0000s ]
INFO: [ view_parse ] --START--
INFO: [ template_filter ] --START--
INFO: Run Behavior\ContentReplaceBehavior [ RunTime:0.000000s ]
INFO: [ template_filter ] --END-- [ RunTime:0.001000s ]
NOTIC: [8] Use of undefined constant jumpnum - assumed 'jumpnum' E:\WWW\think\Application\Runtime\Cache\Home\b7fc530f8b03315b54e6a61a8faf1ea3.php 第 212 行.
INFO: Run Behavior\ParseTemplateBehavior [ RunTime:0.021001s ]
INFO: [ view_parse ] --END-- [ RunTime:0.021001s ]
INFO: [ view_filter ] --START--
INFO: Run Behavior\WriteHtmlCacheBehavior [ RunTime:0.001001s ]
INFO: [ view_filter ] --END-- [ RunTime:0.001001s ]
INFO: [ app_end ] --START--
INFO: Run Behavior\ShowPageTraceBehavior [ RunTime:0.005000s ]
INFO: [ app_end ] --END-- [ RunTime:0.005000s ]

[ 2017-08-14T09:02:16+08:00 ] 127.0.0.1 /think/index.php/Home/Product/ProductCenter
INFO: [ app_init ] --START--
INFO: Run Behavior\BuildLiteBehavior [ RunTime:0.000000s ]
INFO: [ app_init ] --END-- [ RunTime:0.000000s ]
INFO: [ app_begin ] --START--
INFO: Run Behavior\ReadHtmlCacheBehavior [ RunTime:0.001000s ]
INFO: [ app_begin ] --END-- [ RunTime:0.001000s ]
SQL: SHOW COLUMNS FROM `homemeun` [ RunTime:0.0080s ]
SQL: SELECT * FROM `homemeun`  [ RunTime:0.0010s ]
SQL: SHOW COLUMNS FROM `category` [ RunTime:0.0070s ]
SQL: SELECT * FROM `category` WHERE ( `pid`=6 )  [ RunTime:0.0000s ]
SQL: SHOW COLUMNS FROM `product` [ RunTime:0.0080s ]
SQL: SELECT COUNT(*) AS tp_count FROM `product` WHERE ( `category`=7 ) LIMIT 1   [ RunTime:0.0010s ]
NOTIC: [8] Undefined index: p E:\WWW\think\Application\Home\Util\Pageone.class.php 第 51 行.
NOTIC: [8] Undefined variable: totalPages E:\WWW\think\Application\Home\Util\Pageone.class.php 第 113 行.
NOTIC: [8] Undefined variable: totalPages E:\WWW\think\Application\Home\Util\Pageone.class.php 第 114 行.
SQL: SELECT * FROM `product` WHERE ( `category`=7 ) ORDER BY time DESC LIMIT 0,6   [ RunTime:0.0010s ]
SQL: SHOW COLUMNS FROM `contact` [ RunTime:0.0080s ]
SQL: SELECT * FROM `contact` WHERE ( `id`=1 ) LIMIT 1   [ RunTime:0.0000s ]
SQL: SHOW COLUMNS FROM `banner` [ RunTime:0.0420s ]
SQL: SELECT * FROM `banner` ORDER BY time DESC LIMIT 0,3   [ RunTime:0.0000s ]
INFO: [ view_parse ] --START--
INFO: [ template_filter ] --START--
INFO: Run Behavior\ContentReplaceBehavior [ RunTime:0.000000s ]
INFO: [ template_filter ] --END-- [ RunTime:0.000000s ]
NOTIC: [8] Use of undefined constant jumpnum - assumed 'jumpnum' E:\WWW\think\Application\Runtime\Cache\Home\b7fc530f8b03315b54e6a61a8faf1ea3.php 第 210 行.
INFO: Run Behavior\ParseTemplateBehavior [ RunTime:0.018001s ]
INFO: [ view_parse ] --END-- [ RunTime:0.018001s ]
INFO: [ view_filter ] --START--
INFO: Run Behavior\WriteHtmlCacheBehavior [ RunTime:0.001000s ]
INFO: [ view_filter ] --END-- [ RunTime:0.001000s ]
INFO: [ app_end ] --START--
INFO: Run Behavior\ShowPageTraceBehavior [ RunTime:0.004001s ]
INFO: [ app_end ] --END-- [ RunTime:0.005001s ]

[ 2017-08-14T09:02:44+08:00 ] 127.0.0.1 /think/index.php/Home/Product/ProductCenterDetails/id/44.html
INFO: [ app_init ] --START--
INFO: Run Behavior\BuildLiteBehavior [ RunTime:0.000000s ]
INFO: [ app_init ] --END-- [ RunTime:0.000000s ]
INFO: [ app_begin ] --START--
INFO: Run Behavior\ReadHtmlCacheBehavior [ RunTime:0.001000s ]
INFO: [ app_begin ] --END-- [ RunTime:0.001000s ]
SQL: SHOW COLUMNS FROM `homemeun` [ RunTime:0.0090s ]
SQL: SELECT * FROM `homemeun`  [ RunTime:0.0000s ]
SQL: SHOW COLUMNS FROM `product` [ RunTime:0.0080s ]
SQL: SELECT * FROM `product` WHERE ( `id`=44 ) LIMIT 1   [ RunTime:0.0010s ]
SQL: SHOW COLUMNS FROM `category` [ RunTime:0.0070s ]
SQL: SELECT * FROM `category` WHERE ( `pid`=6 )  [ RunTime:0.0000s ]
SQL: SHOW COLUMNS FROM `contact` [ RunTime:0.0070s ]
SQL: SELECT * FROM `contact` WHERE ( `id`=1 ) LIMIT 1   [ RunTime:0.0010s ]
SQL: SHOW COLUMNS FROM `banner` [ RunTime:0.0080s ]
SQL: SELECT * FROM `banner` ORDER BY time DESC LIMIT 0,3   [ RunTime:0.0000s ]
SQL: SELECT * FROM `product` WHERE ( `id`=44 ) LIMIT 1   [ RunTime:0.0010s ]
INFO: [ view_parse ] --START--
INFO: [ template_filter ] --START--
INFO: Run Behavior\ContentReplaceBehavior [ RunTime:0.000000s ]
INFO: [ template_filter ] --END-- [ RunTime:0.000000s ]
NOTIC: [8] Array to string conversion E:\WWW\think\Application\Runtime\Cache\Home\9d6d4de002074c6c189505ebaf421be1.php 第 188 行.
NOTIC: [8] Array to string conversion E:\WWW\think\Application\Runtime\Cache\Home\9d6d4de002074c6c189505ebaf421be1.php 第 193 行.
INFO: Run Behavior\ParseTemplateBehavior [ RunTime:0.117007s ]
INFO: [ view_parse ] --END-- [ RunTime:0.117007s ]
INFO: [ view_filter ] --START--
INFO: Run Behavior\WriteHtmlCacheBehavior [ RunTime:0.001000s ]
INFO: [ view_filter ] --END-- [ RunTime:0.001000s ]
INFO: [ app_end ] --START--
INFO: Run Behavior\ShowPageTraceBehavior [ RunTime:0.006000s ]
INFO: [ app_end ] --END-- [ RunTime:0.006000s ]

[ 2017-08-14T09:03:02+08:00 ] 127.0.0.1 /think/index.php/Home/ContactUs/ContactUs
INFO: [ app_init ] --START--
INFO: Run Behavior\BuildLiteBehavior [ RunTime:0.000000s ]
INFO: [ app_init ] --END-- [ RunTime:0.001000s ]
INFO: [ app_begin ] --START--
INFO: Run Behavior\ReadHtmlCacheBehavior [ RunTime:0.001000s ]
INFO: [ app_begin ] --END-- [ RunTime:0.001000s ]
SQL: SHOW COLUMNS FROM `homemeun` [ RunTime:0.0090s ]
SQL: SELECT * FROM `homemeun`  [ RunTime:0.0000s ]
SQL: SHOW COLUMNS FROM `contact` [ RunTime:0.0070s ]
SQL: SELECT * FROM `contact` WHERE ( `id`=1 ) LIMIT 1   [ RunTime:0.0000s ]
INFO: [ view_parse ] --START--
INFO: [ template_filter ] --START--
INFO: Run Behavior\ContentReplaceBehavior [ RunTime:0.000000s ]
INFO: [ template_filter ] --END-- [ RunTime:0.000000s ]
NOTIC: [8] Use of undefined constant ContactUs - assumed 'ContactUs' E:\WWW\think\Application\Runtime\Cache\Home\62fa6408ec03f90d96c2cb3bc69370b3.php 第 127 行.
NOTIC: [8] Use of undefined constant ContactUs - assumed 'ContactUs' E:\WWW\think\Application\Runtime\Cache\Home\62fa6408ec03f90d96c2cb3bc69370b3.php 第 127 行.
NOTIC: [2] Division by zero E:\WWW\think\Application\Runtime\Cache\Home\62fa6408ec03f90d96c2cb3bc69370b3.php 第 127 行.
INFO: Run Behavior\ParseTemplateBehavior [ RunTime:0.040002s ]
INFO: [ view_parse ] --END-- [ RunTime:0.040002s ]
INFO: [ view_filter ] --START--
INFO: Run Behavior\WriteHtmlCacheBehavior [ RunTime:0.000000s ]
INFO: [ view_filter ] --END-- [ RunTime:0.000000s ]
INFO: [ app_end ] --START--
INFO: Run Behavior\ShowPageTraceBehavior [ RunTime:0.001000s ]
INFO: [ app_end ] --END-- [ RunTime:0.001000s ]

[ 2017-08-14T09:03:03+08:00 ] 127.0.0.1 /think/index.php/Home/MemberCenter/MemberCenter
INFO: [ app_init ] --START--
INFO: Run Behavior\BuildLiteBehavior [ RunTime:0.000000s ]
INFO: [ app_init ] --END-- [ RunTime:0.001000s ]
INFO: [ app_begin ] --START--
INFO: Run Behavior\ReadHtmlCacheBehavior [ RunTime:0.001000s ]
INFO: [ app_begin ] --END-- [ RunTime:0.001000s ]
SQL: SHOW COLUMNS FROM `homemeun` [ RunTime:0.0080s ]
SQL: SELECT * FROM `homemeun`  [ RunTime:0.0010s ]
SQL: SHOW COLUMNS FROM `sidebar` [ RunTime:0.0070s ]
SQL: SELECT * FROM `sidebar`  [ RunTime:0.0000s ]
SQL: SHOW COLUMNS FROM `product` [ RunTime:0.0080s ]
SQL: SELECT * FROM `product` ORDER BY id desc LIMIT 4   [ RunTime:0.0010s ]
INFO: [ view_parse ] --START--
INFO: [ template_filter ] --START--
INFO: Run Behavior\ContentReplaceBehavior [ RunTime:0.000000s ]
INFO: [ template_filter ] --END-- [ RunTime:0.000000s ]
INFO: Run Behavior\ParseTemplateBehavior [ RunTime:0.015001s ]
INFO: [ view_parse ] --END-- [ RunTime:0.015001s ]
INFO: [ view_filter ] --START--
INFO: Run Behavior\WriteHtmlCacheBehavior [ RunTime:0.001000s ]
INFO: [ view_filter ] --END-- [ RunTime:0.001000s ]
INFO: [ app_end ] --START--
INFO: Run Behavior\ShowPageTraceBehavior [ RunTime:0.004001s ]
INFO: [ app_end ] --END-- [ RunTime:0.004001s ]

[ 2017-08-14T09:03:04+08:00 ] 127.0.0.1 /think/index.php/Home/ContactUs/ContactUs
INFO: [ app_init ] --START--
INFO: Run Behavior\BuildLiteBehavior [ RunTime:0.000000s ]
INFO: [ app_init ] --END-- [ RunTime:0.000000s ]
INFO: [ app_begin ] --START--
INFO: Run Behavior\ReadHtmlCacheBehavior [ RunTime:0.000000s ]
INFO: [ app_begin ] --END-- [ RunTime:0.001000s ]
SQL: SHOW COLUMNS FROM `homemeun` [ RunTime:0.0080s ]
SQL: SELECT * FROM `homemeun`  [ RunTime:0.0000s ]
SQL: SHOW COLUMNS FROM `contact` [ RunTime:0.0080s ]
SQL: SELECT * FROM `contact` WHERE ( `id`=1 ) LIMIT 1   [ RunTime:0.0010s ]
INFO: [ view_parse ] --START--
INFO: [ template_filter ] --START--
INFO: Run Behavior\ContentReplaceBehavior [ RunTime:0.000000s ]
INFO: [ template_filter ] --END-- [ RunTime:0.001000s ]
NOTIC: [8] Use of undefined constant ContactUs - assumed 'ContactUs' E:\WWW\think\Application\Runtime\Cache\Home\62fa6408ec03f90d96c2cb3bc69370b3.php 第 127 行.
NOTIC: [8] Use of undefined constant ContactUs - assumed 'ContactUs' E:\WWW\think\Application\Runtime\Cache\Home\62fa6408ec03f90d96c2cb3bc69370b3.php 第 127 行.
NOTIC: [2] Division by zero E:\WWW\think\Application\Runtime\Cache\Home\62fa6408ec03f90d96c2cb3bc69370b3.php 第 127 行.
INFO: Run Behavior\ParseTemplateBehavior [ RunTime:0.012001s ]
INFO: [ view_parse ] --END-- [ RunTime:0.012001s ]
INFO: [ view_filter ] --START--
INFO: Run Behavior\WriteHtmlCacheBehavior [ RunTime:0.000000s ]
INFO: [ view_filter ] --END-- [ RunTime:0.000000s ]
INFO: [ app_end ] --START--
INFO: Run Behavior\ShowPageTraceBehavior [ RunTime:0.001000s ]
INFO: [ app_end ] --END-- [ RunTime:0.001000s ]

[ 2017-08-14T09:04:05+08:00 ] 127.0.0.1 /think/index.php/Home/ContactUs/ContactUs
INFO: [ app_init ] --START--
INFO: Run Behavior\BuildLiteBehavior [ RunTime:0.000000s ]
INFO: [ app_init ] --END-- [ RunTime:0.000000s ]
INFO: [ app_begin ] --START--
INFO: Run Behavior\ReadHtmlCacheBehavior [ RunTime:0.001000s ]
INFO: [ app_begin ] --END-- [ RunTime:0.001000s ]
SQL: SHOW COLUMNS FROM `homemeun` [ RunTime:0.0080s ]
SQL: SELECT * FROM `homemeun`  [ RunTime:0.0010s ]
SQL: SHOW COLUMNS FROM `contact` [ RunTime:0.0080s ]
SQL: SELECT * FROM `contact` WHERE ( `id`=1 ) LIMIT 1   [ RunTime:0.0010s ]
SQL: SHOW COLUMNS FROM `banner` [ RunTime:0.0070s ]
SQL: SELECT * FROM `banner` ORDER BY time DESC LIMIT 0,3   [ RunTime:0.0010s ]
INFO: [ view_parse ] --START--
INFO: [ template_filter ] --START--
INFO: Run Behavior\ContentReplaceBehavior [ RunTime:0.000000s ]
INFO: [ template_filter ] --END-- [ RunTime:0.000000s ]
NOTIC: [8] Use of undefined constant ContactUs - assumed 'ContactUs' E:\WWW\think\Application\Runtime\Cache\Home\62fa6408ec03f90d96c2cb3bc69370b3.php 第 125 行.
NOTIC: [8] Use of undefined constant ContactUs - assumed 'ContactUs' E:\WWW\think\Application\Runtime\Cache\Home\62fa6408ec03f90d96c2cb3bc69370b3.php 第 125 行.
NOTIC: [2] Division by zero E:\WWW\think\Application\Runtime\Cache\Home\62fa6408ec03f90d96c2cb3bc69370b3.php 第 125 行.
INFO: Run Behavior\ParseTemplateBehavior [ RunTime:0.012000s ]
INFO: [ view_parse ] --END-- [ RunTime:0.012000s ]
INFO: [ view_filter ] --START--
INFO: Run Behavior\WriteHtmlCacheBehavior [ RunTime:0.001000s ]
INFO: [ view_filter ] --END-- [ RunTime:0.001000s ]
INFO: [ app_end ] --START--
INFO: Run Behavior\ShowPageTraceBehavior [ RunTime:0.001000s ]
INFO: [ app_end ] --END-- [ RunTime:0.001000s ]

[ 2017-08-14T09:04:20+08:00 ] 127.0.0.1 /think/index.php/Home/MemberCenter/MemberCenter
INFO: [ app_init ] --START--
INFO: Run Behavior\BuildLiteBehavior [ RunTime:0.000000s ]
INFO: [ app_init ] --END-- [ RunTime:0.001000s ]
INFO: [ app_begin ] --START--
INFO: Run Behavior\ReadHtmlCacheBehavior [ RunTime:0.001000s ]
INFO: [ app_begin ] --END-- [ RunTime:0.001000s ]
SQL: SHOW COLUMNS FROM `homemeun` [ RunTime:0.0070s ]
SQL: SELECT * FROM `homemeun`  [ RunTime:0.0010s ]
SQL: SHOW COLUMNS FROM `sidebar` [ RunTime:0.0080s ]
SQL: SELECT * FROM `sidebar`  [ RunTime:0.0010s ]
SQL: SHOW COLUMNS FROM `product` [ RunTime:0.0070s ]
SQL: SELECT * FROM `product` ORDER BY id desc LIMIT 4   [ RunTime:0.0010s ]
INFO: [ view_parse ] --START--
INFO: [ template_filter ] --START--
INFO: Run Behavior\ContentReplaceBehavior [ RunTime:0.000000s ]
INFO: [ template_filter ] --END-- [ RunTime:0.000000s ]
INFO: Run Behavior\ParseTemplateBehavior [ RunTime:0.016001s ]
INFO: [ view_parse ] --END-- [ RunTime:0.016001s ]
INFO: [ view_filter ] --START--
INFO: Run Behavior\WriteHtmlCacheBehavior [ RunTime:0.001000s ]
INFO: [ view_filter ] --END-- [ RunTime:0.001000s ]
INFO: [ app_end ] --START--
INFO: Run Behavior\ShowPageTraceBehavior [ RunTime:0.005000s ]
INFO: [ app_end ] --END-- [ RunTime:0.005000s ]

[ 2017-08-14T09:04:22+08:00 ] 127.0.0.1 /think/index.php/Home/Index/index
INFO: [ app_init ] --START--
INFO: Run Behavior\BuildLiteBehavior [ RunTime:0.000000s ]
INFO: [ app_init ] --END-- [ RunTime:0.001000s ]
INFO: [ app_begin ] --START--
INFO: Run Behavior\ReadHtmlCacheBehavior [ RunTime:0.000000s ]
INFO: [ app_begin ] --END-- [ RunTime:0.001000s ]
SQL: SHOW COLUMNS FROM `homemeun` [ RunTime:0.0080s ]
SQL: SELECT * FROM `homemeun`  [ RunTime:0.0010s ]
SQL: SHOW COLUMNS FROM `category` [ RunTime:0.0070s ]
SQL: SELECT * FROM `category` WHERE ( `id`=7 ) LIMIT 1   [ RunTime:0.0010s ]
SQL: SELECT * FROM `category` WHERE ( `id`=8 ) LIMIT 1   [ RunTime:0.0000s ]
SQL: SELECT * FROM `category` WHERE ( `id`=9 ) LIMIT 1   [ RunTime:0.0010s ]
SQL: SHOW COLUMNS FROM `product` [ RunTime:0.0100s ]
SQL: SELECT * FROM `product` WHERE ( `category`=7 ) ORDER BY time DESC LIMIT 1   [ RunTime:0.0000s ]
SQL: SELECT * FROM `product` WHERE ( `category`=8 ) ORDER BY time DESC LIMIT 1   [ RunTime:0.0000s ]
SQL: SELECT * FROM `product` WHERE ( `category`=9 ) ORDER BY time DESC LIMIT 1   [ RunTime:0.0010s ]
INFO: [ view_parse ] --START--
INFO: [ template_filter ] --START--
INFO: Run Behavior\ContentReplaceBehavior [ RunTime:0.000000s ]
INFO: [ template_filter ] --END-- [ RunTime:0.000000s ]
INFO: Run Behavior\ParseTemplateBehavior [ RunTime:0.233013s ]
INFO: [ view_parse ] --END-- [ RunTime:0.233013s ]
INFO: [ view_filter ] --START--
INFO: Run Behavior\WriteHtmlCacheBehavior [ RunTime:0.001000s ]
INFO: [ view_filter ] --END-- [ RunTime:0.001000s ]
INFO: [ app_end ] --START--
INFO: Run Behavior\ShowPageTraceBehavior [ RunTime:0.001001s ]
INFO: [ app_end ] --END-- [ RunTime:0.001001s ]

[ 2017-08-14T09:04:22+08:00 ] 127.0.0.1 /think/index.php/Home/BrandIntroduction/BrandIntroduction
INFO: [ app_init ] --START--
INFO: Run Behavior\BuildLiteBehavior [ RunTime:0.000000s ]
INFO: [ app_init ] --END-- [ RunTime:0.001000s ]
INFO: [ app_begin ] --START--
INFO: Run Behavior\ReadHtmlCacheBehavior [ RunTime:0.001000s ]
INFO: [ app_begin ] --END-- [ RunTime:0.001000s ]
SQL: SHOW COLUMNS FROM `homemeun` [ RunTime:0.0080s ]
SQL: SELECT * FROM `homemeun`  [ RunTime:0.0000s ]
SQL: SHOW COLUMNS FROM `category` [ RunTime:0.0090s ]
SQL: SELECT * FROM `category` WHERE ( `pid`=11 )  [ RunTime:0.0010s ]
SQL: SHOW COLUMNS FROM `brand` [ RunTime:0.1480s ]
SQL: SELECT * FROM `brand` WHERE ( `category`=12 ) LIMIT 1   [ RunTime:0.0030s ]
SQL: SHOW COLUMNS FROM `contact` [ RunTime:0.0090s ]
SQL: SELECT * FROM `contact` WHERE ( `id`=1 ) LIMIT 1   [ RunTime:0.0010s ]
SQL: SHOW COLUMNS FROM `banner` [ RunTime:0.0080s ]
SQL: SELECT * FROM `banner` ORDER BY time DESC LIMIT 0,3   [ RunTime:0.0000s ]
INFO: [ view_parse ] --START--
INFO: [ template_filter ] --START--
INFO: Run Behavior\ContentReplaceBehavior [ RunTime:0.000000s ]
INFO: [ template_filter ] --END-- [ RunTime:0.000000s ]
INFO: Run Behavior\ParseTemplateBehavior [ RunTime:0.031002s ]
INFO: [ view_parse ] --END-- [ RunTime:0.031002s ]
INFO: [ view_filter ] --START--
INFO: Run Behavior\WriteHtmlCacheBehavior [ RunTime:0.001000s ]
INFO: [ view_filter ] --END-- [ RunTime:0.001000s ]
INFO: [ app_end ] --START--
INFO: Run Behavior\ShowPageTraceBehavior [ RunTime:0.001000s ]
INFO: [ app_end ] --END-- [ RunTime:0.001000s ]

[ 2017-08-14T09:04:23+08:00 ] 127.0.0.1 /think/index.php/Home/Product/ProductCenter
INFO: [ app_init ] --START--
INFO: Run Behavior\BuildLiteBehavior [ RunTime:0.000000s ]
INFO: [ app_init ] --END-- [ RunTime:0.001000s ]
INFO: [ app_begin ] --START--
INFO: Run Behavior\ReadHtmlCacheBehavior [ RunTime:0.001000s ]
INFO: [ app_begin ] --END-- [ RunTime:0.001000s ]
SQL: SHOW COLUMNS FROM `homemeun` [ RunTime:0.0080s ]
SQL: SELECT * FROM `homemeun`  [ RunTime:0.0000s ]
SQL: SHOW COLUMNS FROM `category` [ RunTime:0.0070s ]
SQL: SELECT * FROM `category` WHERE ( `pid`=6 )  [ RunTime:0.0010s ]
SQL: SHOW COLUMNS FROM `product` [ RunTime:0.0090s ]
SQL: SELECT COUNT(*) AS tp_count FROM `product` WHERE ( `category`=7 ) LIMIT 1   [ RunTime:0.0000s ]
NOTIC: [8] Undefined index: p E:\WWW\think\Application\Home\Util\Pageone.class.php 第 51 行.
NOTIC: [8] Undefined variable: totalPages E:\WWW\think\Application\Home\Util\Pageone.class.php 第 113 行.
NOTIC: [8] Undefined variable: totalPages E:\WWW\think\Application\Home\Util\Pageone.class.php 第 114 行.
SQL: SELECT * FROM `product` WHERE ( `category`=7 ) ORDER BY time DESC LIMIT 0,6   [ RunTime:0.0010s ]
SQL: SHOW COLUMNS FROM `contact` [ RunTime:0.0080s ]
SQL: SELECT * FROM `contact` WHERE ( `id`=1 ) LIMIT 1   [ RunTime:0.0010s ]
SQL: SHOW COLUMNS FROM `banner` [ RunTime:0.0080s ]
SQL: SELECT * FROM `banner` ORDER BY time DESC LIMIT 0,3   [ RunTime:0.0010s ]
INFO: [ view_parse ] --START--
INFO: [ template_filter ] --START--
INFO: Run Behavior\ContentReplaceBehavior [ RunTime:0.000000s ]
INFO: [ template_filter ] --END-- [ RunTime:0.000000s ]
NOTIC: [8] Use of undefined constant jumpnum - assumed 'jumpnum' E:\WWW\think\Application\Runtime\Cache\Home\b7fc530f8b03315b54e6a61a8faf1ea3.php 第 210 行.
INFO: Run Behavior\ParseTemplateBehavior [ RunTime:0.018001s ]
INFO: [ view_parse ] --END-- [ RunTime:0.018001s ]
INFO: [ view_filter ] --START--
INFO: Run Behavior\WriteHtmlCacheBehavior [ RunTime:0.000000s ]
INFO: [ view_filter ] --END-- [ RunTime:0.000000s ]
INFO: [ app_end ] --START--
INFO: Run Behavior\ShowPageTraceBehavior [ RunTime:0.008001s ]
INFO: [ app_end ] --END-- [ RunTime:0.008001s ]

[ 2017-08-14T09:04:24+08:00 ] 127.0.0.1 /think/index.php/Home/ContactUs/ContactUs
INFO: [ app_init ] --START--
INFO: Run Behavior\BuildLiteBehavior [ RunTime:0.000000s ]
INFO: [ app_init ] --END-- [ RunTime:0.001000s ]
INFO: [ app_begin ] --START--
INFO: Run Behavior\ReadHtmlCacheBehavior [ RunTime:0.001000s ]
INFO: [ app_begin ] --END-- [ RunTime:0.001000s ]
SQL: SHOW COLUMNS FROM `homemeun` [ RunTime:0.0100s ]
SQL: SELECT * FROM `homemeun`  [ RunTime:0.0040s ]
SQL: SHOW COLUMNS FROM `contact` [ RunTime:0.0080s ]
SQL: SELECT * FROM `contact` WHERE ( `id`=1 ) LIMIT 1   [ RunTime:0.0020s ]
SQL: SHOW COLUMNS FROM `banner` [ RunTime:0.0170s ]
SQL: SELECT * FROM `banner` ORDER BY time DESC LIMIT 0,3   [ RunTime:0.0000s ]
INFO: [ view_parse ] --START--
INFO: [ template_filter ] --START--
INFO: Run Behavior\ContentReplaceBehavior [ RunTime:0.000000s ]
INFO: [ template_filter ] --END-- [ RunTime:0.000000s ]
NOTIC: [8] Use of undefined constant ContactUs - assumed 'ContactUs' E:\WWW\think\Application\Runtime\Cache\Home\62fa6408ec03f90d96c2cb3bc69370b3.php 第 125 行.
NOTIC: [8] Use of undefined constant ContactUs - assumed 'ContactUs' E:\WWW\think\Application\Runtime\Cache\Home\62fa6408ec03f90d96c2cb3bc69370b3.php 第 125 行.
NOTIC: [2] Division by zero E:\WWW\think\Application\Runtime\Cache\Home\62fa6408ec03f90d96c2cb3bc69370b3.php 第 125 行.
INFO: Run Behavior\ParseTemplateBehavior [ RunTime:0.013000s ]
INFO: [ view_parse ] --END-- [ RunTime:0.013000s ]
INFO: [ view_filter ] --START--
INFO: Run Behavior\WriteHtmlCacheBehavior [ RunTime:0.001000s ]
INFO: [ view_filter ] --END-- [ RunTime:0.001000s ]
INFO: [ app_end ] --START--
INFO: Run Behavior\ShowPageTraceBehavior [ RunTime:0.001000s ]
INFO: [ app_end ] --END-- [ RunTime:0.001000s ]

[ 2017-08-14T09:04:25+08:00 ] 127.0.0.1 /think/index.php/Home/MemberCenter/MemberCenter
INFO: [ app_init ] --START--
INFO: Run Behavior\BuildLiteBehavior [ RunTime:0.000000s ]
INFO: [ app_init ] --END-- [ RunTime:0.001000s ]
INFO: [ app_begin ] --START--
INFO: Run Behavior\ReadHtmlCacheBehavior [ RunTime:0.001000s ]
INFO: [ app_begin ] --END-- [ RunTime:0.001000s ]
SQL: SHOW COLUMNS FROM `homemeun` [ RunTime:0.0080s ]
SQL: SELECT * FROM `homemeun`  [ RunTime:0.0000s ]
SQL: SHOW COLUMNS FROM `sidebar` [ RunTime:0.0080s ]
SQL: SELECT * FROM `sidebar`  [ RunTime:0.0000s ]
SQL: SHOW COLUMNS FROM `product` [ RunTime:0.0090s ]
SQL: SELECT * FROM `product` ORDER BY id desc LIMIT 4   [ RunTime:0.0010s ]
INFO: [ view_parse ] --START--
INFO: [ template_filter ] --START--
INFO: Run Behavior\ContentReplaceBehavior [ RunTime:0.000000s ]
INFO: [ template_filter ] --END-- [ RunTime:0.001000s ]
INFO: Run Behavior\ParseTemplateBehavior [ RunTime:0.017001s ]
INFO: [ view_parse ] --END-- [ RunTime:0.018001s ]
INFO: [ view_filter ] --START--
INFO: Run Behavior\WriteHtmlCacheBehavior [ RunTime:0.000000s ]
INFO: [ view_filter ] --END-- [ RunTime:0.000000s ]
INFO: [ app_end ] --START--
INFO: Run Behavior\ShowPageTraceBehavior [ RunTime:0.004001s ]
INFO: [ app_end ] --END-- [ RunTime:0.005001s ]

[ 2017-08-14T09:04:34+08:00 ] 127.0.0.1 /think/index.php/Home/ContactUs/ContactUs
INFO: [ app_init ] --START--
INFO: Run Behavior\BuildLiteBehavior [ RunTime:0.000000s ]
INFO: [ app_init ] --END-- [ RunTime:0.000000s ]
INFO: [ app_begin ] --START--
INFO: Run Behavior\ReadHtmlCacheBehavior [ RunTime:0.002000s ]
INFO: [ app_begin ] --END-- [ RunTime:0.003000s ]
SQL: SHOW COLUMNS FROM `homemeun` [ RunTime:0.0110s ]
SQL: SELECT * FROM `homemeun`  [ RunTime:0.0000s ]
SQL: SHOW COLUMNS FROM `contact` [ RunTime:0.0110s ]
SQL: SELECT * FROM `contact` WHERE ( `id`=1 ) LIMIT 1   [ RunTime:0.0010s ]
SQL: SHOW COLUMNS FROM `banner` [ RunTime:0.0090s ]
SQL: SELECT * FROM `banner` ORDER BY time DESC LIMIT 0,3   [ RunTime:0.0000s ]
INFO: [ view_parse ] --START--
INFO: [ template_filter ] --START--
INFO: Run Behavior\ContentReplaceBehavior [ RunTime:0.000000s ]
INFO: [ template_filter ] --END-- [ RunTime:0.000000s ]
NOTIC: [8] Use of undefined constant ContactUs - assumed 'ContactUs' E:\WWW\think\Application\Runtime\Cache\Home\62fa6408ec03f90d96c2cb3bc69370b3.php 第 125 行.
NOTIC: [8] Use of undefined constant ContactUs - assumed 'ContactUs' E:\WWW\think\Application\Runtime\Cache\Home\62fa6408ec03f90d96c2cb3bc69370b3.php 第 125 行.
NOTIC: [2] Division by zero E:\WWW\think\Application\Runtime\Cache\Home\62fa6408ec03f90d96c2cb3bc69370b3.php 第 125 行.
INFO: Run Behavior\ParseTemplateBehavior [ RunTime:0.015000s ]
INFO: [ view_parse ] --END-- [ RunTime:0.016000s ]
INFO: [ view_filter ] --START--
INFO: Run Behavior\WriteHtmlCacheBehavior [ RunTime:0.000000s ]
INFO: [ view_filter ] --END-- [ RunTime:0.000000s ]
INFO: [ app_end ] --START--
INFO: Run Behavior\ShowPageTraceBehavior [ RunTime:0.001001s ]
INFO: [ app_end ] --END-- [ RunTime:0.001001s ]

[ 2017-08-14T09:04:43+08:00 ] 127.0.0.1 /think/
INFO: [ app_init ] --START--
INFO: Run Behavior\BuildLiteBehavior [ RunTime:0.000000s ]
INFO: [ app_init ] --END-- [ RunTime:0.003000s ]
INFO: [ app_begin ] --START--
INFO: Run Behavior\ReadHtmlCacheBehavior [ RunTime:0.002001s ]
INFO: [ app_begin ] --END-- [ RunTime:0.002001s ]
SQL: SHOW COLUMNS FROM `homemeun` [ RunTime:0.0080s ]
SQL: SELECT * FROM `homemeun`  [ RunTime:0.0080s ]
SQL: SHOW COLUMNS FROM `category` [ RunTime:0.0090s ]
SQL: SELECT * FROM `category` WHERE ( `id`=7 ) LIMIT 1   [ RunTime:0.0080s ]
SQL: SELECT * FROM `category` WHERE ( `id`=8 ) LIMIT 1   [ RunTime:0.0000s ]
SQL: SELECT * FROM `category` WHERE ( `id`=9 ) LIMIT 1   [ RunTime:0.0000s ]
SQL: SHOW COLUMNS FROM `product` [ RunTime:0.0150s ]
SQL: SELECT * FROM `product` WHERE ( `category`=7 ) ORDER BY time DESC LIMIT 1   [ RunTime:0.0020s ]
SQL: SELECT * FROM `product` WHERE ( `category`=8 ) ORDER BY time DESC LIMIT 1   [ RunTime:0.0010s ]
SQL: SELECT * FROM `product` WHERE ( `category`=9 ) ORDER BY time DESC LIMIT 1   [ RunTime:0.0010s ]
INFO: [ view_parse ] --START--
INFO: [ template_filter ] --START--
INFO: Run Behavior\ContentReplaceBehavior [ RunTime:0.000000s ]
INFO: [ template_filter ] --END-- [ RunTime:0.000000s ]
INFO: Run Behavior\ParseTemplateBehavior [ RunTime:0.016001s ]
INFO: [ view_parse ] --END-- [ RunTime:0.016001s ]
INFO: [ view_filter ] --START--
INFO: Run Behavior\WriteHtmlCacheBehavior [ RunTime:0.000000s ]
INFO: [ view_filter ] --END-- [ RunTime:0.000000s ]
INFO: [ app_end ] --START--
INFO: Run Behavior\ShowPageTraceBehavior [ RunTime:0.001000s ]
INFO: [ app_end ] --END-- [ RunTime:0.001000s ]

[ 2017-08-14T19:54:59+08:00 ] 127.0.0.1 /think/
INFO: [ app_init ] --START--
INFO: Run Behavior\BuildLiteBehavior [ RunTime:0.000000s ]
INFO: [ app_init ] --END-- [ RunTime:0.001000s ]
INFO: [ app_begin ] --START--
INFO: Run Behavior\ReadHtmlCacheBehavior [ RunTime:0.001000s ]
INFO: [ app_begin ] --END-- [ RunTime:0.001000s ]
SQL: SHOW COLUMNS FROM `homemeun` [ RunTime:0.0390s ]
SQL: SELECT * FROM `homemeun`  [ RunTime:0.0010s ]
SQL: SHOW COLUMNS FROM `category` [ RunTime:0.0110s ]
SQL: SELECT * FROM `category` WHERE ( `id`=7 ) LIMIT 1   [ RunTime:0.0010s ]
SQL: SELECT * FROM `category` WHERE ( `id`=8 ) LIMIT 1   [ RunTime:0.0010s ]
SQL: SELECT * FROM `category` WHERE ( `id`=9 ) LIMIT 1   [ RunTime:0.0000s ]
SQL: SHOW COLUMNS FROM `product` [ RunTime:0.0520s ]
SQL: SELECT * FROM `product` WHERE ( `category`=7 ) ORDER BY time DESC LIMIT 1   [ RunTime:0.0010s ]
SQL: SELECT * FROM `product` WHERE ( `category`=8 ) ORDER BY time DESC LIMIT 1   [ RunTime:0.0000s ]
SQL: SELECT * FROM `product` WHERE ( `category`=9 ) ORDER BY time DESC LIMIT 1   [ RunTime:0.0000s ]
INFO: [ view_parse ] --START--
INFO: [ template_filter ] --START--
INFO: Run Behavior\ContentReplaceBehavior [ RunTime:0.000000s ]
INFO: [ template_filter ] --END-- [ RunTime:0.000000s ]
INFO: Run Behavior\ParseTemplateBehavior [ RunTime:0.088005s ]
INFO: [ view_parse ] --END-- [ RunTime:0.089005s ]
INFO: [ view_filter ] --START--
INFO: Run Behavior\WriteHtmlCacheBehavior [ RunTime:0.000000s ]
INFO: [ view_filter ] --END-- [ RunTime:0.000000s ]
INFO: [ app_end ] --START--
INFO: Run Behavior\ShowPageTraceBehavior [ RunTime:0.002001s ]
INFO: [ app_end ] --END-- [ RunTime:0.002001s ]

[ 2017-08-14T19:55:16+08:00 ] 127.0.0.1 /think/
INFO: [ app_init ] --START--
INFO: Run Behavior\BuildLiteBehavior [ RunTime:0.000000s ]
INFO: [ app_init ] --END-- [ RunTime:0.001000s ]
INFO: [ app_begin ] --START--
INFO: Run Behavior\ReadHtmlCacheBehavior [ RunTime:0.001000s ]
INFO: [ app_begin ] --END-- [ RunTime:0.002000s ]
SQL: SHOW COLUMNS FROM `homemeun` [ RunTime:0.0240s ]
SQL: SELECT * FROM `homemeun`  [ RunTime:0.0000s ]
SQL: SHOW COLUMNS FROM `category` [ RunTime:0.0180s ]
SQL: SELECT * FROM `category` WHERE ( `id`=7 ) LIMIT 1   [ RunTime:0.0020s ]
SQL: SELECT * FROM `category` WHERE ( `id`=8 ) LIMIT 1   [ RunTime:0.0010s ]
SQL: SELECT * FROM `category` WHERE ( `id`=9 ) LIMIT 1   [ RunTime:0.0000s ]
SQL: SHOW COLUMNS FROM `product` [ RunTime:0.0150s ]
SQL: SELECT * FROM `product` WHERE ( `category`=7 ) ORDER BY time DESC LIMIT 1   [ RunTime:0.0010s ]
SQL: SELECT * FROM `product` WHERE ( `category`=8 ) ORDER BY time DESC LIMIT 1   [ RunTime:0.0010s ]
SQL: SELECT * FROM `product` WHERE ( `category`=9 ) ORDER BY time DESC LIMIT 1   [ RunTime:0.0000s ]
INFO: [ view_parse ] --START--
INFO: [ template_filter ] --START--
INFO: Run Behavior\ContentReplaceBehavior [ RunTime:0.000000s ]
INFO: [ template_filter ] --END-- [ RunTime:0.000000s ]
INFO: Run Behavior\ParseTemplateBehavior [ RunTime:0.021001s ]
INFO: [ view_parse ] --END-- [ RunTime:0.021001s ]
INFO: [ view_filter ] --START--
INFO: Run Behavior\WriteHtmlCacheBehavior [ RunTime:0.001000s ]
INFO: [ view_filter ] --END-- [ RunTime:0.001000s ]
INFO: [ app_end ] --START--
INFO: Run Behavior\ShowPageTraceBehavior [ RunTime:0.002000s ]
INFO: [ app_end ] --END-- [ RunTime:0.002000s ]

[ 2017-08-14T20:27:12+08:00 ] 127.0.0.1 /think/
INFO: [ app_init ] --START--
INFO: Run Behavior\BuildLiteBehavior [ RunTime:0.000000s ]
INFO: [ app_init ] --END-- [ RunTime:0.001000s ]
INFO: [ app_begin ] --START--
INFO: Run Behavior\ReadHtmlCacheBehavior [ RunTime:0.001000s ]
INFO: [ app_begin ] --END-- [ RunTime:0.001000s ]
SQL: SHOW COLUMNS FROM `homemeun` [ RunTime:0.0110s ]
SQL: SELECT * FROM `homemeun`  [ RunTime:0.0010s ]
SQL: SHOW COLUMNS FROM `category` [ RunTime:0.0140s ]
SQL: SELECT * FROM `category` WHERE ( `id`=7 ) LIMIT 1   [ RunTime:0.0000s ]
SQL: SELECT * FROM `category` WHERE ( `id`=8 ) LIMIT 1   [ RunTime:0.0000s ]
SQL: SELECT * FROM `category` WHERE ( `id`=9 ) LIMIT 1   [ RunTime:0.0010s ]
SQL: SHOW COLUMNS FROM `product` [ RunTime:0.0210s ]
SQL: SELECT * FROM `product` WHERE ( `category`=7 ) ORDER BY time DESC LIMIT 1   [ RunTime:0.0000s ]
SQL: SELECT * FROM `product` WHERE ( `category`=8 ) ORDER BY time DESC LIMIT 1   [ RunTime:0.0000s ]
SQL: SELECT * FROM `product` WHERE ( `category`=9 ) ORDER BY time DESC LIMIT 1   [ RunTime:0.0000s ]
INFO: [ view_parse ] --START--
INFO: [ template_filter ] --START--
INFO: Run Behavior\ContentReplaceBehavior [ RunTime:0.000000s ]
INFO: [ template_filter ] --END-- [ RunTime:0.000000s ]
INFO: Run Behavior\ParseTemplateBehavior [ RunTime:0.019001s ]
INFO: [ view_parse ] --END-- [ RunTime:0.019001s ]
INFO: [ view_filter ] --START--
INFO: Run Behavior\WriteHtmlCacheBehavior [ RunTime:0.000000s ]
INFO: [ view_filter ] --END-- [ RunTime:0.001001s ]
INFO: [ app_end ] --START--
INFO: Run Behavior\ShowPageTraceBehavior [ RunTime:0.001000s ]
INFO: [ app_end ] --END-- [ RunTime:0.001000s ]

[ 2017-08-14T20:31:28+08:00 ] 127.0.0.1 /think/
INFO: [ app_init ] --START--
INFO: Run Behavior\BuildLiteBehavior [ RunTime:0.000000s ]
INFO: [ app_init ] --END-- [ RunTime:0.001000s ]
INFO: [ app_begin ] --START--
INFO: Run Behavior\ReadHtmlCacheBehavior [ RunTime:0.001000s ]
INFO: [ app_begin ] --END-- [ RunTime:0.001000s ]
SQL: SHOW COLUMNS FROM `homemeun` [ RunTime:0.0160s ]
SQL: SELECT * FROM `homemeun`  [ RunTime:0.0010s ]
SQL: SHOW COLUMNS FROM `category` [ RunTime:0.0150s ]
SQL: SELECT * FROM `category` WHERE ( `id`=7 ) LIMIT 1   [ RunTime:0.0000s ]
SQL: SELECT * FROM `category` WHERE ( `id`=8 ) LIMIT 1   [ RunTime:0.0000s ]
SQL: SELECT * FROM `category` WHERE ( `id`=9 ) LIMIT 1   [ RunTime:0.0010s ]
SQL: SHOW COLUMNS FROM `product` [ RunTime:0.0140s ]
SQL: SELECT * FROM `product` WHERE ( `category`=7 ) ORDER BY time DESC LIMIT 1   [ RunTime:0.0010s ]
SQL: SELECT * FROM `product` WHERE ( `category`=8 ) ORDER BY time DESC LIMIT 1   [ RunTime:0.0010s ]
SQL: SELECT * FROM `product` WHERE ( `category`=9 ) ORDER BY time DESC LIMIT 1   [ RunTime:0.0010s ]
INFO: [ view_parse ] --START--
INFO: [ template_filter ] --START--
INFO: Run Behavior\ContentReplaceBehavior [ RunTime:0.001000s ]
INFO: [ template_filter ] --END-- [ RunTime:0.001000s ]
INFO: Run Behavior\ParseTemplateBehavior [ RunTime:0.017001s ]
INFO: [ view_parse ] --END-- [ RunTime:0.017001s ]
INFO: [ view_filter ] --START--
INFO: Run Behavior\WriteHtmlCacheBehavior [ RunTime:0.000000s ]
INFO: [ view_filter ] --END-- [ RunTime:0.000000s ]
INFO: [ app_end ] --START--
INFO: Run Behavior\ShowPageTraceBehavior [ RunTime:0.000000s ]
INFO: [ app_end ] --END-- [ RunTime:0.000000s ]

[ 2017-08-14T20:51:49+08:00 ] 127.0.0.1 /think/
INFO: [ app_init ] --START--
INFO: Run Behavior\BuildLiteBehavior [ RunTime:0.000000s ]
INFO: [ app_init ] --END-- [ RunTime:0.001000s ]
INFO: [ app_begin ] --START--
INFO: Run Behavior\ReadHtmlCacheBehavior [ RunTime:0.001000s ]
INFO: [ app_begin ] --END-- [ RunTime:0.001000s ]
SQL: SHOW COLUMNS FROM `homemeun` [ RunTime:0.0120s ]
SQL: SELECT * FROM `homemeun`  [ RunTime:0.0000s ]
SQL: SHOW COLUMNS FROM `category` [ RunTime:0.0130s ]
SQL: SELECT * FROM `category` WHERE ( `id`=7 ) LIMIT 1   [ RunTime:0.0000s ]
SQL: SELECT * FROM `category` WHERE ( `id`=8 ) LIMIT 1   [ RunTime:0.0000s ]
SQL: SELECT * FROM `category` WHERE ( `id`=9 ) LIMIT 1   [ RunTime:0.0000s ]
SQL: SHOW COLUMNS FROM `product` [ RunTime:0.0130s ]
SQL: SELECT * FROM `product` WHERE ( `category`=7 ) ORDER BY time DESC LIMIT 1   [ RunTime:0.0010s ]
SQL: SELECT * FROM `product` WHERE ( `category`=8 ) ORDER BY time DESC LIMIT 1   [ RunTime:0.0000s ]
SQL: SELECT * FROM `product` WHERE ( `category`=9 ) ORDER BY time DESC LIMIT 1   [ RunTime:0.0000s ]
INFO: [ view_parse ] --START--
INFO: [ template_filter ] --START--
INFO: Run Behavior\ContentReplaceBehavior [ RunTime:0.000000s ]
INFO: [ template_filter ] --END-- [ RunTime:0.000000s ]
INFO: Run Behavior\ParseTemplateBehavior [ RunTime:0.014001s ]
INFO: [ view_parse ] --END-- [ RunTime:0.014001s ]
INFO: [ view_filter ] --START--
INFO: Run Behavior\WriteHtmlCacheBehavior [ RunTime:0.001000s ]
INFO: [ view_filter ] --END-- [ RunTime:0.001000s ]
INFO: [ app_end ] --START--
INFO: Run Behavior\ShowPageTraceBehavior [ RunTime:0.001000s ]
INFO: [ app_end ] --END-- [ RunTime:0.001000s ]

[ 2017-08-14T20:53:16+08:00 ] 127.0.0.1 /think/
INFO: [ app_init ] --START--
INFO: Run Behavior\BuildLiteBehavior [ RunTime:0.000000s ]
INFO: [ app_init ] --END-- [ RunTime:0.001000s ]
INFO: [ app_begin ] --START--
INFO: Run Behavior\ReadHtmlCacheBehavior [ RunTime:0.001000s ]
INFO: [ app_begin ] --END-- [ RunTime:0.001000s ]
SQL: SHOW COLUMNS FROM `homemeun` [ RunTime:0.0130s ]
SQL: SELECT * FROM `homemeun`  [ RunTime:0.0000s ]
SQL: SHOW COLUMNS FROM `category` [ RunTime:0.0220s ]
SQL: SELECT * FROM `category` WHERE ( `id`=7 ) LIMIT 1   [ RunTime:0.0030s ]
SQL: SELECT * FROM `category` WHERE ( `id`=8 ) LIMIT 1   [ RunTime:0.0010s ]
SQL: SELECT * FROM `category` WHERE ( `id`=9 ) LIMIT 1   [ RunTime:0.0270s ]
SQL: SHOW COLUMNS FROM `product` [ RunTime:0.0260s ]
SQL: SELECT * FROM `product` WHERE ( `category`=7 ) ORDER BY time DESC LIMIT 1   [ RunTime:0.0060s ]
SQL: SELECT * FROM `product` WHERE ( `category`=8 ) ORDER BY time DESC LIMIT 1   [ RunTime:0.0010s ]
SQL: SELECT * FROM `product` WHERE ( `category`=9 ) ORDER BY time DESC LIMIT 1   [ RunTime:0.0010s ]
INFO: [ view_parse ] --START--
INFO: [ template_filter ] --START--
INFO: Run Behavior\ContentReplaceBehavior [ RunTime:0.000000s ]
INFO: [ template_filter ] --END-- [ RunTime:0.000000s ]
INFO: Run Behavior\ParseTemplateBehavior [ RunTime:0.017001s ]
INFO: [ view_parse ] --END-- [ RunTime:0.017001s ]
INFO: [ view_filter ] --START--
INFO: Run Behavior\WriteHtmlCacheBehavior [ RunTime:0.000000s ]
INFO: [ view_filter ] --END-- [ RunTime:0.000000s ]
INFO: [ app_end ] --START--
INFO: Run Behavior\ShowPageTraceBehavior [ RunTime:0.001000s ]
INFO: [ app_end ] --END-- [ RunTime:0.001000s ]

